Using pre-set license
Built from '2022.3/staging' branch; Version is '2022.3.22f1 (887be4894c44) revision 8944612'; Using compiler version '192829333'; Build Type 'Release'
OS: 'Windows 10  (10.0.19045) 64bit Professional' Language: 'ko' Physical Memory: 15660 MB
BatchMode: 1, IsHumanControllingUs: 0, StartBugReporterOnCrash: 0, Is64bit: 1, IsPro: 1

COMMAND LINE ARGUMENTS:
C:\Program Files\Unity\Hub\Editor\2022.3.22f1\Editor\Unity.exe
-adb2
-batchMode
-noUpm
-name
AssetImportWorker3
-projectPath
C:/Users/KGA/Desktop/Idol Project
-logFile
Logs/AssetImportWorker3.log
-srvPort
61529
Successfully changed project path to: C:/Users/KGA/Desktop/Idol Project
C:/Users/KGA/Desktop/Idol Project
[UnityMemory] Configuration Parameters - Can be set up in boot.config
    "memorysetup-bucket-allocator-granularity=16"
    "memorysetup-bucket-allocator-bucket-count=8"
    "memorysetup-bucket-allocator-block-size=33554432"
    "memorysetup-bucket-allocator-block-count=8"
    "memorysetup-main-allocator-block-size=16777216"
    "memorysetup-thread-allocator-block-size=16777216"
    "memorysetup-gfx-main-allocator-block-size=16777216"
    "memorysetup-gfx-thread-allocator-block-size=16777216"
    "memorysetup-cache-allocator-block-size=4194304"
    "memorysetup-typetree-allocator-block-size=2097152"
    "memorysetup-profiler-bucket-allocator-granularity=16"
    "memorysetup-profiler-bucket-allocator-bucket-count=8"
    "memorysetup-profiler-bucket-allocator-block-size=33554432"
    "memorysetup-profiler-bucket-allocator-block-count=8"
    "memorysetup-profiler-allocator-block-size=16777216"
    "memorysetup-profiler-editor-allocator-block-size=1048576"
    "memorysetup-temp-allocator-size-main=16777216"
    "memorysetup-job-temp-allocator-block-size=2097152"
    "memorysetup-job-temp-allocator-block-size-background=1048576"
    "memorysetup-job-temp-allocator-reduction-small-platforms=262144"
    "memorysetup-allocator-temp-initial-block-size-main=262144"
    "memorysetup-allocator-temp-initial-block-size-worker=262144"
    "memorysetup-temp-allocator-size-background-worker=32768"
    "memorysetup-temp-allocator-size-job-worker=262144"
    "memorysetup-temp-allocator-size-preload-manager=33554432"
    "memorysetup-temp-allocator-size-nav-mesh-worker=65536"
    "memorysetup-temp-allocator-size-audio-worker=65536"
    "memorysetup-temp-allocator-size-cloud-worker=32768"
    "memorysetup-temp-allocator-size-gi-baking-worker=262144"
    "memorysetup-temp-allocator-size-gfx=262144"
Player connection [14272] Host "[IP] 192.168.0.60 [Port] 0 [Flags] 2 [Guid] 1388164376 [EditorId] 1388164376 [Version] 1048832 [Id] WindowsEditor(7,DESKTOP-FF56GE6) [Debug] 1 [PackageName] WindowsEditor [ProjectName] Editor" joined multi-casting on [225.0.0.222:54997]...

Player connection [14272] Host "[IP] 192.168.0.60 [Port] 0 [Flags] 2 [Guid] 1388164376 [EditorId] 1388164376 [Version] 1048832 [Id] WindowsEditor(7,DESKTOP-FF56GE6) [Debug] 1 [PackageName] WindowsEditor [ProjectName] Editor" joined alternative multi-casting on [225.0.0.222:34997]...

[Physics::Module] Initialized MultithreadedJobDispatcher with 11 workers.
Refreshing native plugins compatible for Editor in 77.33 ms, found 4 plugins.
Preloading 0 native plugins for Editor in 0.00 ms.
Initialize engine version: 2022.3.22f1 (887be4894c44)
[Subsystems] Discovering subsystems at path C:/Program Files/Unity/Hub/Editor/2022.3.22f1/Editor/Data/Resources/UnitySubsystems
[Subsystems] Discovering subsystems at path C:/Users/KGA/Desktop/Idol Project/Assets
GfxDevice: creating device client; threaded=0; jobified=0
Direct3D:
    Version:  Direct3D 11.0 [level 11.1]
    Renderer: AMD Radeon(TM) Graphics (ID=0x1638)
    Vendor:   ATI
    VRAM:     7830 MB
    Driver:   31.0.12042.4
Initialize mono
Mono path[0] = 'C:/Program Files/Unity/Hub/Editor/2022.3.22f1/Editor/Data/Managed'
Mono path[1] = 'C:/Program Files/Unity/Hub/Editor/2022.3.22f1/Editor/Data/MonoBleedingEdge/lib/mono/unityjit-win32'
Mono config path = 'C:/Program Files/Unity/Hub/Editor/2022.3.22f1/Editor/Data/MonoBleedingEdge/etc'
Using monoOptions --debugger-agent=transport=dt_socket,embedding=1,server=y,suspend=n,address=127.0.0.1:56904
Begin MonoManager ReloadAssembly
Registering precompiled unity dll's ...
Register platform support module: C:/Program Files/Unity/Hub/Editor/2022.3.22f1/Editor/Data/PlaybackEngines/WindowsStandaloneSupport/UnityEditor.WindowsStandalone.Extensions.dll
Registered in 0.006732 seconds.
- Loaded All Assemblies, in  0.730 seconds
Native extension for WindowsStandalone target not found
Mono: successfully reloaded assembly
- Finished resetting the current domain, in  0.238 seconds
Domain Reload Profiling: 968ms
	BeginReloadAssembly (87ms)
		ExecutionOrderSort (0ms)
		DisableScriptedObjects (0ms)
		BackupInstance (0ms)
		ReleaseScriptingObjects (0ms)
		CreateAndSetChildDomain (1ms)
	RebuildCommonClasses (178ms)
	RebuildNativeTypeToScriptingClass (9ms)
	initialDomainReloadingComplete (49ms)
	LoadAllAssembliesAndSetupDomain (406ms)
		LoadAssemblies (85ms)
		RebuildTransferFunctionScriptingTraits (0ms)
		AnalyzeDomain (405ms)
			TypeCache.Refresh (403ms)
				TypeCache.ScanAssembly (393ms)
			ScanForSourceGeneratedMonoScriptInfo (0ms)
			ResolveRequiredComponents (0ms)
	FinalizeReload (239ms)
		ReleaseScriptCaches (0ms)
		RebuildScriptCaches (0ms)
		SetupLoadedEditorAssemblies (190ms)
			LogAssemblyErrors (0ms)
			InitializePlatformSupportModulesInManaged (9ms)
			SetLoadedEditorAssemblies (7ms)
			RefreshPlugins (0ms)
			BeforeProcessingInitializeOnLoad (2ms)
			ProcessInitializeOnLoadAttributes (128ms)
			ProcessInitializeOnLoadMethodAttributes (44ms)
			AfterProcessingInitializeOnLoad (0ms)
			EditorAssembliesLoaded (0ms)
		ExecutionOrderSort2 (0ms)
		AwakeInstancesAfterBackupRestoration (0ms)
========================================================================
Worker process is ready to serve import requests
Begin MonoManager ReloadAssembly
- Loaded All Assemblies, in  0.639 seconds
Refreshing native plugins compatible for Editor in 3.36 ms, found 4 plugins.
Native extension for WindowsStandalone target not found
Package Manager log level set to [2]
[Package Manager] Server::EnsureServerProcessIsRunning -- launch failed, reason: Unity was launched with the -noUpm command-line argument
[Package Manager] UpmClient::Send -- Unable to send message (not connected to UPM process).
[Package Manager] Cannot connect to Unity Package Manager local server
Mono: successfully reloaded assembly
- Finished resetting the current domain, in  0.973 seconds
Domain Reload Profiling: 1610ms
	BeginReloadAssembly (129ms)
		ExecutionOrderSort (0ms)
		DisableScriptedObjects (5ms)
		BackupInstance (0ms)
		ReleaseScriptingObjects (0ms)
		CreateAndSetChildDomain (22ms)
	RebuildCommonClasses (29ms)
	RebuildNativeTypeToScriptingClass (8ms)
	initialDomainReloadingComplete (35ms)
	LoadAllAssembliesAndSetupDomain (435ms)
		LoadAssemblies (290ms)
		RebuildTransferFunctionScriptingTraits (0ms)
		AnalyzeDomain (218ms)
			TypeCache.Refresh (195ms)
				TypeCache.ScanAssembly (138ms)
			ScanForSourceGeneratedMonoScriptInfo (16ms)
			ResolveRequiredComponents (5ms)
	FinalizeReload (973ms)
		ReleaseScriptCaches (0ms)
		RebuildScriptCaches (0ms)
		SetupLoadedEditorAssemblies (819ms)
			LogAssemblyErrors (0ms)
			InitializePlatformSupportModulesInManaged (6ms)
			SetLoadedEditorAssemblies (5ms)
			RefreshPlugins (0ms)
			BeforeProcessingInitializeOnLoad (103ms)
			ProcessInitializeOnLoadAttributes (670ms)
			ProcessInitializeOnLoadMethodAttributes (27ms)
			AfterProcessingInitializeOnLoad (8ms)
			EditorAssembliesLoaded (0ms)
		ExecutionOrderSort2 (0ms)
		AwakeInstancesAfterBackupRestoration (6ms)
Launched and connected shader compiler UnityShaderCompiler.exe after 0.09 seconds
Refreshing native plugins compatible for Editor in 3.31 ms, found 4 plugins.
Preloading 0 native plugins for Editor in 0.00 ms.
Unloading 4216 Unused Serialized files (Serialized files now loaded: 0)
Unloading 83 unused Assets / (271.9 KB). Loaded Objects now: 4648.
Memory consumption went from 169.4 MB to 169.2 MB.
Total: 3.676200 ms (FindLiveObjects: 0.311200 ms CreateObjectMapping: 0.273700 ms MarkObjects: 2.781900 ms  DeleteObjects: 0.308100 ms)

AssetImportParameters requested are different than current active one (requested -> active):
  custom:container-demuxer-ogg: 62fdf1f143b41e24485cea50d1cbac27 -> 
  custom:video-decoder-ogg-theora: a1e56fd34408186e4bbccfd4996cb3dc -> 
  custom:framework-win-MediaFoundation: 216162199b28c13a410421893ffa2e32 -> 
  custom:CustomObjectIndexerAttribute: 9a22284fe3817be447336de3de66b15e -> 
  custom:container-demuxer-webm: 4f35f7cbe854078d1ac9338744f61a02 -> 
  custom:container-muxer-webm: aa71ff27fc2769a1b78a27578f13a17b -> 
  custom:video-decoder-webm-vp8: 9c59270c3fd7afecdb556c50c9e8de78 -> 
  custom:scripting/monoscript/fileName/VideoControl.cs: 5e1a9762ac1e98c9c4461949ed36b9e7 -> 
  custom:SearchIndexIgnoredProperties: e643bd26f0fe6173181afceb89e7c659 -> 
  custom:AudioImporter_EditorPlatform: d09bf68614088b80899f8185d706f6e7 -> 
  custom:video-encoder-webm-vp8: eb34c28f22e8b96e1ab97ce403110664 -> 
  custom:audio-decoder-ogg-vorbis: bf7c407c2cedff20999df2af8eb42d56 -> 
  custom:audio-encoder-webm-vorbis: bf7c407c2cedff20999df2af8eb42d56 -> 
========================================================================
Received Import Request.
  Time since last request: 265050.993904 seconds.
  path: Assets/Animator/Kevin Iglesias/Basic Motions/Animations/Misc/BasicMotions@SitGround01.fbx
  artifactKey: Guid(abe666b672568124c85e211c5f239089) Importer(815301076,1909f56bfc062723c751e8b465ee728b)
Start importing Assets/Animator/Kevin Iglesias/Basic Motions/Animations/Misc/BasicMotions@SitGround01.fbx using Guid(abe666b672568124c85e211c5f239089) Importer(815301076,1909f56bfc062723c751e8b465ee728b)  -> (artifact id: 'fdf3105e2a8332abd0305854b296fd8b') in 0.029428 seconds
Number of updated asset objects reloaded before import = 0
Number of asset objects unloaded after import = 146
========================================================================
Received Import Request.
  Time since last request: 181.101544 seconds.
  path: Assets/Animator/Kevin Iglesias/Basic Motions/AvatarMasks/BasicMotions@ClosedLeftHand [Hands].fbx
  artifactKey: Guid(d045672a75051324193e20706d26cb28) Importer(815301076,1909f56bfc062723c751e8b465ee728b)
Start importing Assets/Animator/Kevin Iglesias/Basic Motions/AvatarMasks/BasicMotions@ClosedLeftHand [Hands].fbx using Guid(d045672a75051324193e20706d26cb28) Importer(815301076,1909f56bfc062723c751e8b465ee728b)  -> (artifact id: 'f6ab488c24d8252f23c3d10f5bc484e5') in 0.002882 seconds
Number of updated asset objects reloaded before import = 0
Number of asset objects unloaded after import = 131
========================================================================
Received Import Request.
  Time since last request: 0.000020 seconds.
  path: Assets/Animator/Kevin Iglesias/Basic Motions/AvatarMasks/BasicMotionsBothHandFingersMask.mask
  artifactKey: Guid(2a8a5229de8d66242bba41b9113b1aa8) Importer(815301076,1909f56bfc062723c751e8b465ee728b)
Start importing Assets/Animator/Kevin Iglesias/Basic Motions/AvatarMasks/BasicMotionsBothHandFingersMask.mask using Guid(2a8a5229de8d66242bba41b9113b1aa8) Importer(815301076,1909f56bfc062723c751e8b465ee728b)  -> (artifact id: 'abfd81c8ccd108a78525828ee737967e') in 0.000795 seconds
Number of updated asset objects reloaded before import = 0
Number of asset objects unloaded after import = 1
========================================================================
Received Import Request.
  Time since last request: 0.000023 seconds.
  path: Assets/Animator/Kevin Iglesias/Basic Motions/AvatarMasks/BasicMotionsLeftHandFingersMask.mask
  artifactKey: Guid(599830cd02d06a140a2d89347673720b) Importer(815301076,1909f56bfc062723c751e8b465ee728b)
Start importing Assets/Animator/Kevin Iglesias/Basic Motions/AvatarMasks/BasicMotionsLeftHandFingersMask.mask using Guid(599830cd02d06a140a2d89347673720b) Importer(815301076,1909f56bfc062723c751e8b465ee728b)  -> (artifact id: '46b3a2540ac543745c1494f612fa49c1') in 0.001006 seconds
Number of updated asset objects reloaded before import = 0
Number of asset objects unloaded after import = 1
========================================================================
Received Import Request.
  Time since last request: 4.086633 seconds.
  path: Assets/Animator/Kevin Iglesias/Basic Motions/Animations/Movement/BasicMotions@Jump01.fbx
  artifactKey: Guid(067cc188e25b78b4a940a9fa67cd6ee7) Importer(815301076,1909f56bfc062723c751e8b465ee728b)
Start importing Assets/Animator/Kevin Iglesias/Basic Motions/Animations/Movement/BasicMotions@Jump01.fbx using Guid(067cc188e25b78b4a940a9fa67cd6ee7) Importer(815301076,1909f56bfc062723c751e8b465ee728b)  -> (artifact id: '40ea6377e6d9407864731441c3dcd060') in 0.004542 seconds
Number of updated asset objects reloaded before import = 0
Number of asset objects unloaded after import = 144
========================================================================
Received Import Request.
  Time since last request: 0.001658 seconds.
  path: Assets/Animator/Kevin Iglesias/Basic Motions/Animations/Movement/BasicMotions@Run01 [RM].fbx
  artifactKey: Guid(154a724602422044c91070a5f3c67c11) Importer(815301076,1909f56bfc062723c751e8b465ee728b)
Start importing Assets/Animator/Kevin Iglesias/Basic Motions/Animations/Movement/BasicMotions@Run01 [RM].fbx using Guid(154a724602422044c91070a5f3c67c11) Importer(815301076,1909f56bfc062723c751e8b465ee728b)  -> (artifact id: '23749f224d7de5f252bb17b75731b495') in 0.006470 seconds
Number of updated asset objects reloaded before import = 0
Number of asset objects unloaded after import = 148
========================================================================
Received Import Request.
  Time since last request: 0.000012 seconds.
  path: Assets/Animator/Kevin Iglesias/Basic Motions/Animations/Movement/BasicMotions@SkidStop01.fbx
  artifactKey: Guid(a57ac3f83414fb440b6c52cb6be60350) Importer(815301076,1909f56bfc062723c751e8b465ee728b)
Start importing Assets/Animator/Kevin Iglesias/Basic Motions/Animations/Movement/BasicMotions@SkidStop01.fbx using Guid(a57ac3f83414fb440b6c52cb6be60350) Importer(815301076,1909f56bfc062723c751e8b465ee728b)  -> (artifact id: 'cfcac650978b6fd873b4758f38f0206c') in 0.006280 seconds
Number of updated asset objects reloaded before import = 0
Number of asset objects unloaded after import = 144
========================================================================
Received Import Request.
  Time since last request: 0.000014 seconds.
  path: Assets/Animator/Kevin Iglesias/Basic Motions/Animations/Movement/BasicMotions@Strafe01.fbx
  artifactKey: Guid(746837b598388314184f258020b9d9e3) Importer(815301076,1909f56bfc062723c751e8b465ee728b)
Start importing Assets/Animator/Kevin Iglesias/Basic Motions/Animations/Movement/BasicMotions@Strafe01.fbx using Guid(746837b598388314184f258020b9d9e3) Importer(815301076,1909f56bfc062723c751e8b465ee728b)  -> (artifact id: '9df8c45a7d77306b9d2cbbac95f0c9bb') in 0.005139 seconds
Number of updated asset objects reloaded before import = 0
Number of asset objects unloaded after import = 144
========================================================================
Received Import Request.
  Time since last request: 0.000015 seconds.
  path: Assets/Animator/Kevin Iglesias/Basic Motions/Animations/Movement/BasicMotions@ShuffleLeft.fbx
  artifactKey: Guid(4f491ced9b9030541bdec4fd4ce50f6d) Importer(815301076,1909f56bfc062723c751e8b465ee728b)
Start importing Assets/Animator/Kevin Iglesias/Basic Motions/Animations/Movement/BasicMotions@ShuffleLeft.fbx using Guid(4f491ced9b9030541bdec4fd4ce50f6d) Importer(815301076,1909f56bfc062723c751e8b465ee728b)  -> (artifact id: 'f006781f494b1a9be1986058279da97e') in 0.005172 seconds
Number of updated asset objects reloaded before import = 0
Number of asset objects unloaded after import = 142
========================================================================
Received Import Request.
  Time since last request: 0.000027 seconds.
  path: Assets/Animator/Kevin Iglesias/Basic Motions/Animations/Movement/BasicMotions@TurnAround01.fbx
  artifactKey: Guid(1b96346a2d0fa0641ad873a6274c5fc7) Importer(815301076,1909f56bfc062723c751e8b465ee728b)
Start importing Assets/Animator/Kevin Iglesias/Basic Motions/Animations/Movement/BasicMotions@TurnAround01.fbx using Guid(1b96346a2d0fa0641ad873a6274c5fc7) Importer(815301076,1909f56bfc062723c751e8b465ee728b)  -> (artifact id: '5c32161f40d7a80c5bc11d5b1a628a11') in 0.004822 seconds
Number of updated asset objects reloaded before import = 0
Number of asset objects unloaded after import = 142
========================================================================
Received Import Request.
  Time since last request: 0.000017 seconds.
  path: Assets/Animator/Kevin Iglesias/Basic Motions/Animations/Movement/BasicMotions@TurnAround02.fbx
  artifactKey: Guid(c769a1a040b82cb44a5205f41824bd70) Importer(815301076,1909f56bfc062723c751e8b465ee728b)
Start importing Assets/Animator/Kevin Iglesias/Basic Motions/Animations/Movement/BasicMotions@TurnAround02.fbx using Guid(c769a1a040b82cb44a5205f41824bd70) Importer(815301076,1909f56bfc062723c751e8b465ee728b)  -> (artifact id: 'efb9fc744810814b7119e47d87165e4a') in 0.004507 seconds
Number of updated asset objects reloaded before import = 0
Number of asset objects unloaded after import = 142
========================================================================
Received Import Request.
  Time since last request: 0.000013 seconds.
  path: Assets/Animator/Kevin Iglesias/Basic Motions/Animations/Movement/BasicMotions@Sprint01 [RM].fbx
  artifactKey: Guid(7eebd174ff53112419b27f9d903573d7) Importer(815301076,1909f56bfc062723c751e8b465ee728b)
Start importing Assets/Animator/Kevin Iglesias/Basic Motions/Animations/Movement/BasicMotions@Sprint01 [RM].fbx using Guid(7eebd174ff53112419b27f9d903573d7) Importer(815301076,1909f56bfc062723c751e8b465ee728b)  -> (artifact id: 'd0c8cb06f9438367de0a75e741e52293') in 0.007462 seconds
Number of updated asset objects reloaded before import = 0
Number of asset objects unloaded after import = 145
========================================================================
Received Import Request.
  Time since last request: 0.000013 seconds.
  path: Assets/Animator/Kevin Iglesias/Basic Motions/Animations/Movement/BasicMotions@Turn01.fbx
  artifactKey: Guid(f45b1f4a3a1a56a4abdf6cebc25d939c) Importer(815301076,1909f56bfc062723c751e8b465ee728b)
Start importing Assets/Animator/Kevin Iglesias/Basic Motions/Animations/Movement/BasicMotions@Turn01.fbx using Guid(f45b1f4a3a1a56a4abdf6cebc25d939c) Importer(815301076,1909f56bfc062723c751e8b465ee728b)  -> (artifact id: 'e743975c0bcaa2d71de782e7942d42bb') in 0.004142 seconds
Number of updated asset objects reloaded before import = 0
Number of asset objects unloaded after import = 142
========================================================================
Received Import Request.
  Time since last request: 0.000014 seconds.
  path: Assets/Animator/Kevin Iglesias/Basic Motions/Animations/Movement/BasicMotions@Run01.fbx
  artifactKey: Guid(46d5b47e60163f148ada32ff97c7aa32) Importer(815301076,1909f56bfc062723c751e8b465ee728b)
Start importing Assets/Animator/Kevin Iglesias/Basic Motions/Animations/Movement/BasicMotions@Run01.fbx using Guid(46d5b47e60163f148ada32ff97c7aa32) Importer(815301076,1909f56bfc062723c751e8b465ee728b)  -> (artifact id: '166b6d4a9add6528cc2fbce5d9516ffe') in 0.006483 seconds
Number of updated asset objects reloaded before import = 0
Number of asset objects unloaded after import = 148
Editor requested this worker to shutdown with reason: Scaling down because of idle timeout
TcpMessagingSession - receive error: operation aborted. errorcode: 995, details: 스레드 종료 또는 응용 프로그램 요청 때문에 I/O 작업이 취소되었습니다.
AssetImportWorker is now disconnected from the server
Process exiting
Exiting without the bug reporter. Application will terminate with return code 0