Using pre-set license
Built from '2022.3/staging' branch; Version is '2022.3.22f1 (887be4894c44) revision 8944612'; Using compiler version '192829333'; Build Type 'Release'
OS: 'Windows 10  (10.0.19045) 64bit Professional' Language: 'ko' Physical Memory: 15660 MB
BatchMode: 1, IsHumanControllingUs: 0, StartBugReporterOnCrash: 0, Is64bit: 1, IsPro: 1

COMMAND LINE ARGUMENTS:
C:\Program Files\Unity\Hub\Editor\2022.3.22f1\Editor\Unity.exe
-adb2
-batchMode
-noUpm
-name
AssetImportWorker3
-projectPath
C:/Users/KGA/Desktop/Idol Project
-logFile
Logs/AssetImportWorker3.log
-srvPort
53138
Successfully changed project path to: C:/Users/KGA/Desktop/Idol Project
C:/Users/KGA/Desktop/Idol Project
[UnityMemory] Configuration Parameters - Can be set up in boot.config
    "memorysetup-bucket-allocator-granularity=16"
    "memorysetup-bucket-allocator-bucket-count=8"
    "memorysetup-bucket-allocator-block-size=33554432"
    "memorysetup-bucket-allocator-block-count=8"
    "memorysetup-main-allocator-block-size=16777216"
    "memorysetup-thread-allocator-block-size=16777216"
    "memorysetup-gfx-main-allocator-block-size=16777216"
    "memorysetup-gfx-thread-allocator-block-size=16777216"
    "memorysetup-cache-allocator-block-size=4194304"
    "memorysetup-typetree-allocator-block-size=2097152"
    "memorysetup-profiler-bucket-allocator-granularity=16"
    "memorysetup-profiler-bucket-allocator-bucket-count=8"
    "memorysetup-profiler-bucket-allocator-block-size=33554432"
    "memorysetup-profiler-bucket-allocator-block-count=8"
    "memorysetup-profiler-allocator-block-size=16777216"
    "memorysetup-profiler-editor-allocator-block-size=1048576"
    "memorysetup-temp-allocator-size-main=16777216"
    "memorysetup-job-temp-allocator-block-size=2097152"
    "memorysetup-job-temp-allocator-block-size-background=1048576"
    "memorysetup-job-temp-allocator-reduction-small-platforms=262144"
    "memorysetup-allocator-temp-initial-block-size-main=262144"
    "memorysetup-allocator-temp-initial-block-size-worker=262144"
    "memorysetup-temp-allocator-size-background-worker=32768"
    "memorysetup-temp-allocator-size-job-worker=262144"
    "memorysetup-temp-allocator-size-preload-manager=33554432"
    "memorysetup-temp-allocator-size-nav-mesh-worker=65536"
    "memorysetup-temp-allocator-size-audio-worker=65536"
    "memorysetup-temp-allocator-size-cloud-worker=32768"
    "memorysetup-temp-allocator-size-gi-baking-worker=262144"
    "memorysetup-temp-allocator-size-gfx=262144"
Player connection [14424] Host "[IP] 192.168.0.60 [Port] 0 [Flags] 2 [Guid] 2162740142 [EditorId] 2162740142 [Version] 1048832 [Id] WindowsEditor(7,DESKTOP-FF56GE6) [Debug] 1 [PackageName] WindowsEditor [ProjectName] Editor" joined multi-casting on [225.0.0.222:54997]...

Player connection [14424] Host "[IP] 192.168.0.60 [Port] 0 [Flags] 2 [Guid] 2162740142 [EditorId] 2162740142 [Version] 1048832 [Id] WindowsEditor(7,DESKTOP-FF56GE6) [Debug] 1 [PackageName] WindowsEditor [ProjectName] Editor" joined alternative multi-casting on [225.0.0.222:34997]...

[Physics::Module] Initialized MultithreadedJobDispatcher with 11 workers.
Refreshing native plugins compatible for Editor in 7.37 ms, found 3 plugins.
Preloading 0 native plugins for Editor in 0.00 ms.
Initialize engine version: 2022.3.22f1 (887be4894c44)
[Subsystems] Discovering subsystems at path C:/Program Files/Unity/Hub/Editor/2022.3.22f1/Editor/Data/Resources/UnitySubsystems
[Subsystems] Discovering subsystems at path C:/Users/KGA/Desktop/Idol Project/Assets
GfxDevice: creating device client; threaded=0; jobified=0
Direct3D:
    Version:  Direct3D 11.0 [level 11.1]
    Renderer: AMD Radeon(TM) Graphics (ID=0x1638)
    Vendor:   ATI
    VRAM:     7830 MB
    Driver:   31.0.12042.4
Initialize mono
Mono path[0] = 'C:/Program Files/Unity/Hub/Editor/2022.3.22f1/Editor/Data/Managed'
Mono path[1] = 'C:/Program Files/Unity/Hub/Editor/2022.3.22f1/Editor/Data/MonoBleedingEdge/lib/mono/unityjit-win32'
Mono config path = 'C:/Program Files/Unity/Hub/Editor/2022.3.22f1/Editor/Data/MonoBleedingEdge/etc'
Using monoOptions --debugger-agent=transport=dt_socket,embedding=1,server=y,suspend=n,address=127.0.0.1:56184
Begin MonoManager ReloadAssembly
Registering precompiled unity dll's ...
Register platform support module: C:/Program Files/Unity/Hub/Editor/2022.3.22f1/Editor/Data/PlaybackEngines/WindowsStandaloneSupport/UnityEditor.WindowsStandalone.Extensions.dll
Registered in 0.007043 seconds.
- Loaded All Assemblies, in  0.310 seconds
Native extension for WindowsStandalone target not found
Mono: successfully reloaded assembly
- Finished resetting the current domain, in  0.242 seconds
Domain Reload Profiling: 551ms
	BeginReloadAssembly (115ms)
		ExecutionOrderSort (0ms)
		DisableScriptedObjects (0ms)
		BackupInstance (0ms)
		ReleaseScriptingObjects (0ms)
		CreateAndSetChildDomain (1ms)
	RebuildCommonClasses (29ms)
	RebuildNativeTypeToScriptingClass (9ms)
	initialDomainReloadingComplete (51ms)
	LoadAllAssembliesAndSetupDomain (105ms)
		LoadAssemblies (113ms)
		RebuildTransferFunctionScriptingTraits (0ms)
		AnalyzeDomain (103ms)
			TypeCache.Refresh (102ms)
				TypeCache.ScanAssembly (91ms)
			ScanForSourceGeneratedMonoScriptInfo (0ms)
			ResolveRequiredComponents (0ms)
	FinalizeReload (242ms)
		ReleaseScriptCaches (0ms)
		RebuildScriptCaches (0ms)
		SetupLoadedEditorAssemblies (191ms)
			LogAssemblyErrors (0ms)
			InitializePlatformSupportModulesInManaged (9ms)
			SetLoadedEditorAssemblies (7ms)
			RefreshPlugins (0ms)
			BeforeProcessingInitializeOnLoad (2ms)
			ProcessInitializeOnLoadAttributes (132ms)
			ProcessInitializeOnLoadMethodAttributes (41ms)
			AfterProcessingInitializeOnLoad (0ms)
			EditorAssembliesLoaded (0ms)
		ExecutionOrderSort2 (0ms)
		AwakeInstancesAfterBackupRestoration (0ms)
========================================================================
Worker process is ready to serve import requests
Begin MonoManager ReloadAssembly
- Loaded All Assemblies, in  0.552 seconds
Refreshing native plugins compatible for Editor in 2.47 ms, found 3 plugins.
Native extension for WindowsStandalone target not found
Package Manager log level set to [2]
[Package Manager] Server::EnsureServerProcessIsRunning -- launch failed, reason: Unity was launched with the -noUpm command-line argument
[Package Manager] UpmClient::Send -- Unable to send message (not connected to UPM process).
[Package Manager] Cannot connect to Unity Package Manager local server
Mono: successfully reloaded assembly
- Finished resetting the current domain, in  0.566 seconds
Domain Reload Profiling: 1116ms
	BeginReloadAssembly (128ms)
		ExecutionOrderSort (0ms)
		DisableScriptedObjects (5ms)
		BackupInstance (0ms)
		ReleaseScriptingObjects (0ms)
		CreateAndSetChildDomain (21ms)
	RebuildCommonClasses (27ms)
	RebuildNativeTypeToScriptingClass (8ms)
	initialDomainReloadingComplete (34ms)
	LoadAllAssembliesAndSetupDomain (353ms)
		LoadAssemblies (289ms)
		RebuildTransferFunctionScriptingTraits (0ms)
		AnalyzeDomain (136ms)
			TypeCache.Refresh (119ms)
				TypeCache.ScanAssembly (108ms)
			ScanForSourceGeneratedMonoScriptInfo (12ms)
			ResolveRequiredComponents (4ms)
	FinalizeReload (566ms)
		ReleaseScriptCaches (0ms)
		RebuildScriptCaches (0ms)
		SetupLoadedEditorAssemblies (438ms)
			LogAssemblyErrors (0ms)
			InitializePlatformSupportModulesInManaged (6ms)
			SetLoadedEditorAssemblies (5ms)
			RefreshPlugins (0ms)
			BeforeProcessingInitializeOnLoad (76ms)
			ProcessInitializeOnLoadAttributes (322ms)
			ProcessInitializeOnLoadMethodAttributes (21ms)
			AfterProcessingInitializeOnLoad (8ms)
			EditorAssembliesLoaded (0ms)
		ExecutionOrderSort2 (0ms)
		AwakeInstancesAfterBackupRestoration (6ms)
Launched and connected shader compiler UnityShaderCompiler.exe after 0.04 seconds
Refreshing native plugins compatible for Editor in 2.69 ms, found 3 plugins.
Preloading 0 native plugins for Editor in 0.00 ms.
Unloading 3093 Unused Serialized files (Serialized files now loaded: 0)
Unloading 32 unused Assets / (57.4 KB). Loaded Objects now: 3554.
Memory consumption went from 130.1 MB to 130.0 MB.
Total: 2.644300 ms (FindLiveObjects: 0.205700 ms CreateObjectMapping: 0.140600 ms MarkObjects: 2.202100 ms  DeleteObjects: 0.095000 ms)

AssetImportParameters requested are different than current active one (requested -> active):
  custom:scripting/monoscript/fileName/TMP_FontFeatureTable.cs: 5ff9812058e8c02a5b04eaa88778f2a5 -> cbd25d300d7ed4d969d60cb9f98f2826
  custom:scripting/monoscript/fileName/TMP_SDFShaderGUI.cs: 082588c068c6e819b94cdf417f8b7551 -> 1460619486eb6e8da302e26af5538aaa
  custom:scripting/monoscript/fileName/TMP_SubMeshUI.cs: 7a6337f74438df5e26b302bbbbc41105 -> 748262c65738bc5e1c553ae7a37a0c73
  custom:scripting/monoscript/fileName/TMPro_ContextMenus.cs: fbbbcbf9b4eb950e9aeda2d70529152c -> 06b3d4b27f337b8d846ca7117f3251e1
  custom:scripting/monoscript/fileName/TMPro_FontAssetCreatorWindow.cs: 9d68c1aab1c646cdf3e70083dc01df96 -> 0d0900483ed9b57d4ccc2ff58d1220b3
  custom:scripting/monoscript/fileName/TMP_EditorResourceManager.cs: 30391129c5b96f298e44c099ae0fab57 -> f56b80268a934198a76acc6f4cef503c
  custom:scripting/monoscript/fileName/TMP_InputFieldEditor.cs: 8f2095c37e5fd5ed563d60163f0c2e52 -> a6f05406e9cdb59679382b884c14216a
  custom:container-demuxer-ogg: 62fdf1f143b41e24485cea50d1cbac27 -> 
  custom:scripting/monoscript/fileName/TMP_TextParsingUtilities.cs: 47331f425db7fa5c443a11c866530503 -> 8b3fe20641ae0dd97405135955c706a3
  custom:scripting/monoscript/fileName/TMP_EditorCoroutine.cs: 01d80099920d11c11bfa87417e26164b -> 04cbf5ce6e541d98265aa7668ef82832
  custom:scripting/monoscript/fileName/TMP_StyleSheetEditor.cs: b6503d890746d6150e0f267f43ce60e4 -> 38b210a450ac855df2d81ab0242c2feb
  custom:scripting/monoscript/fileName/TMPro_Private.cs: 8f6297df34271fdb1ce2d9607ec6261d -> 90647cc400823b41df847a6cbfc29026
  custom:scripting/monoscript/fileName/TMP_MeshInfo.cs: 375ed9fada55d6bf39f9352ef1dd520b -> 89833651f7d905e51b340ec2afe531d1
  custom:scripting/monoscript/fileName/TMP_SpriteCharacter.cs: fe232bb280dddc880a01918d3502c13a -> 81dc73ff0878d6528202f8be44877b26
  custom:scripting/monoscript/fileName/TMP_ShaderUtilities.cs: 75ec062faab558cb3190dcd3e4820547 -> 84a261643983e306d02445da38ed662f
  custom:video-decoder-ogg-theora: a1e56fd34408186e4bbccfd4996cb3dc -> 
  custom:scripting/monoscript/fileName/TMP_UpdateManager.cs: 2b12c9b6d4082e0390a306eceed60fc6 -> fa7e71df671c5b3088b39753e4bbc70d
  custom:scripting/monoscript/fileName/TMP_EditorUtility.cs: f68b71b7543cddf9e4cdf261d5f519e5 -> b242106620cbbc38f0411146a086b885
  custom:scripting/monoscript/fileName/TMP_SpriteGlyphPropertyDrawer.cs: 4a6f1515709a40d92e24c84ec92fc53a -> 1447c7afab82cf56bc359d5c7fba114e
  custom:scripting/monoscript/fileName/TMP_SpriteAssetMenu.cs: a42d2dc20ed9558b36972dc6e6d71655 -> 05ea7b84320d1b77a6d1ae49c41ee9cc
  custom:scripting/monoscript/fileName/TMP_ColorGradient.cs: 3baf9c6d3c50fc594e68e0c756eb8779 -> 8d91c7c4749088eca69648d37a965bf8
  custom:scripting/monoscript/fileName/TMP_PreBuildProcessor.cs: d965cd4513e689cb01c0481012a89dee -> 790c12dcd4980aa978fd28fb6f89fb37
  custom:scripting/monoscript/fileName/TMP_SerializedPropertyHolder.cs: 9860586610cb3d91ae7f4ce33ab22d0b -> 99e5dbc1fa1abe750acc8166e4243be8
  custom:scripting/monoscript/fileName/TMP_SpriteCharacterPropertyDrawer.cs: 63186d320ccdf4dfa06fbce4e897d3f3 -> 14565b4e4f9266584dc3194fd967d252
  custom:framework-win-MediaFoundation: 216162199b28c13a410421893ffa2e32 -> 
  custom:scripting/monoscript/fileName/DropdownOptionListDrawer.cs: 342ee3f9c806e60b189c02609042c492 -> 4362475bc384312c771d88865ee2f40d
  custom:scripting/monoscript/fileName/TMP_CharacterPropertyDrawer.cs: 0fc1d1caf2f580e74b2224e6797250e4 -> ddc6f8909fdac3de9238e9b86e411c3e
  custom:scripting/monoscript/fileName/TMP_FontAssetEditor.cs: ff94a59ea0ba0aa81aa8a7f307f2efd3 -> e359b61135381f6b1d7b8c7e97a930f3
  custom:scripting/monoscript/fileName/TMP_FontAsset_CreationMenu.cs: 18345b423cea91a35f20f73f48aee7e1 -> 1c5caeb31a0df734411a201aca87cb03
  custom:scripting/monoscript/fileName/TMP_ScrollbarEventHandler.cs: 55de10d862075cd935d8381c309f39e0 -> c015e39b5a3f1a14518ce039f30e10af
  custom:scripting/monoscript/fileName/TMP_ObjectPool.cs: 8f6297df34271fdb1ce2d9607ec6261d -> 90647cc400823b41df847a6cbfc29026
  custom:scripting/monoscript/fileName/TMP_FontAssetUtilities.cs: d84a52975d941e769af4ae15b3aaa211 -> 5b7a9bc9c5c56e3cb5ccc808a2bdd9e4
  custom:scripting/monoscript/fileName/TMP_FontAssetCommon.cs: 4a5ab4d4426385ab38edd57c118cd485 -> 2b5f11ccf8aacaf9b5ea6564bf2b0d57
  custom:scripting/monoscript/fileName/TMP_TextInfo.cs: d86eebf32f36b8febee06365f862b403 -> 9e4eb698c4c168829682cbe659418e8f
  custom:scripting/monoscript/fileName/TextContainer.cs: 4e3c016869303ab3136387f7870e5adb -> 245c032a15fbc12850861c707e37b027
  custom:scripting/monoscript/fileName/TMP_SubMesh_Editor.cs: 6199a3bf0c204e3bdded9f5f05415a32 -> b381eb4c2ad4ef265088242d67c5b140
  custom:scripting/monoscript/fileName/TMP_TextElement.cs: fb8354965187a75f506d9a9df85f19dd -> 5dfb95666bd41ecc32948097824aba23
  custom:scripting/monoscript/fileName/TMP_Text.cs: c453c9b4dcb2bfad1083e3b49dfa3983 -> 5cba61e283281e8dbf7dadaabcd638dc
  custom:CustomObjectIndexerAttribute: 9a22284fe3817be447336de3de66b15e -> 
  custom:scripting/monoscript/fileName/TMP_PostBuildProcessHandler.cs: 728d00fd9070cbfe6d8df45c08e57305 -> c69b388004562ecb0f789fc3759d9651
  custom:scripting/monoscript/fileName/TMP_DropdownEditor.cs: 6df138b51e278f9c93bd4976e96aa952 -> 2d907ee76ef876797c15186180266847
  custom:container-demuxer-webm: 4f35f7cbe854078d1ac9338744f61a02 -> 
  custom:scripting/monoscript/fileName/TMP_FontAsset.cs: 52c81438acb65fa444fe26964ef0345b -> 6c1db4680a96f294cf0af87a0b8099aa
  custom:scripting/monoscript/fileName/TMP_SubMeshUI_Editor.cs: 765ce633a5bfada7c5afc51aed8631bb -> 119a633ce37cc27ac209988b5de61d96
  custom:scripting/monoscript/fileName/TMP_BaseEditorPanel.cs: bf7c6aff8663a36814779dfe47e82e00 -> f4b9967705e7bb57152fef4117417ba7
  custom:scripting/monoscript/fileName/TMP_SettingsEditor.cs: aa2b5eadaadb4b54b49cd650a2246119 -> 56bf06371df7e13c5b8cc88becb89a4d
  custom:scripting/monoscript/fileName/TMP_UpdateRegistery.cs: 62691e6bdb107984e7d826316a6498e1 -> 1f23864d29c3a03d22aa9b00a337cf78
  custom:scripting/monoscript/fileName/FastAction.cs: 94d6ead813247e604740a116c5fa92db -> dfbe75b66b645b53472915ad2590af11
  custom:scripting/monoscript/fileName/TMPro_TextContainerEditor.cs: a97aca5bcf1b2486a0f60b2c7a935c42 -> b2fbc5db24221a870c4de162a712cbfe
  custom:scripting/monoscript/fileName/TMP_TextAlignmentDrawer.cs: ad15f73780bb9949f148eddcc3c3fbf7 -> 011b7908ef5eb5e9dea532c77e85c538
  custom:scripting/monoscript/fileName/TMPro_CreateObjectMenu.cs: e9e63aff764c7e7fd08e66f87103df4d -> ddee59388caa7a56693342f3a805d427
  custom:scripting/monoscript/fileName/TMP_Asset.cs: dcedda1866ab6edcf1af2d4525512628 -> 7e95c8d89188057bea8fc9569c9aa309
  custom:scripting/monoscript/fileName/TMP_ColorGradientEditor.cs: 187fe88a4e95285275d1781f1da14d92 -> ed654c9d45026a5f71e6e9535130c15f
  custom:scripting/monoscript/fileName/TMP_BitmapShaderGUI.cs: ef806c32b355e8831ed4eb3f5e3400ff -> 2ce3ac811452d1d6d82e565157cac3e2
  custom:scripting/monoscript/fileName/TMP_ColorGradientAssetMenu.cs: 79ee3689ecabb3de162f43faa3b27adc -> 83563be632f8167fcdca7878d36901f9
  custom:scripting/monoscript/fileName/TMP_GlyphPropertyDrawer.cs: 75006bca208b32d4fc4710404c538acf -> 56b500a16a5c8f635a7bfdd702279864
  custom:scripting/monoscript/fileName/TMP_SpriteGlyph.cs: 52a9bbe662618c4a5697bdefcba63d59 -> cb4cdca5a4c6415e4f27ee5280164c41
  custom:container-muxer-webm: aa71ff27fc2769a1b78a27578f13a17b -> 
  custom:scripting/monoscript/fileName/TMP_UIStyleManager.cs: f54fffa86b286da3a3329c601ca8d03e -> 66d96f3fa9ea14a5a6ed3f92d3bbe0f1
  custom:video-decoder-webm-vp8: 9c59270c3fd7afecdb556c50c9e8de78 -> 
  custom:scripting/monoscript/fileName/TMPro_EventManager.cs: 9ebed0b1e26a8c995d644c176e696d93 -> 4c7492301243f935f7a463360f91d217
  custom:scripting/monoscript/fileName/GlyphRectPropertyDrawer.cs: d355023434b9b8f82f7070cb40c7c036 -> bdec415148eac17379112822c8814df5
  custom:scripting/monoscript/fileName/TMPro_UGUI_Private.cs: 8f6297df34271fdb1ce2d9607ec6261d -> 90647cc400823b41df847a6cbfc29026
  custom:scripting/monoscript/fileName/TMP_TextElement_Legacy.cs: 33cc86d4b4c35f95c6446ea70ef56fc4 -> 6e11e173cb695b15e8cce3cd1e1cb2a7
  custom:SearchIndexIgnoredProperties: e643bd26f0fe6173181afceb89e7c659 -> 
  custom:scripting/monoscript/fileName/TMP_Settings.cs: 957f1889ca66b295dca8f725cc81558d -> 68d1204aae2aa6d0a54c151b7af443e7
  custom:scripting/monoscript/fileName/TMPro_SortingLayerHelper.cs: e3aabd077ed12370ac46dda129ef572e -> 8b86ad735987eff6a1277352e9e8d9b6
  custom:AudioImporter_EditorPlatform: d09bf68614088b80899f8185d706f6e7 -> 
  custom:scripting/monoscript/fileName/TMP_ResourcesManager.cs: 0d972ba50c38c5b25fe15fb0c61ada2b -> 64252a073d41e9c6f4e95b5f68ac966c
  custom:scripting/monoscript/fileName/TMPro_TexturePostProcessor.cs: d21743efde4e74198703a65b965619ea -> 0750ad2b775120fa59f760172dc340ad
  custom:scripting/monoscript/fileName/TMP_PackageResourceImporter.cs: 5335f4ee7041812300af31a777e4f584 -> 949b6e7fa2132b400d5c4aaf9c34421a
  custom:scripting/monoscript/fileName/TMP_Style.cs: 22d5739edd705d10f980250dcfd7fde0 -> ecc9948baa78373f3076151d1a0642d9
  custom:scripting/monoscript/fileName/TMP_EditorPanelUI.cs: 6242af713a75147e6e5820bfce936424 -> 0c3fb43855adf1da22258c211d01a47d
  custom:scripting/monoscript/fileName/TMP_InputField.cs: 8fed3480abb5543168012b207b39349b -> f7712ab842984f124274656d749eca3d
  custom:scripting/monoscript/fileName/TMP_Sprite.cs: e9945527ea1584af23f8f41ce4b844b4 -> 0ee3c386846aa132dd254421fac18cd1
  custom:scripting/monoscript/fileName/TMP_StyleSheet.cs: b6deb5f646a1f5ad7b696d32618ba797 -> de73099b6bd4b9281c92feedf1315618
  custom:scripting/monoscript/fileName/TMP_PackageUtilities.cs: 029634ff6f667ebc9454d70fde4def50 -> 89e6e95503dd36070edf73e7aaab4557
  custom:scripting/monoscript/fileName/TMP_GlyphPairAdjustmentRecordPropertyDrawer.cs: 6f07d27e8ea91e29d6bd5f39dd8deb23 -> 1a07941369755af9e0a102a45e9058c5
  custom:scripting/monoscript/fileName/TMP_TextUtilities.cs: f68f97869f24792bf3a3694d69de955c -> aab2855e68416a0a1f2f8904059662aa
  custom:scripting/monoscript/fileName/TMP_Dropdown.cs: 39f6048c754db30f2da2ea32254db16b -> ecea2f8babcb40d207d2e73158251f60
  custom:scripting/monoscript/fileName/TMP_CharacterInfo.cs: d2593478681404ce2cbd40e4e2f8a6d3 -> c840ce0b0aa6c1faafb27b3b884b2328
  custom:scripting/monoscript/fileName/TMP_ListPool.cs: 8f6297df34271fdb1ce2d9607ec6261d -> 90647cc400823b41df847a6cbfc29026
  custom:scripting/monoscript/fileName/MaterialReferenceManager.cs: eaedc912311d98c6b58e199f6250c848 -> c970e86594a0f568cbda548f2d4462c1
  custom:scripting/monoscript/fileName/ITextPreProcessor.cs: 28ed6b2ca482997555fb0291bd20c40d -> a7aa94de5d5bfce2bdd74516315faaf2
  custom:scripting/monoscript/fileName/TMPro_EditorShaderUtilities.cs: 1203fb3feabf58cb81d888055364f838 -> f4cbef9348a73d49f1efb8d10ff07bf0
  custom:scripting/monoscript/fileName/GlyphMetricsPropertyDrawer.cs: dd0833870bcea17556e6d67c750c6ffc -> 438b07e6eae795dab04c32f51ac4e752
  custom:scripting/monoscript/fileName/TMP_DefaultControls.cs: 1798ee96b3c83cf7d4cea690bb04976a -> 2673e29173eb9307fa53ee17c15332ed
  custom:video-encoder-webm-vp8: eb34c28f22e8b96e1ab97ce403110664 -> 
  custom:scripting/monoscript/fileName/TMP_RichTextTagsCommon.cs: d28b21b13d6cea8fa92671f9a2a1f20d -> 5462d55f8a9ad882f9a7f2d708a6978b
  custom:scripting/monoscript/fileName/TMPro_ExtensionMethods.cs: 3d34decc871f763d4c9c61f1fe0f3275 -> 479bffcc157b89693ffc4c2ef2374861
  custom:audio-decoder-ogg-vorbis: bf7c407c2cedff20999df2af8eb42d56 -> 
  custom:scripting/monoscript/fileName/TMPro_MeshUtilities.cs: 183dd3a7e1b70c109767dd5059a390dd -> 2237d160e4d9e81a7d899dc235029cb3
  custom:scripting/monoscript/fileName/TMP_Compatibility.cs: d5209fd9c6a9aef9cccdbfb4f06bd571 -> 3ef1f12d3c823dd740c7c596ab076c61
  custom:scripting/monoscript/fileName/TMP_SpriteAssetImportFormats.cs: 3cc56654a2015a96112916e9636fbe6f -> 920e3140228fbd530b0080254da22d88
  custom:scripting/monoscript/fileName/TMP_StyleAssetMenu.cs: d695e815510410a6715fa00ae5e73f57 -> 60e7743122a0686d1131101c521adac6
  custom:scripting/monoscript/fileName/TMP_MaterialManager.cs: 1382feee688fee3eebaa5e9d7b47e98d -> 441d72ec3c04a8da6a351f60fff95465
  custom:scripting/monoscript/fileName/TMP_SpriteAsset.cs: b46309090c7f7da519ff6ef3172bd077 -> 8d06882cb45c7664f8d7c3079ee8757f
  custom:scripting/monoscript/fileName/TMP_ResourcesLoader.cs: f71e35ced40721d6906e578fb6e7f0e9 -> 6f1f07799f3cfe795f955033c27f98ed
  custom:scripting/monoscript/fileName/TMP_FontFeaturesCommon.cs: 89ff6ee76bb6f84827488d597e70ea5a -> 7d1db71d73353e7dd97f094c509882fa
  custom:scripting/monoscript/fileName/TMP_LineInfo.cs: 22ff02e7762110d3cc1f4bc096ea014d -> bb529d63c9723788bd7143f27cd69eaf
  custom:scripting/monoscript/fileName/TMP_EditorPanel.cs: 0bd13db7cdfa07805bfadd631c0ddba8 -> 0631f68be4ca0623bf3e313ec9becbc9
  custom:audio-encoder-webm-vorbis: bf7c407c2cedff20999df2af8eb42d56 -> 
  custom:scripting/monoscript/fileName/TMP_BaseShaderGUI.cs: 2c2d4519754bb0c1dd0a107014b7ac8a -> 25118693f24c47c8a4b530b8bff26574
  custom:scripting/monoscript/fileName/TMP_SpriteAssetImporter.cs: 06875a6ac5102e58811218e1c5dd33ca -> 675c97d72afe988872a20f51812f7cdf
  custom:scripting/monoscript/fileName/TMP_SpriteAssetEditor.cs: 7dcaf47692799a91aa4e5cd439bc54d0 -> 8a42af05e85c0eed4128787976375b45
  custom:scripting/monoscript/fileName/TMP_Character.cs: 2bff3626198e4d2228876f1e687078e0 -> 015720458ea991fbf07357eae19532db
  custom:scripting/monoscript/fileName/TMP_SubMesh.cs: ff760a824537d48706351b95c8d4be21 -> 9fd75270af40187985e5c14cc85ebe42
  custom:scripting/monoscript/fileName/TMP_CoroutineTween.cs: d4d869f6662b40274a62453f83c8a425 -> 76849b8d6d4ce499ad8ffee762e4a4af
  custom:scripting/monoscript/fileName/TMP_SpriteAnimator.cs: 126f1482d1430ed8648c2a6d8d693c6d -> bf3a797c3a059d3698e93e0031d7f11c
  custom:scripting/monoscript/fileName/TMP_TextProcessingStack.cs: ef8795fce16f80562f220a2f8bcb6bd2 -> 6146dd1b7f9b90aa342ef9794e387c23
  custom:scripting/monoscript/fileName/TMP_InputValidator.cs: e99335724872b7fcd0e5352c682debe0 -> 5e0d679d98dae60baa87977011e0ed51
  custom:scripting/monoscript/fileName/TMP_SelectionCaret.cs: ed141b1915a10b9c7ff9136666b54ee9 -> d2a06fefe973175bffa10d62f788c481
========================================================================
Received Import Request.
  Time since last request: 72837.105936 seconds.
  path: Assets/Animator/Animator/EBT_PetBottle2/Default_Outline.png
  artifactKey: Guid(57eeae9450b482a4c85454c315021899) Importer(815301076,1909f56bfc062723c751e8b465ee728b)
Start importing Assets/Animator/Animator/EBT_PetBottle2/Default_Outline.png using Guid(57eeae9450b482a4c85454c315021899) Importer(815301076,1909f56bfc062723c751e8b465ee728b)  -> (artifact id: 'f6cc26541fa9309affc4e27e7431f6a8') in 0.188605 seconds
Number of updated asset objects reloaded before import = 0
Number of asset objects unloaded after import = 2
========================================================================
Received Import Request.
  Time since last request: 0.000020 seconds.
  path: Assets/Animator/Animator/EBT_PetBottle2/EBT_PetBottle2.fbx
  artifactKey: Guid(a33ac66c0ef45ec48b6391db8e96d599) Importer(815301076,1909f56bfc062723c751e8b465ee728b)
Start importing Assets/Animator/Animator/EBT_PetBottle2/EBT_PetBottle2.fbx using Guid(a33ac66c0ef45ec48b6391db8e96d599) Importer(815301076,1909f56bfc062723c751e8b465ee728b)  -> (artifact id: '91b28344ef479387f23339cef1ec68be') in 0.120618 seconds
Number of updated asset objects reloaded before import = 0
Number of asset objects unloaded after import = 17
========================================================================
Received Import Request.
  Time since last request: 1.160267 seconds.
  path: Assets/Animator/Animator/EBT_PetBottle1/Default_Outline.png
  artifactKey: Guid(b2b51a8203dafc040bc919a667ee291b) Importer(815301076,1909f56bfc062723c751e8b465ee728b)
Start importing Assets/Animator/Animator/EBT_PetBottle1/Default_Outline.png using Guid(b2b51a8203dafc040bc919a667ee291b) Importer(815301076,1909f56bfc062723c751e8b465ee728b)  -> (artifact id: '15a686d13ee53d968cbb4f1111402108') in 0.007000 seconds
Number of updated asset objects reloaded before import = 0
Number of asset objects unloaded after import = 2
========================================================================
Received Import Request.
  Time since last request: 0.000014 seconds.
  path: Assets/Animator/Animator/EBT_PetBottle1/EBT_PetBottle1.fbx
  artifactKey: Guid(a7fdba2e53e40e1438556f4997786800) Importer(815301076,1909f56bfc062723c751e8b465ee728b)
Start importing Assets/Animator/Animator/EBT_PetBottle1/EBT_PetBottle1.fbx using Guid(a7fdba2e53e40e1438556f4997786800) Importer(815301076,1909f56bfc062723c751e8b465ee728b)  -> (artifact id: 'd585a624d576f831882af8f27ec1fe09') in 0.033445 seconds
Number of updated asset objects reloaded before import = 0
Number of asset objects unloaded after import = 17
========================================================================
Received Import Request.
  Time since last request: 0.000021 seconds.
  path: Assets/Animator/Animator/EBT_PetBottle1/PetBottle.png
  artifactKey: Guid(5afdbd708ec72bc49b512bb788f751b8) Importer(815301076,1909f56bfc062723c751e8b465ee728b)
Start importing Assets/Animator/Animator/EBT_PetBottle1/PetBottle.png using Guid(5afdbd708ec72bc49b512bb788f751b8) Importer(815301076,1909f56bfc062723c751e8b465ee728b)  -> (artifact id: '436287e1f00300f638f335b3c6cbf3a3') in 0.005428 seconds
Number of updated asset objects reloaded before import = 0
Number of asset objects unloaded after import = 2
========================================================================
Received Import Request.
  Time since last request: 0.368165 seconds.
  path: Assets/Animator/Animator/EBT_Card/Card_MRS.png
  artifactKey: Guid(6b2851f9688f34f49bc44b7ce9f73990) Importer(815301076,1909f56bfc062723c751e8b465ee728b)
Start importing Assets/Animator/Animator/EBT_Card/Card_MRS.png using Guid(6b2851f9688f34f49bc44b7ce9f73990) Importer(815301076,1909f56bfc062723c751e8b465ee728b)  -> (artifact id: '078a1fe2940a7a6c438e66c58d32e6bc') in 0.013033 seconds
Number of updated asset objects reloaded before import = 0
Number of asset objects unloaded after import = 2
========================================================================
Received Import Request.
  Time since last request: 0.000019 seconds.
  path: Assets/Animator/Animator/EBT_Card/Card_Shadow.png
  artifactKey: Guid(87c24ef9e9bd0904b823c98a7f695453) Importer(815301076,1909f56bfc062723c751e8b465ee728b)
Start importing Assets/Animator/Animator/EBT_Card/Card_Shadow.png using Guid(87c24ef9e9bd0904b823c98a7f695453) Importer(815301076,1909f56bfc062723c751e8b465ee728b)  -> (artifact id: '0740e102e2285a8298310930ff5d89e8') in 0.013286 seconds
Number of updated asset objects reloaded before import = 0
Number of asset objects unloaded after import = 2
========================================================================
Received Import Request.
  Time since last request: 0.000016 seconds.
  path: Assets/Animator/Animator/EBT_Card/EBT_Card.fbx
  artifactKey: Guid(d05e21e676542e345950e93429d92ce7) Importer(815301076,1909f56bfc062723c751e8b465ee728b)
Start importing Assets/Animator/Animator/EBT_Card/EBT_Card.fbx using Guid(d05e21e676542e345950e93429d92ce7) Importer(815301076,1909f56bfc062723c751e8b465ee728b)  -> (artifact id: 'b6f9f5be08b56d167a52f9ead4ec5eb1') in 0.027247 seconds
Number of updated asset objects reloaded before import = 0
Number of asset objects unloaded after import = 16
========================================================================
Received Import Request.
  Time since last request: 0.271616 seconds.
  path: Assets/Animator/Animator/Default #2637/Default_Env.png
  artifactKey: Guid(477b7f1c4603a744ba600550bc59e32b) Importer(815301076,1909f56bfc062723c751e8b465ee728b)
Start importing Assets/Animator/Animator/Default #2637/Default_Env.png using Guid(477b7f1c4603a744ba600550bc59e32b) Importer(815301076,1909f56bfc062723c751e8b465ee728b)  -> (artifact id: '80e374c8499c2f53d515e3c7f01039bb') in 0.013695 seconds
Number of updated asset objects reloaded before import = 0
Number of asset objects unloaded after import = 2
========================================================================
Received Import Request.
  Time since last request: 0.000017 seconds.
  path: Assets/Animator/Animator/Default #2637/Rei_Acc_MRS.png
  artifactKey: Guid(412f77f318b72364493d07a18f8a798e) Importer(815301076,1909f56bfc062723c751e8b465ee728b)
Start importing Assets/Animator/Animator/Default #2637/Rei_Acc_MRS.png using Guid(412f77f318b72364493d07a18f8a798e) Importer(815301076,1909f56bfc062723c751e8b465ee728b)  -> (artifact id: 'c009f4557269f4ef1acc82ee89827cc2') in 0.013780 seconds
Number of updated asset objects reloaded before import = 0
Number of asset objects unloaded after import = 2
========================================================================
Received Import Request.
  Time since last request: 0.000016 seconds.
  path: Assets/Animator/Animator/Default #2637/Rei_Acc.png
  artifactKey: Guid(b004262cf5362a748a17e0ae2ddd95df) Importer(815301076,1909f56bfc062723c751e8b465ee728b)
Start importing Assets/Animator/Animator/Default #2637/Rei_Acc.png using Guid(b004262cf5362a748a17e0ae2ddd95df) Importer(815301076,1909f56bfc062723c751e8b465ee728b)  -> (artifact id: 'c50cceb1336ecd4633a8bbc3f89a770a') in 0.012430 seconds
Number of updated asset objects reloaded before import = 0
Number of asset objects unloaded after import = 2
========================================================================
Received Import Request.
  Time since last request: 0.438425 seconds.
  path: Assets/Animator/Animator/Default2/Default_Env.png
  artifactKey: Guid(a0c839274feb6944c82b306948277d97) Importer(815301076,1909f56bfc062723c751e8b465ee728b)
Start importing Assets/Animator/Animator/Default2/Default_Env.png using Guid(a0c839274feb6944c82b306948277d97) Importer(815301076,1909f56bfc062723c751e8b465ee728b)  -> (artifact id: '0c6b620bb8648cde7c92d3bd0108471a') in 0.013438 seconds
Number of updated asset objects reloaded before import = 0
Number of asset objects unloaded after import = 2
========================================================================
Received Import Request.
  Time since last request: 0.000014 seconds.
  path: Assets/Animator/Animator/Default2/Tetora_Acc.png
  artifactKey: Guid(dddf4e64bc657b842b67baaa34de236a) Importer(815301076,1909f56bfc062723c751e8b465ee728b)
Start importing Assets/Animator/Animator/Default2/Tetora_Acc.png using Guid(dddf4e64bc657b842b67baaa34de236a) Importer(815301076,1909f56bfc062723c751e8b465ee728b)  -> (artifact id: 'e020eec1a8c297de424126e6409f4505') in 0.011626 seconds
Number of updated asset objects reloaded before import = 0
Number of asset objects unloaded after import = 2
========================================================================
Received Import Request.
  Time since last request: 0.000024 seconds.
  path: Assets/Animator/Animator/Default2/Tetora_Acc_MRS.png
  artifactKey: Guid(86cf36c92b887a24babf231a092da10a) Importer(815301076,1909f56bfc062723c751e8b465ee728b)
Start importing Assets/Animator/Animator/Default2/Tetora_Acc_MRS.png using Guid(86cf36c92b887a24babf231a092da10a) Importer(815301076,1909f56bfc062723c751e8b465ee728b)  -> (artifact id: '051549f15d7edb931e86f7ab6045aeaf') in 0.014794 seconds
Number of updated asset objects reloaded before import = 0
Number of asset objects unloaded after import = 2
========================================================================
Received Import Request.
  Time since last request: 15.566536 seconds.
  path: Assets/Animator/Animator/Default/Default_Outline.png
  artifactKey: Guid(ad9d52e8cf98b7749ad61831dcfac517) Importer(815301076,1909f56bfc062723c751e8b465ee728b)
Start importing Assets/Animator/Animator/Default/Default_Outline.png using Guid(ad9d52e8cf98b7749ad61831dcfac517) Importer(815301076,1909f56bfc062723c751e8b465ee728b)  -> (artifact id: '66a07999d2cb62208ffe6a98068f13f9') in 0.006594 seconds
Number of updated asset objects reloaded before import = 0
Number of asset objects unloaded after import = 2
========================================================================
Received Import Request.
  Time since last request: 0.000015 seconds.
  path: Assets/Animator/Animator/Default/Rinne_Acc.png
  artifactKey: Guid(9acaaf7c699b2c04281bf8d534499e6b) Importer(815301076,1909f56bfc062723c751e8b465ee728b)
Start importing Assets/Animator/Animator/Default/Rinne_Acc.png using Guid(9acaaf7c699b2c04281bf8d534499e6b) Importer(815301076,1909f56bfc062723c751e8b465ee728b)  -> (artifact id: '32c3282f1cbd7fb59e51a0a3660cef85') in 0.013044 seconds
Number of updated asset objects reloaded before import = 0
Number of asset objects unloaded after import = 2
========================================================================
Received Import Request.
  Time since last request: 0.000019 seconds.
  path: Assets/Animator/Animator/Default/Rinne_Acc_Shadow.png
  artifactKey: Guid(38979755159a90844a5048992bc03aaa) Importer(815301076,1909f56bfc062723c751e8b465ee728b)
Start importing Assets/Animator/Animator/Default/Rinne_Acc_Shadow.png using Guid(38979755159a90844a5048992bc03aaa) Importer(815301076,1909f56bfc062723c751e8b465ee728b)  -> (artifact id: '3fa7e0d91c98ba3de27df549b0eb40ce') in 0.010335 seconds
Number of updated asset objects reloaded before import = 0
Number of asset objects unloaded after import = 2
========================================================================
Received Import Request.
  Time since last request: 0.873129 seconds.
  path: Assets/Animator/Animator/Chiaki/Chiaki_Face_CA.png
  artifactKey: Guid(89b728b3339e5dd4bb7f4f45e85ca785) Importer(815301076,1909f56bfc062723c751e8b465ee728b)
Start importing Assets/Animator/Animator/Chiaki/Chiaki_Face_CA.png using Guid(89b728b3339e5dd4bb7f4f45e85ca785) Importer(815301076,1909f56bfc062723c751e8b465ee728b)  -> (artifact id: 'ee34c7b212fa54a9a1911a91f9852975') in 0.017064 seconds
Number of updated asset objects reloaded before import = 0
Number of asset objects unloaded after import = 2
========================================================================
Received Import Request.
  Time since last request: 0.000019 seconds.
  path: Assets/Animator/Animator/Chiaki/Chiaki_PupHI_L_A_Def.png
  artifactKey: Guid(38fcc1c8ccce8aa4c9ed9984e21ddbe4) Importer(815301076,1909f56bfc062723c751e8b465ee728b)
Start importing Assets/Animator/Animator/Chiaki/Chiaki_PupHI_L_A_Def.png using Guid(38fcc1c8ccce8aa4c9ed9984e21ddbe4) Importer(815301076,1909f56bfc062723c751e8b465ee728b)  -> (artifact id: 'd94850faca29be422066fbbefbcbea6e') in 0.012602 seconds
Number of updated asset objects reloaded before import = 0
Number of asset objects unloaded after import = 2
========================================================================
Received Import Request.
  Time since last request: 0.000016 seconds.
  path: Assets/Animator/Animator/Chiaki/Default_Outline.png
  artifactKey: Guid(68cfb37d336f4c845935dfb1378f3686) Importer(815301076,1909f56bfc062723c751e8b465ee728b)
Start importing Assets/Animator/Animator/Chiaki/Default_Outline.png using Guid(68cfb37d336f4c845935dfb1378f3686) Importer(815301076,1909f56bfc062723c751e8b465ee728b)  -> (artifact id: '92d69ce04cdb9deea444d03e2acbc156') in 0.006433 seconds
Number of updated asset objects reloaded before import = 0
Number of asset objects unloaded after import = 2
========================================================================
Received Import Request.
  Time since last request: 0.000015 seconds.
  path: Assets/Animator/Animator/Chiaki/Default_Env.png
  artifactKey: Guid(0e393691e7b762c448a89f8d596c9dc4) Importer(815301076,1909f56bfc062723c751e8b465ee728b)
Start importing Assets/Animator/Animator/Chiaki/Default_Env.png using Guid(0e393691e7b762c448a89f8d596c9dc4) Importer(815301076,1909f56bfc062723c751e8b465ee728b)  -> (artifact id: '4934813c2685651e170277aa4d4d3820') in 0.012015 seconds
Number of updated asset objects reloaded before import = 0
Number of asset objects unloaded after import = 2
========================================================================
Received Import Request.
  Time since last request: 0.000039 seconds.
  path: Assets/Animator/Animator/Chiaki/Chiaki_PupWH_R_A_Def.png
  artifactKey: Guid(4c943c69ff8b72942949597c8b849479) Importer(815301076,1909f56bfc062723c751e8b465ee728b)
Start importing Assets/Animator/Animator/Chiaki/Chiaki_PupWH_R_A_Def.png using Guid(4c943c69ff8b72942949597c8b849479) Importer(815301076,1909f56bfc062723c751e8b465ee728b)  -> (artifact id: '7c497dc015c719727ca550a1b6ad04a2') in 0.011369 seconds
Number of updated asset objects reloaded before import = 0
Number of asset objects unloaded after import = 2
========================================================================
Received Import Request.
  Time since last request: 0.000056 seconds.
  path: Assets/Animator/Animator/Chiaki/Chiaki_Face_Shadow.png
  artifactKey: Guid(726a62f56f04e344684c5cd79898f49e) Importer(815301076,1909f56bfc062723c751e8b465ee728b)
Start importing Assets/Animator/Animator/Chiaki/Chiaki_Face_Shadow.png using Guid(726a62f56f04e344684c5cd79898f49e) Importer(815301076,1909f56bfc062723c751e8b465ee728b)  -> (artifact id: 'aa3b377ffc1b338ee5f9775d690a7faa') in 0.013761 seconds
Number of updated asset objects reloaded before import = 0
Number of asset objects unloaded after import = 2
========================================================================
Received Import Request.
  Time since last request: 0.000017 seconds.
  path: Assets/Animator/Animator/Chiaki/Chiaki_Pup_L_A_Def.png
  artifactKey: Guid(7b4b1dc5b24db5f4c9461f379df6c449) Importer(815301076,1909f56bfc062723c751e8b465ee728b)
Start importing Assets/Animator/Animator/Chiaki/Chiaki_Pup_L_A_Def.png using Guid(7b4b1dc5b24db5f4c9461f379df6c449) Importer(815301076,1909f56bfc062723c751e8b465ee728b)  -> (artifact id: 'd0a9a2fb32aba402fa3fbf35dafa3c3f') in 0.012991 seconds
Number of updated asset objects reloaded before import = 0
Number of asset objects unloaded after import = 2
========================================================================
Received Import Request.
  Time since last request: 1.276765 seconds.
  path: Assets/Animator/Animator/5thanniversary/Aira_Hair_MS.png
  artifactKey: Guid(b214a4819f0b3fb4cadff01e28e8743d) Importer(815301076,1909f56bfc062723c751e8b465ee728b)
Start importing Assets/Animator/Animator/5thanniversary/Aira_Hair_MS.png using Guid(b214a4819f0b3fb4cadff01e28e8743d) Importer(815301076,1909f56bfc062723c751e8b465ee728b)  -> (artifact id: '0df23e7d81314e3ca3465b48114fe935') in 0.012230 seconds
Number of updated asset objects reloaded before import = 0
Number of asset objects unloaded after import = 2
========================================================================
Received Import Request.
  Time since last request: 0.000030 seconds.
  path: Assets/Animator/Animator/5thanniversary/Default_Outline.png
  artifactKey: Guid(e1ce0f3743a5fd045b8e13e36fa37bb4) Importer(815301076,1909f56bfc062723c751e8b465ee728b)
Start importing Assets/Animator/Animator/5thanniversary/Default_Outline.png using Guid(e1ce0f3743a5fd045b8e13e36fa37bb4) Importer(815301076,1909f56bfc062723c751e8b465ee728b)  -> (artifact id: 'c3a3802f63571ab4c6c31332e48edc67') in 0.006263 seconds
Number of updated asset objects reloaded before import = 0
Number of asset objects unloaded after import = 2
========================================================================
Received Import Request.
  Time since last request: 0.000019 seconds.
  path: Assets/Animator/Animator/5thanniversary/Aira_Hair_Shadow.png
  artifactKey: Guid(edaa791e3d103e242a33cfbc3fb0c4c1) Importer(815301076,1909f56bfc062723c751e8b465ee728b)
Start importing Assets/Animator/Animator/5thanniversary/Aira_Hair_Shadow.png using Guid(edaa791e3d103e242a33cfbc3fb0c4c1) Importer(815301076,1909f56bfc062723c751e8b465ee728b)  -> (artifact id: '6692ec2f7d202a4880da3b13e5a80a94') in 0.013672 seconds
Number of updated asset objects reloaded before import = 0
Number of asset objects unloaded after import = 2
========================================================================
Received Import Request.
  Time since last request: 1.333673 seconds.
  path: Assets/Animator/Animator/5thanniversary #3008/Default_Outline.png
  artifactKey: Guid(c517b2a014b14684aaa94f8932462f01) Importer(815301076,1909f56bfc062723c751e8b465ee728b)
Start importing Assets/Animator/Animator/5thanniversary #3008/Default_Outline.png using Guid(c517b2a014b14684aaa94f8932462f01) Importer(815301076,1909f56bfc062723c751e8b465ee728b)  -> (artifact id: '417a60b72ad1d311179b20270bf43f83') in 0.005983 seconds
Number of updated asset objects reloaded before import = 0
Number of asset objects unloaded after import = 2
========================================================================
Received Import Request.
  Time since last request: 0.000017 seconds.
  path: Assets/Animator/Animator/5thanniversary #3008/Sora_Acc.png
  artifactKey: Guid(ef7bc77a349b64b44900088e4afefb02) Importer(815301076,1909f56bfc062723c751e8b465ee728b)
Start importing Assets/Animator/Animator/5thanniversary #3008/Sora_Acc.png using Guid(ef7bc77a349b64b44900088e4afefb02) Importer(815301076,1909f56bfc062723c751e8b465ee728b)  -> (artifact id: '2abfefa6aa8a2d3b6b0e8f0aa1b621b2') in 0.013688 seconds
Number of updated asset objects reloaded before import = 0
Number of asset objects unloaded after import = 2
========================================================================
Received Import Request.
  Time since last request: 0.000017 seconds.
  path: Assets/Animator/Animator/5thanniversary #3008/Sora_Acc_MRS.png
  artifactKey: Guid(fc6dbb0102396704cb8e54b48488c294) Importer(815301076,1909f56bfc062723c751e8b465ee728b)
Start importing Assets/Animator/Animator/5thanniversary #3008/Sora_Acc_MRS.png using Guid(fc6dbb0102396704cb8e54b48488c294) Importer(815301076,1909f56bfc062723c751e8b465ee728b)  -> (artifact id: '7ed5f194856c15360c73f74993ac64e7') in 0.011681 seconds
Number of updated asset objects reloaded before import = 0
Number of asset objects unloaded after import = 2
========================================================================
Received Import Request.
  Time since last request: 0.158082 seconds.
  path: Assets/Animator/Animator/5thanniversary #2446/Default_Outline.png
  artifactKey: Guid(2d02e13c9b550e641bfe7d78f5a3cc34) Importer(815301076,1909f56bfc062723c751e8b465ee728b)
Start importing Assets/Animator/Animator/5thanniversary #2446/Default_Outline.png using Guid(2d02e13c9b550e641bfe7d78f5a3cc34) Importer(815301076,1909f56bfc062723c751e8b465ee728b)  -> (artifact id: '36b81406d06e32a2dd1087caf8ea97da') in 0.006346 seconds
Number of updated asset objects reloaded before import = 0
Number of asset objects unloaded after import = 2
========================================================================
Received Import Request.
  Time since last request: 0.000025 seconds.
  path: Assets/Animator/Animator/5thanniversary #2446/Natsume_Acc_Shadow.png
  artifactKey: Guid(2c0f4518f0e0cd14496f0bf74493a1af) Importer(815301076,1909f56bfc062723c751e8b465ee728b)
Start importing Assets/Animator/Animator/5thanniversary #2446/Natsume_Acc_Shadow.png using Guid(2c0f4518f0e0cd14496f0bf74493a1af) Importer(815301076,1909f56bfc062723c751e8b465ee728b)  -> (artifact id: 'ee38872f8cb048ae64532313f9ead958') in 0.006707 seconds
Number of updated asset objects reloaded before import = 0
Number of asset objects unloaded after import = 2
========================================================================
Received Import Request.
  Time since last request: 0.000015 seconds.
  path: Assets/Animator/Animator/5thanniversary #2446/Natsume_Acc.png
  artifactKey: Guid(560a6b121fd04524ca4933e121914b1e) Importer(815301076,1909f56bfc062723c751e8b465ee728b)
Start importing Assets/Animator/Animator/5thanniversary #2446/Natsume_Acc.png using Guid(560a6b121fd04524ca4933e121914b1e) Importer(815301076,1909f56bfc062723c751e8b465ee728b)  -> (artifact id: '864a1598d6ea79d4ff6bcd2be0705446') in 0.005536 seconds
Number of updated asset objects reloaded before import = 0
Number of asset objects unloaded after import = 2
========================================================================
Received Import Request.
  Time since last request: 0.993564 seconds.
  path: Assets/Animator/Animator/5thanniversary #3401/Default_Outline.png
  artifactKey: Guid(3eb60c26ab4c621449f4c936d18b312f) Importer(815301076,1909f56bfc062723c751e8b465ee728b)
Start importing Assets/Animator/Animator/5thanniversary #3401/Default_Outline.png using Guid(3eb60c26ab4c621449f4c936d18b312f) Importer(815301076,1909f56bfc062723c751e8b465ee728b)  -> (artifact id: '9866222818f2449a9ffd39a0829f5e27') in 0.006078 seconds
Number of updated asset objects reloaded before import = 0
Number of asset objects unloaded after import = 2
========================================================================
Received Import Request.
  Time since last request: 0.000016 seconds.
  path: Assets/Animator/Animator/5thanniversary #3401/Tsumugi_Acc02.png
  artifactKey: Guid(80c3b191983f5574caf31b3d86ab8b58) Importer(815301076,1909f56bfc062723c751e8b465ee728b)
Start importing Assets/Animator/Animator/5thanniversary #3401/Tsumugi_Acc02.png using Guid(80c3b191983f5574caf31b3d86ab8b58) Importer(815301076,1909f56bfc062723c751e8b465ee728b)  -> (artifact id: 'a8c22b65adac283f175c095cd6898d77') in 0.014112 seconds
Number of updated asset objects reloaded before import = 0
Number of asset objects unloaded after import = 2
========================================================================
Received Import Request.
  Time since last request: 0.000016 seconds.
  path: Assets/Animator/Animator/5thanniversary #3401/Tsumugi_Acc01.png
  artifactKey: Guid(9738f2e98d12cef44ad616653e1f62d5) Importer(815301076,1909f56bfc062723c751e8b465ee728b)
Start importing Assets/Animator/Animator/5thanniversary #3401/Tsumugi_Acc01.png using Guid(9738f2e98d12cef44ad616653e1f62d5) Importer(815301076,1909f56bfc062723c751e8b465ee728b)  -> (artifact id: '4e6bb624c3b26173f2c9dd60f9cd9c7f') in 0.012290 seconds
Number of updated asset objects reloaded before import = 0
Number of asset objects unloaded after import = 2
========================================================================
Received Import Request.
  Time since last request: 0.000044 seconds.
  path: Assets/Animator/Animator/5thanniversary #3401/Tsumugi_Acc01_Shadow.png
  artifactKey: Guid(bb50cf096a47d7f40a877b65502036c9) Importer(815301076,1909f56bfc062723c751e8b465ee728b)
Start importing Assets/Animator/Animator/5thanniversary #3401/Tsumugi_Acc01_Shadow.png using Guid(bb50cf096a47d7f40a877b65502036c9) Importer(815301076,1909f56bfc062723c751e8b465ee728b)  -> (artifact id: '5216e24024c8e7a6f6307093ac9b0df9') in 0.013289 seconds
Number of updated asset objects reloaded before import = 0
Number of asset objects unloaded after import = 2
========================================================================
Received Import Request.
  Time since last request: 0.101557 seconds.
  path: Assets/Animator/Animator/Adonis/Adonis_Face_CA.png
  artifactKey: Guid(f0dacb7e9d9e2a54eb8b7187d0037659) Importer(815301076,1909f56bfc062723c751e8b465ee728b)
Start importing Assets/Animator/Animator/Adonis/Adonis_Face_CA.png using Guid(f0dacb7e9d9e2a54eb8b7187d0037659) Importer(815301076,1909f56bfc062723c751e8b465ee728b)  -> (artifact id: '3661e0bad1a772148bfa8ed0c1b85fe2') in 0.013007 seconds
Number of updated asset objects reloaded before import = 0
Number of asset objects unloaded after import = 2
========================================================================
Received Import Request.
  Time since last request: 0.000015 seconds.
  path: Assets/Animator/Animator/Adonis/Adonis_PupHI_L_A_Def.png
  artifactKey: Guid(b894a459a324a2c4797912baace443d2) Importer(815301076,1909f56bfc062723c751e8b465ee728b)
Start importing Assets/Animator/Animator/Adonis/Adonis_PupHI_L_A_Def.png using Guid(b894a459a324a2c4797912baace443d2) Importer(815301076,1909f56bfc062723c751e8b465ee728b)  -> (artifact id: '751e28259ac2f192c11a0fd19b9fb90b') in 0.010629 seconds
Number of updated asset objects reloaded before import = 0
Number of asset objects unloaded after import = 2
========================================================================
Received Import Request.
  Time since last request: 0.000033 seconds.
  path: Assets/Animator/Animator/Adonis/Adonis_PupWH_R_A_Def.png
  artifactKey: Guid(38e974a667d53814c8210f27256e2ffb) Importer(815301076,1909f56bfc062723c751e8b465ee728b)
Start importing Assets/Animator/Animator/Adonis/Adonis_PupWH_R_A_Def.png using Guid(38e974a667d53814c8210f27256e2ffb) Importer(815301076,1909f56bfc062723c751e8b465ee728b)  -> (artifact id: '5ee8a820b7b919dac61891481c7b04aa') in 0.013517 seconds
Number of updated asset objects reloaded before import = 0
Number of asset objects unloaded after import = 2
========================================================================
Received Import Request.
  Time since last request: 0.000020 seconds.
  path: Assets/Animator/Animator/Adonis/Adonis_PupWH_L_A_Def.png
  artifactKey: Guid(40374658f58dabe418f94223d382ab53) Importer(815301076,1909f56bfc062723c751e8b465ee728b)
Start importing Assets/Animator/Animator/Adonis/Adonis_PupWH_L_A_Def.png using Guid(40374658f58dabe418f94223d382ab53) Importer(815301076,1909f56bfc062723c751e8b465ee728b)  -> (artifact id: 'cad7f58b9b75270eae0de906dff4b671') in 0.014610 seconds
Number of updated asset objects reloaded before import = 0
Number of asset objects unloaded after import = 2
========================================================================
Received Import Request.
  Time since last request: 0.000018 seconds.
  path: Assets/Animator/Animator/Adonis/Adonis_Face_Line.png
  artifactKey: Guid(be2077452fc2fdb418dc971d6bab60fb) Importer(815301076,1909f56bfc062723c751e8b465ee728b)
Start importing Assets/Animator/Animator/Adonis/Adonis_Face_Line.png using Guid(be2077452fc2fdb418dc971d6bab60fb) Importer(815301076,1909f56bfc062723c751e8b465ee728b)  -> (artifact id: 'aee97f0003c61b4c4d3bb4e53ab846cb') in 0.013025 seconds
Number of updated asset objects reloaded before import = 0
Number of asset objects unloaded after import = 2
========================================================================
Received Import Request.
  Time since last request: 0.000019 seconds.
  path: Assets/Animator/Animator/Adonis/Adonis_Face_RimMask.png
  artifactKey: Guid(8f769710b999b3b4699da8edcf0aa46b) Importer(815301076,1909f56bfc062723c751e8b465ee728b)
Start importing Assets/Animator/Animator/Adonis/Adonis_Face_RimMask.png using Guid(8f769710b999b3b4699da8edcf0aa46b) Importer(815301076,1909f56bfc062723c751e8b465ee728b)  -> (artifact id: 'c7a2fa5efe34d925bd798374ebab39b9') in 0.014167 seconds
Number of updated asset objects reloaded before import = 0
Number of asset objects unloaded after import = 2
========================================================================
Received Import Request.
  Time since last request: 0.679531 seconds.
  path: Assets/Animator/Animator/Aira/Aira_Face_CA.png
  artifactKey: Guid(4def968be4b34524a9214d1022d88dcd) Importer(815301076,1909f56bfc062723c751e8b465ee728b)
Start importing Assets/Animator/Animator/Aira/Aira_Face_CA.png using Guid(4def968be4b34524a9214d1022d88dcd) Importer(815301076,1909f56bfc062723c751e8b465ee728b)  -> (artifact id: '4159ec2275ab4fc62c2dd2040129d7e3') in 0.013599 seconds
Number of updated asset objects reloaded before import = 0
Number of asset objects unloaded after import = 2
========================================================================
Received Import Request.
  Time since last request: 0.000026 seconds.
  path: Assets/Animator/Animator/Aira/Default_Outline.png
  artifactKey: Guid(5677ee360f0245b4b86a401fd25ff28d) Importer(815301076,1909f56bfc062723c751e8b465ee728b)
Start importing Assets/Animator/Animator/Aira/Default_Outline.png using Guid(5677ee360f0245b4b86a401fd25ff28d) Importer(815301076,1909f56bfc062723c751e8b465ee728b)  -> (artifact id: 'df33d57373709a98b0bafd420e8fa370') in 0.006284 seconds
Number of updated asset objects reloaded before import = 0
Number of asset objects unloaded after import = 2
========================================================================
Received Import Request.
  Time since last request: 0.000019 seconds.
  path: Assets/Animator/Animator/Aira/Aira_Face_Shadow.png
  artifactKey: Guid(fe66e5ca60b6322448c4376174c36899) Importer(815301076,1909f56bfc062723c751e8b465ee728b)
Start importing Assets/Animator/Animator/Aira/Aira_Face_Shadow.png using Guid(fe66e5ca60b6322448c4376174c36899) Importer(815301076,1909f56bfc062723c751e8b465ee728b)  -> (artifact id: '4eb85f8fd999eb4a534e31788f7e2598') in 0.013595 seconds
Number of updated asset objects reloaded before import = 0
Number of asset objects unloaded after import = 2
========================================================================
Received Import Request.
  Time since last request: 0.000021 seconds.
  path: Assets/Animator/Animator/Aira/Default_Env.png
  artifactKey: Guid(87636088513f4e745a7ab3453070e5e1) Importer(815301076,1909f56bfc062723c751e8b465ee728b)
Start importing Assets/Animator/Animator/Aira/Default_Env.png using Guid(87636088513f4e745a7ab3453070e5e1) Importer(815301076,1909f56bfc062723c751e8b465ee728b)  -> (artifact id: '242261a10693135ee2b6d83d96cf67bf') in 0.011910 seconds
Number of updated asset objects reloaded before import = 0
Number of asset objects unloaded after import = 2
========================================================================
Received Import Request.
  Time since last request: 0.000029 seconds.
  path: Assets/Animator/Animator/Aira/Aira_Face_RimMask.png
  artifactKey: Guid(d1b76c362f36ad94d8e74a62f1927f1a) Importer(815301076,1909f56bfc062723c751e8b465ee728b)
Start importing Assets/Animator/Animator/Aira/Aira_Face_RimMask.png using Guid(d1b76c362f36ad94d8e74a62f1927f1a) Importer(815301076,1909f56bfc062723c751e8b465ee728b)  -> (artifact id: '15711f504a751e7bcf06c1279211f894') in 0.013503 seconds
Number of updated asset objects reloaded before import = 0
Number of asset objects unloaded after import = 2
========================================================================
Received Import Request.
  Time since last request: 0.000020 seconds.
  path: Assets/Animator/Animator/Aira/Aira_Pup_L_A_Def.png
  artifactKey: Guid(6a0cb25c50ea40146ad5497ccbc56e60) Importer(815301076,1909f56bfc062723c751e8b465ee728b)
Start importing Assets/Animator/Animator/Aira/Aira_Pup_L_A_Def.png using Guid(6a0cb25c50ea40146ad5497ccbc56e60) Importer(815301076,1909f56bfc062723c751e8b465ee728b)  -> (artifact id: '4a7a3add59b08a645575cf8ce793daea') in 0.013543 seconds
Number of updated asset objects reloaded before import = 0
Number of asset objects unloaded after import = 2
Editor requested this worker to shutdown with reason: Scaling down because of idle timeout
TcpMessagingSession - receive error: operation aborted. errorcode: 995, details:        I/O  .
AssetImportWorker is now disconnected from the server
Process exiting
Exiting without the bug reporter. Application will terminate with return code 0