Using pre-set license
Built from '2022.3/staging' branch; Version is '2022.3.22f1 (887be4894c44) revision 8944612'; Using compiler version '192829333'; Build Type 'Release'
OS: 'Windows 10  (10.0.19045) 64bit Professional' Language: 'ko' Physical Memory: 15660 MB
BatchMode: 1, IsHumanControllingUs: 0, StartBugReporterOnCrash: 0, Is64bit: 1, IsPro: 1

COMMAND LINE ARGUMENTS:
C:\Program Files\Unity\Hub\Editor\2022.3.22f1\Editor\Unity.exe
-adb2
-batchMode
-noUpm
-name
AssetImportWorker14
-projectPath
C:/Users/KGA/Desktop/Idol Project
-logFile
Logs/AssetImportWorker14.log
-srvPort
53138
Successfully changed project path to: C:/Users/KGA/Desktop/Idol Project
C:/Users/KGA/Desktop/Idol Project
[UnityMemory] Configuration Parameters - Can be set up in boot.config
    "memorysetup-bucket-allocator-granularity=16"
    "memorysetup-bucket-allocator-bucket-count=8"
    "memorysetup-bucket-allocator-block-size=33554432"
    "memorysetup-bucket-allocator-block-count=8"
    "memorysetup-main-allocator-block-size=16777216"
    "memorysetup-thread-allocator-block-size=16777216"
    "memorysetup-gfx-main-allocator-block-size=16777216"
    "memorysetup-gfx-thread-allocator-block-size=16777216"
    "memorysetup-cache-allocator-block-size=4194304"
    "memorysetup-typetree-allocator-block-size=2097152"
    "memorysetup-profiler-bucket-allocator-granularity=16"
    "memorysetup-profiler-bucket-allocator-bucket-count=8"
    "memorysetup-profiler-bucket-allocator-block-size=33554432"
    "memorysetup-profiler-bucket-allocator-block-count=8"
    "memorysetup-profiler-allocator-block-size=16777216"
    "memorysetup-profiler-editor-allocator-block-size=1048576"
    "memorysetup-temp-allocator-size-main=16777216"
    "memorysetup-job-temp-allocator-block-size=2097152"
    "memorysetup-job-temp-allocator-block-size-background=1048576"
    "memorysetup-job-temp-allocator-reduction-small-platforms=262144"
    "memorysetup-allocator-temp-initial-block-size-main=262144"
    "memorysetup-allocator-temp-initial-block-size-worker=262144"
    "memorysetup-temp-allocator-size-background-worker=32768"
    "memorysetup-temp-allocator-size-job-worker=262144"
    "memorysetup-temp-allocator-size-preload-manager=33554432"
    "memorysetup-temp-allocator-size-nav-mesh-worker=65536"
    "memorysetup-temp-allocator-size-audio-worker=65536"
    "memorysetup-temp-allocator-size-cloud-worker=32768"
    "memorysetup-temp-allocator-size-gi-baking-worker=262144"
    "memorysetup-temp-allocator-size-gfx=262144"
Player connection [8364] Host "[IP] 192.168.0.60 [Port] 0 [Flags] 2 [Guid] 3653953307 [EditorId] 3653953307 [Version] 1048832 [Id] WindowsEditor(7,DESKTOP-FF56GE6) [Debug] 1 [PackageName] WindowsEditor [ProjectName] Editor" joined multi-casting on [225.0.0.222:54997]...

Player connection [8364] Host "[IP] 192.168.0.60 [Port] 0 [Flags] 2 [Guid] 3653953307 [EditorId] 3653953307 [Version] 1048832 [Id] WindowsEditor(7,DESKTOP-FF56GE6) [Debug] 1 [PackageName] WindowsEditor [ProjectName] Editor" joined alternative multi-casting on [225.0.0.222:34997]...

[Physics::Module] Initialized MultithreadedJobDispatcher with 11 workers.
Refreshing native plugins compatible for Editor in 7.09 ms, found 4 plugins.
Preloading 0 native plugins for Editor in 0.00 ms.
Initialize engine version: 2022.3.22f1 (887be4894c44)
[Subsystems] Discovering subsystems at path C:/Program Files/Unity/Hub/Editor/2022.3.22f1/Editor/Data/Resources/UnitySubsystems
[Subsystems] Discovering subsystems at path C:/Users/KGA/Desktop/Idol Project/Assets
GfxDevice: creating device client; threaded=0; jobified=0
Direct3D:
    Version:  Direct3D 11.0 [level 11.1]
    Renderer: AMD Radeon(TM) Graphics (ID=0x1638)
    Vendor:   ATI
    VRAM:     7830 MB
    Driver:   31.0.12042.4
Initialize mono
Mono path[0] = 'C:/Program Files/Unity/Hub/Editor/2022.3.22f1/Editor/Data/Managed'
Mono path[1] = 'C:/Program Files/Unity/Hub/Editor/2022.3.22f1/Editor/Data/MonoBleedingEdge/lib/mono/unityjit-win32'
Mono config path = 'C:/Program Files/Unity/Hub/Editor/2022.3.22f1/Editor/Data/MonoBleedingEdge/etc'
Using monoOptions --debugger-agent=transport=dt_socket,embedding=1,server=y,suspend=n,address=127.0.0.1:56412
Begin MonoManager ReloadAssembly
Registering precompiled unity dll's ...
Register platform support module: C:/Program Files/Unity/Hub/Editor/2022.3.22f1/Editor/Data/PlaybackEngines/WindowsStandaloneSupport/UnityEditor.WindowsStandalone.Extensions.dll
Registered in 0.006506 seconds.
- Loaded All Assemblies, in  0.262 seconds
Native extension for WindowsStandalone target not found
Mono: successfully reloaded assembly
- Finished resetting the current domain, in  0.223 seconds
Domain Reload Profiling: 483ms
	BeginReloadAssembly (84ms)
		ExecutionOrderSort (0ms)
		DisableScriptedObjects (0ms)
		BackupInstance (0ms)
		ReleaseScriptingObjects (0ms)
		CreateAndSetChildDomain (1ms)
	RebuildCommonClasses (27ms)
	RebuildNativeTypeToScriptingClass (8ms)
	initialDomainReloadingComplete (47ms)
	LoadAllAssembliesAndSetupDomain (94ms)
		LoadAssemblies (82ms)
		RebuildTransferFunctionScriptingTraits (0ms)
		AnalyzeDomain (93ms)
			TypeCache.Refresh (92ms)
				TypeCache.ScanAssembly (82ms)
			ScanForSourceGeneratedMonoScriptInfo (0ms)
			ResolveRequiredComponents (0ms)
	FinalizeReload (223ms)
		ReleaseScriptCaches (0ms)
		RebuildScriptCaches (0ms)
		SetupLoadedEditorAssemblies (177ms)
			LogAssemblyErrors (0ms)
			InitializePlatformSupportModulesInManaged (9ms)
			SetLoadedEditorAssemblies (7ms)
			RefreshPlugins (0ms)
			BeforeProcessingInitializeOnLoad (2ms)
			ProcessInitializeOnLoadAttributes (123ms)
			ProcessInitializeOnLoadMethodAttributes (36ms)
			AfterProcessingInitializeOnLoad (0ms)
			EditorAssembliesLoaded (0ms)
		ExecutionOrderSort2 (0ms)
		AwakeInstancesAfterBackupRestoration (0ms)
========================================================================
Worker process is ready to serve import requests
Begin MonoManager ReloadAssembly
- Loaded All Assemblies, in  0.507 seconds
Refreshing native plugins compatible for Editor in 3.12 ms, found 4 plugins.
Native extension for WindowsStandalone target not found
Package Manager log level set to [2]
[Package Manager] Server::EnsureServerProcessIsRunning -- launch failed, reason: Unity was launched with the -noUpm command-line argument
[Package Manager] UpmClient::Send -- Unable to send message (not connected to UPM process).
[Package Manager] Cannot connect to Unity Package Manager local server
Mono: successfully reloaded assembly
- Finished resetting the current domain, in  0.559 seconds
Domain Reload Profiling: 1065ms
	BeginReloadAssembly (117ms)
		ExecutionOrderSort (0ms)
		DisableScriptedObjects (5ms)
		BackupInstance (0ms)
		ReleaseScriptingObjects (0ms)
		CreateAndSetChildDomain (19ms)
	RebuildCommonClasses (28ms)
	RebuildNativeTypeToScriptingClass (8ms)
	initialDomainReloadingComplete (33ms)
	LoadAllAssembliesAndSetupDomain (319ms)
		LoadAssemblies (254ms)
		RebuildTransferFunctionScriptingTraits (0ms)
		AnalyzeDomain (133ms)
			TypeCache.Refresh (114ms)
				TypeCache.ScanAssembly (104ms)
			ScanForSourceGeneratedMonoScriptInfo (12ms)
			ResolveRequiredComponents (5ms)
	FinalizeReload (560ms)
		ReleaseScriptCaches (0ms)
		RebuildScriptCaches (0ms)
		SetupLoadedEditorAssemblies (439ms)
			LogAssemblyErrors (0ms)
			InitializePlatformSupportModulesInManaged (6ms)
			SetLoadedEditorAssemblies (5ms)
			RefreshPlugins (0ms)
			BeforeProcessingInitializeOnLoad (82ms)
			ProcessInitializeOnLoadAttributes (322ms)
			ProcessInitializeOnLoadMethodAttributes (17ms)
			AfterProcessingInitializeOnLoad (7ms)
			EditorAssembliesLoaded (0ms)
		ExecutionOrderSort2 (0ms)
		AwakeInstancesAfterBackupRestoration (4ms)
Launched and connected shader compiler UnityShaderCompiler.exe after 0.03 seconds
Refreshing native plugins compatible for Editor in 2.86 ms, found 4 plugins.
Preloading 0 native plugins for Editor in 0.00 ms.
Unloading 3483 Unused Serialized files (Serialized files now loaded: 0)
Unloading 48 unused Assets / (132.4 KB). Loaded Objects now: 3943.
Memory consumption went from 138.6 MB to 138.5 MB.
Total: 2.611300 ms (FindLiveObjects: 0.210200 ms CreateObjectMapping: 0.092200 ms MarkObjects: 2.187800 ms  DeleteObjects: 0.120200 ms)

AssetImportParameters requested are different than current active one (requested -> active):
  custom:scripting/monoscript/fileName/TMP_FontFeatureTable.cs: 5ff9812058e8c02a5b04eaa88778f2a5 -> cbd25d300d7ed4d969d60cb9f98f2826
  custom:scripting/monoscript/fileName/TMP_SDFShaderGUI.cs: 082588c068c6e819b94cdf417f8b7551 -> 1460619486eb6e8da302e26af5538aaa
  custom:scripting/monoscript/fileName/TMP_SubMeshUI.cs: 7a6337f74438df5e26b302bbbbc41105 -> 748262c65738bc5e1c553ae7a37a0c73
  custom:scripting/monoscript/fileName/TMPro_ContextMenus.cs: fbbbcbf9b4eb950e9aeda2d70529152c -> 06b3d4b27f337b8d846ca7117f3251e1
  custom:scripting/monoscript/fileName/TMPro_FontAssetCreatorWindow.cs: 9d68c1aab1c646cdf3e70083dc01df96 -> 0d0900483ed9b57d4ccc2ff58d1220b3
  custom:scripting/monoscript/fileName/TMP_EditorResourceManager.cs: 30391129c5b96f298e44c099ae0fab57 -> f56b80268a934198a76acc6f4cef503c
  custom:scripting/monoscript/fileName/TMP_InputFieldEditor.cs: 8f2095c37e5fd5ed563d60163f0c2e52 -> a6f05406e9cdb59679382b884c14216a
  custom:container-demuxer-ogg: 62fdf1f143b41e24485cea50d1cbac27 -> 
  custom:scripting/monoscript/fileName/TMP_TextParsingUtilities.cs: 47331f425db7fa5c443a11c866530503 -> 8b3fe20641ae0dd97405135955c706a3
  custom:scripting/monoscript/fileName/TMP_EditorCoroutine.cs: 01d80099920d11c11bfa87417e26164b -> 04cbf5ce6e541d98265aa7668ef82832
  custom:scripting/monoscript/fileName/TMP_StyleSheetEditor.cs: b6503d890746d6150e0f267f43ce60e4 -> 38b210a450ac855df2d81ab0242c2feb
  custom:scripting/monoscript/fileName/TMPro_Private.cs: 8f6297df34271fdb1ce2d9607ec6261d -> 90647cc400823b41df847a6cbfc29026
  custom:scripting/monoscript/fileName/TMP_MeshInfo.cs: 375ed9fada55d6bf39f9352ef1dd520b -> 89833651f7d905e51b340ec2afe531d1
  custom:scripting/monoscript/fileName/TMP_SpriteCharacter.cs: fe232bb280dddc880a01918d3502c13a -> 81dc73ff0878d6528202f8be44877b26
  custom:scripting/monoscript/fileName/TMP_ShaderUtilities.cs: 75ec062faab558cb3190dcd3e4820547 -> 84a261643983e306d02445da38ed662f
  custom:video-decoder-ogg-theora: a1e56fd34408186e4bbccfd4996cb3dc -> 
  custom:scripting/monoscript/fileName/TMP_UpdateManager.cs: 2b12c9b6d4082e0390a306eceed60fc6 -> fa7e71df671c5b3088b39753e4bbc70d
  custom:scripting/monoscript/fileName/TMP_EditorUtility.cs: f68b71b7543cddf9e4cdf261d5f519e5 -> b242106620cbbc38f0411146a086b885
  custom:scripting/monoscript/fileName/TMP_SpriteGlyphPropertyDrawer.cs: 4a6f1515709a40d92e24c84ec92fc53a -> 1447c7afab82cf56bc359d5c7fba114e
  custom:scripting/monoscript/fileName/TMP_SpriteAssetMenu.cs: a42d2dc20ed9558b36972dc6e6d71655 -> 05ea7b84320d1b77a6d1ae49c41ee9cc
  custom:scripting/monoscript/fileName/TMP_ColorGradient.cs: 3baf9c6d3c50fc594e68e0c756eb8779 -> 8d91c7c4749088eca69648d37a965bf8
  custom:scripting/monoscript/fileName/TMP_PreBuildProcessor.cs: d965cd4513e689cb01c0481012a89dee -> 790c12dcd4980aa978fd28fb6f89fb37
  custom:scripting/monoscript/fileName/TMP_SerializedPropertyHolder.cs: 9860586610cb3d91ae7f4ce33ab22d0b -> 99e5dbc1fa1abe750acc8166e4243be8
  custom:scripting/monoscript/fileName/TMP_SpriteCharacterPropertyDrawer.cs: 63186d320ccdf4dfa06fbce4e897d3f3 -> 14565b4e4f9266584dc3194fd967d252
  custom:framework-win-MediaFoundation: 216162199b28c13a410421893ffa2e32 -> 
  custom:scripting/monoscript/fileName/DropdownOptionListDrawer.cs: 342ee3f9c806e60b189c02609042c492 -> 4362475bc384312c771d88865ee2f40d
  custom:scripting/monoscript/fileName/TMP_CharacterPropertyDrawer.cs: 0fc1d1caf2f580e74b2224e6797250e4 -> ddc6f8909fdac3de9238e9b86e411c3e
  custom:scripting/monoscript/fileName/TMP_FontAssetEditor.cs: ff94a59ea0ba0aa81aa8a7f307f2efd3 -> e359b61135381f6b1d7b8c7e97a930f3
  custom:scripting/monoscript/fileName/TMP_FontAsset_CreationMenu.cs: 18345b423cea91a35f20f73f48aee7e1 -> 1c5caeb31a0df734411a201aca87cb03
  custom:scripting/monoscript/fileName/TMP_ScrollbarEventHandler.cs: 55de10d862075cd935d8381c309f39e0 -> c015e39b5a3f1a14518ce039f30e10af
  custom:scripting/monoscript/fileName/TMP_ObjectPool.cs: 8f6297df34271fdb1ce2d9607ec6261d -> 90647cc400823b41df847a6cbfc29026
  custom:scripting/monoscript/fileName/TMP_FontAssetUtilities.cs: d84a52975d941e769af4ae15b3aaa211 -> 5b7a9bc9c5c56e3cb5ccc808a2bdd9e4
  custom:scripting/monoscript/fileName/TMP_FontAssetCommon.cs: 4a5ab4d4426385ab38edd57c118cd485 -> 2b5f11ccf8aacaf9b5ea6564bf2b0d57
  custom:scripting/monoscript/fileName/TMP_TextInfo.cs: d86eebf32f36b8febee06365f862b403 -> 9e4eb698c4c168829682cbe659418e8f
  custom:scripting/monoscript/fileName/TextContainer.cs: 4e3c016869303ab3136387f7870e5adb -> 245c032a15fbc12850861c707e37b027
  custom:scripting/monoscript/fileName/TMP_SubMesh_Editor.cs: 6199a3bf0c204e3bdded9f5f05415a32 -> b381eb4c2ad4ef265088242d67c5b140
  custom:scripting/monoscript/fileName/TMP_TextElement.cs: fb8354965187a75f506d9a9df85f19dd -> 5dfb95666bd41ecc32948097824aba23
  custom:scripting/monoscript/fileName/TMP_Text.cs: c453c9b4dcb2bfad1083e3b49dfa3983 -> 5cba61e283281e8dbf7dadaabcd638dc
  custom:CustomObjectIndexerAttribute: 9a22284fe3817be447336de3de66b15e -> 
  custom:scripting/monoscript/fileName/TMP_PostBuildProcessHandler.cs: 728d00fd9070cbfe6d8df45c08e57305 -> c69b388004562ecb0f789fc3759d9651
  custom:scripting/monoscript/fileName/TMP_DropdownEditor.cs: 6df138b51e278f9c93bd4976e96aa952 -> 2d907ee76ef876797c15186180266847
  custom:container-demuxer-webm: 4f35f7cbe854078d1ac9338744f61a02 -> 
  custom:scripting/monoscript/fileName/TMP_FontAsset.cs: 52c81438acb65fa444fe26964ef0345b -> 6c1db4680a96f294cf0af87a0b8099aa
  custom:scripting/monoscript/fileName/TMP_SubMeshUI_Editor.cs: 765ce633a5bfada7c5afc51aed8631bb -> 119a633ce37cc27ac209988b5de61d96
  custom:scripting/monoscript/fileName/TMP_BaseEditorPanel.cs: bf7c6aff8663a36814779dfe47e82e00 -> f4b9967705e7bb57152fef4117417ba7
  custom:scripting/monoscript/fileName/TMP_SettingsEditor.cs: aa2b5eadaadb4b54b49cd650a2246119 -> 56bf06371df7e13c5b8cc88becb89a4d
  custom:scripting/monoscript/fileName/TMP_UpdateRegistery.cs: 62691e6bdb107984e7d826316a6498e1 -> 1f23864d29c3a03d22aa9b00a337cf78
  custom:scripting/monoscript/fileName/FastAction.cs: 94d6ead813247e604740a116c5fa92db -> dfbe75b66b645b53472915ad2590af11
  custom:scripting/monoscript/fileName/TMPro_TextContainerEditor.cs: a97aca5bcf1b2486a0f60b2c7a935c42 -> b2fbc5db24221a870c4de162a712cbfe
  custom:scripting/monoscript/fileName/TMP_TextAlignmentDrawer.cs: ad15f73780bb9949f148eddcc3c3fbf7 -> 011b7908ef5eb5e9dea532c77e85c538
  custom:scripting/monoscript/fileName/TMPro_CreateObjectMenu.cs: e9e63aff764c7e7fd08e66f87103df4d -> ddee59388caa7a56693342f3a805d427
  custom:scripting/monoscript/fileName/TMP_Asset.cs: dcedda1866ab6edcf1af2d4525512628 -> 7e95c8d89188057bea8fc9569c9aa309
  custom:scripting/monoscript/fileName/TMP_ColorGradientEditor.cs: 187fe88a4e95285275d1781f1da14d92 -> ed654c9d45026a5f71e6e9535130c15f
  custom:scripting/monoscript/fileName/TMP_BitmapShaderGUI.cs: ef806c32b355e8831ed4eb3f5e3400ff -> 2ce3ac811452d1d6d82e565157cac3e2
  custom:scripting/monoscript/fileName/TMP_ColorGradientAssetMenu.cs: 79ee3689ecabb3de162f43faa3b27adc -> 83563be632f8167fcdca7878d36901f9
  custom:scripting/monoscript/fileName/TMP_GlyphPropertyDrawer.cs: 75006bca208b32d4fc4710404c538acf -> 56b500a16a5c8f635a7bfdd702279864
  custom:scripting/monoscript/fileName/TMP_SpriteGlyph.cs: 52a9bbe662618c4a5697bdefcba63d59 -> cb4cdca5a4c6415e4f27ee5280164c41
  custom:container-muxer-webm: aa71ff27fc2769a1b78a27578f13a17b -> 
  custom:scripting/monoscript/fileName/TMP_UIStyleManager.cs: f54fffa86b286da3a3329c601ca8d03e -> 66d96f3fa9ea14a5a6ed3f92d3bbe0f1
  custom:video-decoder-webm-vp8: 9c59270c3fd7afecdb556c50c9e8de78 -> 
  custom:scripting/monoscript/fileName/TMPro_EventManager.cs: 9ebed0b1e26a8c995d644c176e696d93 -> 4c7492301243f935f7a463360f91d217
  custom:scripting/monoscript/fileName/GlyphRectPropertyDrawer.cs: d355023434b9b8f82f7070cb40c7c036 -> bdec415148eac17379112822c8814df5
  custom:scripting/monoscript/fileName/TMPro_UGUI_Private.cs: 8f6297df34271fdb1ce2d9607ec6261d -> 90647cc400823b41df847a6cbfc29026
  custom:scripting/monoscript/fileName/TMP_TextElement_Legacy.cs: 33cc86d4b4c35f95c6446ea70ef56fc4 -> 6e11e173cb695b15e8cce3cd1e1cb2a7
  custom:SearchIndexIgnoredProperties: e643bd26f0fe6173181afceb89e7c659 -> 
  custom:scripting/monoscript/fileName/TMP_Settings.cs: 957f1889ca66b295dca8f725cc81558d -> 68d1204aae2aa6d0a54c151b7af443e7
  custom:scripting/monoscript/fileName/TMPro_SortingLayerHelper.cs: e3aabd077ed12370ac46dda129ef572e -> 8b86ad735987eff6a1277352e9e8d9b6
  custom:AudioImporter_EditorPlatform: d09bf68614088b80899f8185d706f6e7 -> 
  custom:scripting/monoscript/fileName/TMP_ResourcesManager.cs: 0d972ba50c38c5b25fe15fb0c61ada2b -> 64252a073d41e9c6f4e95b5f68ac966c
  custom:scripting/monoscript/fileName/TMPro_TexturePostProcessor.cs: d21743efde4e74198703a65b965619ea -> 0750ad2b775120fa59f760172dc340ad
  custom:scripting/monoscript/fileName/TMP_PackageResourceImporter.cs: 5335f4ee7041812300af31a777e4f584 -> 949b6e7fa2132b400d5c4aaf9c34421a
  custom:scripting/monoscript/fileName/TMP_Style.cs: 22d5739edd705d10f980250dcfd7fde0 -> ecc9948baa78373f3076151d1a0642d9
  custom:scripting/monoscript/fileName/TMP_EditorPanelUI.cs: 6242af713a75147e6e5820bfce936424 -> 0c3fb43855adf1da22258c211d01a47d
  custom:scripting/monoscript/fileName/TMP_InputField.cs: 8fed3480abb5543168012b207b39349b -> f7712ab842984f124274656d749eca3d
  custom:scripting/monoscript/fileName/TMP_Sprite.cs: e9945527ea1584af23f8f41ce4b844b4 -> 0ee3c386846aa132dd254421fac18cd1
  custom:scripting/monoscript/fileName/TMP_StyleSheet.cs: b6deb5f646a1f5ad7b696d32618ba797 -> de73099b6bd4b9281c92feedf1315618
  custom:scripting/monoscript/fileName/TMP_PackageUtilities.cs: 029634ff6f667ebc9454d70fde4def50 -> 89e6e95503dd36070edf73e7aaab4557
  custom:scripting/monoscript/fileName/TMP_GlyphPairAdjustmentRecordPropertyDrawer.cs: 6f07d27e8ea91e29d6bd5f39dd8deb23 -> 1a07941369755af9e0a102a45e9058c5
  custom:scripting/monoscript/fileName/TMP_TextUtilities.cs: f68f97869f24792bf3a3694d69de955c -> aab2855e68416a0a1f2f8904059662aa
  custom:scripting/monoscript/fileName/TMP_Dropdown.cs: 39f6048c754db30f2da2ea32254db16b -> ecea2f8babcb40d207d2e73158251f60
  custom:scripting/monoscript/fileName/TMP_CharacterInfo.cs: d2593478681404ce2cbd40e4e2f8a6d3 -> c840ce0b0aa6c1faafb27b3b884b2328
  custom:scripting/monoscript/fileName/TMP_ListPool.cs: 8f6297df34271fdb1ce2d9607ec6261d -> 90647cc400823b41df847a6cbfc29026
  custom:scripting/monoscript/fileName/MaterialReferenceManager.cs: eaedc912311d98c6b58e199f6250c848 -> c970e86594a0f568cbda548f2d4462c1
  custom:scripting/monoscript/fileName/ITextPreProcessor.cs: 28ed6b2ca482997555fb0291bd20c40d -> a7aa94de5d5bfce2bdd74516315faaf2
  custom:scripting/monoscript/fileName/TMPro_EditorShaderUtilities.cs: 1203fb3feabf58cb81d888055364f838 -> f4cbef9348a73d49f1efb8d10ff07bf0
  custom:scripting/monoscript/fileName/GlyphMetricsPropertyDrawer.cs: dd0833870bcea17556e6d67c750c6ffc -> 438b07e6eae795dab04c32f51ac4e752
  custom:scripting/monoscript/fileName/TMP_DefaultControls.cs: 1798ee96b3c83cf7d4cea690bb04976a -> 2673e29173eb9307fa53ee17c15332ed
  custom:video-encoder-webm-vp8: eb34c28f22e8b96e1ab97ce403110664 -> 
  custom:scripting/monoscript/fileName/TMP_RichTextTagsCommon.cs: d28b21b13d6cea8fa92671f9a2a1f20d -> 5462d55f8a9ad882f9a7f2d708a6978b
  custom:scripting/monoscript/fileName/TMPro_ExtensionMethods.cs: 3d34decc871f763d4c9c61f1fe0f3275 -> 479bffcc157b89693ffc4c2ef2374861
  custom:audio-decoder-ogg-vorbis: bf7c407c2cedff20999df2af8eb42d56 -> 
  custom:scripting/monoscript/fileName/TMPro_MeshUtilities.cs: 183dd3a7e1b70c109767dd5059a390dd -> 2237d160e4d9e81a7d899dc235029cb3
  custom:scripting/monoscript/fileName/TMP_Compatibility.cs: d5209fd9c6a9aef9cccdbfb4f06bd571 -> 3ef1f12d3c823dd740c7c596ab076c61
  custom:scripting/monoscript/fileName/TMP_SpriteAssetImportFormats.cs: 3cc56654a2015a96112916e9636fbe6f -> 920e3140228fbd530b0080254da22d88
  custom:scripting/monoscript/fileName/TMP_StyleAssetMenu.cs: d695e815510410a6715fa00ae5e73f57 -> 60e7743122a0686d1131101c521adac6
  custom:scripting/monoscript/fileName/TMP_MaterialManager.cs: 1382feee688fee3eebaa5e9d7b47e98d -> 441d72ec3c04a8da6a351f60fff95465
  custom:scripting/monoscript/fileName/TMP_SpriteAsset.cs: b46309090c7f7da519ff6ef3172bd077 -> 8d06882cb45c7664f8d7c3079ee8757f
  custom:scripting/monoscript/fileName/TMP_ResourcesLoader.cs: f71e35ced40721d6906e578fb6e7f0e9 -> 6f1f07799f3cfe795f955033c27f98ed
  custom:scripting/monoscript/fileName/TMP_FontFeaturesCommon.cs: 89ff6ee76bb6f84827488d597e70ea5a -> 7d1db71d73353e7dd97f094c509882fa
  custom:scripting/monoscript/fileName/TMP_LineInfo.cs: 22ff02e7762110d3cc1f4bc096ea014d -> bb529d63c9723788bd7143f27cd69eaf
  custom:scripting/monoscript/fileName/TMP_EditorPanel.cs: 0bd13db7cdfa07805bfadd631c0ddba8 -> 0631f68be4ca0623bf3e313ec9becbc9
  custom:audio-encoder-webm-vorbis: bf7c407c2cedff20999df2af8eb42d56 -> 
  custom:scripting/monoscript/fileName/TMP_BaseShaderGUI.cs: 2c2d4519754bb0c1dd0a107014b7ac8a -> 25118693f24c47c8a4b530b8bff26574
  custom:scripting/monoscript/fileName/TMP_SpriteAssetImporter.cs: 06875a6ac5102e58811218e1c5dd33ca -> 675c97d72afe988872a20f51812f7cdf
  custom:scripting/monoscript/fileName/TMP_SpriteAssetEditor.cs: 7dcaf47692799a91aa4e5cd439bc54d0 -> 8a42af05e85c0eed4128787976375b45
  custom:scripting/monoscript/fileName/TMP_Character.cs: 2bff3626198e4d2228876f1e687078e0 -> 015720458ea991fbf07357eae19532db
  custom:scripting/monoscript/fileName/TMP_SubMesh.cs: ff760a824537d48706351b95c8d4be21 -> 9fd75270af40187985e5c14cc85ebe42
  custom:scripting/monoscript/fileName/TMP_CoroutineTween.cs: d4d869f6662b40274a62453f83c8a425 -> 76849b8d6d4ce499ad8ffee762e4a4af
  custom:scripting/monoscript/fileName/TMP_SpriteAnimator.cs: 126f1482d1430ed8648c2a6d8d693c6d -> bf3a797c3a059d3698e93e0031d7f11c
  custom:scripting/monoscript/fileName/TMP_TextProcessingStack.cs: ef8795fce16f80562f220a2f8bcb6bd2 -> 6146dd1b7f9b90aa342ef9794e387c23
  custom:scripting/monoscript/fileName/TMP_InputValidator.cs: e99335724872b7fcd0e5352c682debe0 -> 5e0d679d98dae60baa87977011e0ed51
  custom:scripting/monoscript/fileName/TMP_SelectionCaret.cs: ed141b1915a10b9c7ff9136666b54ee9 -> d2a06fefe973175bffa10d62f788c481
========================================================================
Received Import Request.
  Time since last request: 92405.457666 seconds.
  path: Assets/Mesh/M_Hair_04_def.obj
  artifactKey: Guid(d6320224239d6284496112e79f190227) Importer(815301076,1909f56bfc062723c751e8b465ee728b)
Start importing Assets/Mesh/M_Hair_04_def.obj using Guid(d6320224239d6284496112e79f190227) Importer(815301076,1909f56bfc062723c751e8b465ee728b)  -> (artifact id: '5aa3acba7a1558cd3a9f384cd267ca0c') in 0.137652 seconds
Number of updated asset objects reloaded before import = 0
Number of asset objects unloaded after import = 10
========================================================================
Received Import Request.
  Time since last request: 0.000027 seconds.
  path: Assets/Mesh/M_HairAcc #22722.obj
  artifactKey: Guid(a6a2c568807598f4ba0c8f7868cdb78e) Importer(815301076,1909f56bfc062723c751e8b465ee728b)
Start importing Assets/Mesh/M_HairAcc #22722.obj using Guid(a6a2c568807598f4ba0c8f7868cdb78e) Importer(815301076,1909f56bfc062723c751e8b465ee728b)  -> (artifact id: '416b69603601d4e520ba1e594a590b7c') in 0.022452 seconds
Number of updated asset objects reloaded before import = 0
Number of asset objects unloaded after import = 10
========================================================================
Received Import Request.
  Time since last request: 59.411121 seconds.
  path: Assets/Mesh/M_HairAho #9075.obj
  artifactKey: Guid(5fa0063787cf88f4da8ea0ee6372579d) Importer(815301076,1909f56bfc062723c751e8b465ee728b)
Start importing Assets/Mesh/M_HairAho #9075.obj using Guid(5fa0063787cf88f4da8ea0ee6372579d) Importer(815301076,1909f56bfc062723c751e8b465ee728b)  -> (artifact id: '51cabe66fab92687aa915413a5ed80b0') in 0.021527 seconds
Number of updated asset objects reloaded before import = 0
Number of asset objects unloaded after import = 10
========================================================================
Received Import Request.
  Time since last request: 0.000016 seconds.
  path: Assets/Mesh/M_HairAhoge #15220.obj
  artifactKey: Guid(f280c812676f2ce42906b7542e74e938) Importer(815301076,1909f56bfc062723c751e8b465ee728b)
Start importing Assets/Mesh/M_HairAhoge #15220.obj using Guid(f280c812676f2ce42906b7542e74e938) Importer(815301076,1909f56bfc062723c751e8b465ee728b)  -> (artifact id: '05cad2c5991e52fdf5beac86ab4a8e8b') in 0.021420 seconds
Number of updated asset objects reloaded before import = 0
Number of asset objects unloaded after import = 10
========================================================================
Received Import Request.
  Time since last request: 0.000021 seconds.
  path: Assets/Mesh/M_HairBack03.obj
  artifactKey: Guid(025f461e2fff3a04d8b2712ecfe3ca17) Importer(815301076,1909f56bfc062723c751e8b465ee728b)
Start importing Assets/Mesh/M_HairBack03.obj using Guid(025f461e2fff3a04d8b2712ecfe3ca17) Importer(815301076,1909f56bfc062723c751e8b465ee728b)  -> (artifact id: '428d23c89d764883df91f3ba2800e408') in 0.023258 seconds
Number of updated asset objects reloaded before import = 0
Number of asset objects unloaded after import = 10
========================================================================
Received Import Request.
  Time since last request: 0.000017 seconds.
  path: Assets/Mesh/M_HairBack01.obj
  artifactKey: Guid(5cbe34e0075430b49b3d5587314c70a5) Importer(815301076,1909f56bfc062723c751e8b465ee728b)
Start importing Assets/Mesh/M_HairBack01.obj using Guid(5cbe34e0075430b49b3d5587314c70a5) Importer(815301076,1909f56bfc062723c751e8b465ee728b)  -> (artifact id: '54167e8663c84c675300ce1e9d8e8643') in 0.021325 seconds
Number of updated asset objects reloaded before import = 0
Number of asset objects unloaded after import = 10
========================================================================
Received Import Request.
  Time since last request: 0.000016 seconds.
  path: Assets/Mesh/M_HairAho #19847.obj
  artifactKey: Guid(ed568413d2d368f4bba6454bd9356c4b) Importer(815301076,1909f56bfc062723c751e8b465ee728b)
Start importing Assets/Mesh/M_HairAho #19847.obj using Guid(ed568413d2d368f4bba6454bd9356c4b) Importer(815301076,1909f56bfc062723c751e8b465ee728b)  -> (artifact id: '3ecf3714c52aa7feee8c04b40a5f25a4') in 0.020804 seconds
Number of updated asset objects reloaded before import = 0
Number of asset objects unloaded after import = 10
========================================================================
Received Import Request.
  Time since last request: 0.000023 seconds.
  path: Assets/Mesh/M_HairBK01 #7911.obj
  artifactKey: Guid(6472d2cdd57030445bd9741f24a5509a) Importer(815301076,1909f56bfc062723c751e8b465ee728b)
Start importing Assets/Mesh/M_HairBK01 #7911.obj using Guid(6472d2cdd57030445bd9741f24a5509a) Importer(815301076,1909f56bfc062723c751e8b465ee728b)  -> (artifact id: 'e0f3886fccfb773ffb4834e2924542ab') in 0.020760 seconds
Number of updated asset objects reloaded before import = 0
Number of asset objects unloaded after import = 10
========================================================================
Received Import Request.
  Time since last request: 0.000019 seconds.
  path: Assets/Mesh/M_HairBK #9398.obj
  artifactKey: Guid(0a547a73fe199a8448df5e359080db34) Importer(815301076,1909f56bfc062723c751e8b465ee728b)
Start importing Assets/Mesh/M_HairBK #9398.obj using Guid(0a547a73fe199a8448df5e359080db34) Importer(815301076,1909f56bfc062723c751e8b465ee728b)  -> (artifact id: 'fb60b3c63fe55d9dd853679436ec3196') in 0.023106 seconds
Number of updated asset objects reloaded before import = 0
Number of asset objects unloaded after import = 10
========================================================================
Received Import Request.
  Time since last request: 0.000015 seconds.
  path: Assets/Mesh/M_HairBK01 #13461.obj
  artifactKey: Guid(a80afdb61a859424b9b8788d9422f91e) Importer(815301076,1909f56bfc062723c751e8b465ee728b)
Start importing Assets/Mesh/M_HairBK01 #13461.obj using Guid(a80afdb61a859424b9b8788d9422f91e) Importer(815301076,1909f56bfc062723c751e8b465ee728b)  -> (artifact id: 'd82fbc07316ed65f666f285bc8737626') in 0.019422 seconds
Number of updated asset objects reloaded before import = 0
Number of asset objects unloaded after import = 10
========================================================================
Received Import Request.
  Time since last request: 0.000016 seconds.
  path: Assets/Mesh/M_HairBK01 #17377.obj
  artifactKey: Guid(6c08e7d5840e7d5409080ef2f862aa29) Importer(815301076,1909f56bfc062723c751e8b465ee728b)
Start importing Assets/Mesh/M_HairBK01 #17377.obj using Guid(6c08e7d5840e7d5409080ef2f862aa29) Importer(815301076,1909f56bfc062723c751e8b465ee728b)  -> (artifact id: 'c26b2743746aee18f43fcc45b0a00b89') in 0.018707 seconds
Number of updated asset objects reloaded before import = 0
Number of asset objects unloaded after import = 10
========================================================================
Received Import Request.
  Time since last request: 0.000016 seconds.
  path: Assets/Mesh/M_HairBK01 #18633.obj
  artifactKey: Guid(bb0f8b8feb9f1aa4aada2df012abd3d7) Importer(815301076,1909f56bfc062723c751e8b465ee728b)
Start importing Assets/Mesh/M_HairBK01 #18633.obj using Guid(bb0f8b8feb9f1aa4aada2df012abd3d7) Importer(815301076,1909f56bfc062723c751e8b465ee728b)  -> (artifact id: '3d2c5fd76a5a6f4d3add557b9eea67fe') in 0.021944 seconds
Number of updated asset objects reloaded before import = 0
Number of asset objects unloaded after import = 10
========================================================================
Received Import Request.
  Time since last request: 0.000018 seconds.
  path: Assets/Mesh/M_HairBK01 #19333.obj
  artifactKey: Guid(faa846203da632242b695f24ddbedd2d) Importer(815301076,1909f56bfc062723c751e8b465ee728b)
Start importing Assets/Mesh/M_HairBK01 #19333.obj using Guid(faa846203da632242b695f24ddbedd2d) Importer(815301076,1909f56bfc062723c751e8b465ee728b)  -> (artifact id: 'adfed9dc70d77dd666b7c7556735f2cf') in 0.022147 seconds
Number of updated asset objects reloaded before import = 0
Number of asset objects unloaded after import = 10
========================================================================
Received Import Request.
  Time since last request: 0.000022 seconds.
  path: Assets/Mesh/M_HairBK01 #18955.obj
  artifactKey: Guid(8d37f896d61ac5f41a43d7f16b0d8375) Importer(815301076,1909f56bfc062723c751e8b465ee728b)
Start importing Assets/Mesh/M_HairBK01 #18955.obj using Guid(8d37f896d61ac5f41a43d7f16b0d8375) Importer(815301076,1909f56bfc062723c751e8b465ee728b)  -> (artifact id: '22d565cdcd9146ba7e78aa1389ff2a66') in 0.020462 seconds
Number of updated asset objects reloaded before import = 0
Number of asset objects unloaded after import = 10
========================================================================
Received Import Request.
  Time since last request: 0.000020 seconds.
  path: Assets/Mesh/M_HairBK01 #10928.obj
  artifactKey: Guid(9380f68b65f3a594db5206713d867ab3) Importer(815301076,1909f56bfc062723c751e8b465ee728b)
Start importing Assets/Mesh/M_HairBK01 #10928.obj using Guid(9380f68b65f3a594db5206713d867ab3) Importer(815301076,1909f56bfc062723c751e8b465ee728b)  -> (artifact id: '14c9594e4badf745c41929e837ce85f7') in 0.020830 seconds
Number of updated asset objects reloaded before import = 0
Number of asset objects unloaded after import = 10
========================================================================
Received Import Request.
  Time since last request: 0.000017 seconds.
  path: Assets/Mesh/M_HairBK01 #8814.obj
  artifactKey: Guid(5c8feff8494d0f946b41c33c81eae719) Importer(815301076,1909f56bfc062723c751e8b465ee728b)
Start importing Assets/Mesh/M_HairBK01 #8814.obj using Guid(5c8feff8494d0f946b41c33c81eae719) Importer(815301076,1909f56bfc062723c751e8b465ee728b)  -> (artifact id: 'cffd92ff96333f7be7237d55aaa2f36e') in 0.021378 seconds
Number of updated asset objects reloaded before import = 0
Number of asset objects unloaded after import = 10
========================================================================
Received Import Request.
  Time since last request: 0.000017 seconds.
  path: Assets/Mesh/M_HairBK01 #18488.obj
  artifactKey: Guid(8691d76de81033f43a298822d96508d9) Importer(815301076,1909f56bfc062723c751e8b465ee728b)
Start importing Assets/Mesh/M_HairBK01 #18488.obj using Guid(8691d76de81033f43a298822d96508d9) Importer(815301076,1909f56bfc062723c751e8b465ee728b)  -> (artifact id: '3b78f4e146e8b8247a76701197bb2cb3') in 0.019776 seconds
Number of updated asset objects reloaded before import = 0
Number of asset objects unloaded after import = 10
========================================================================
Received Import Request.
  Time since last request: 0.000024 seconds.
  path: Assets/Mesh/M_HairBK01 #14788.obj
  artifactKey: Guid(3a8671d51fef38543a667278c8f572d3) Importer(815301076,1909f56bfc062723c751e8b465ee728b)
Start importing Assets/Mesh/M_HairBK01 #14788.obj using Guid(3a8671d51fef38543a667278c8f572d3) Importer(815301076,1909f56bfc062723c751e8b465ee728b)  -> (artifact id: 'a63f82b9df3ef852c04c8201b188de8e') in 0.020825 seconds
Number of updated asset objects reloaded before import = 0
Number of asset objects unloaded after import = 10
========================================================================
Received Import Request.
  Time since last request: 0.125827 seconds.
  path: Assets/Mesh/M_HairFR01 #14401.obj
  artifactKey: Guid(a2ef95314f9c68549b11d2aad00f28b6) Importer(815301076,1909f56bfc062723c751e8b465ee728b)
Start importing Assets/Mesh/M_HairFR01 #14401.obj using Guid(a2ef95314f9c68549b11d2aad00f28b6) Importer(815301076,1909f56bfc062723c751e8b465ee728b)  -> (artifact id: '5e446633a18a19f841ff803c4c2f70b0') in 0.020611 seconds
Number of updated asset objects reloaded before import = 0
Number of asset objects unloaded after import = 10
========================================================================
Received Import Request.
  Time since last request: 0.000016 seconds.
  path: Assets/Mesh/M_HairFR01 #15015.obj
  artifactKey: Guid(d49f965efa50dc14abc41b5bcdf58125) Importer(815301076,1909f56bfc062723c751e8b465ee728b)
Start importing Assets/Mesh/M_HairFR01 #15015.obj using Guid(d49f965efa50dc14abc41b5bcdf58125) Importer(815301076,1909f56bfc062723c751e8b465ee728b)  -> (artifact id: '0237fa5d026097288fcfdf8a8029890a') in 0.022881 seconds
Number of updated asset objects reloaded before import = 0
Number of asset objects unloaded after import = 10
========================================================================
Received Import Request.
  Time since last request: 0.001934 seconds.
  path: Assets/Mesh/M_HairFR01 #18701.obj
  artifactKey: Guid(b5ddbe5910bf27c4a8e6519f8d03e845) Importer(815301076,1909f56bfc062723c751e8b465ee728b)
Start importing Assets/Mesh/M_HairFR01 #18701.obj using Guid(b5ddbe5910bf27c4a8e6519f8d03e845) Importer(815301076,1909f56bfc062723c751e8b465ee728b)  -> (artifact id: '04d0a7011a1cd04174e507edc70c369b') in 0.020087 seconds
Number of updated asset objects reloaded before import = 0
Number of asset objects unloaded after import = 10
========================================================================
Received Import Request.
  Time since last request: 0.000015 seconds.
  path: Assets/Mesh/M_HairFR01 #20273.obj
  artifactKey: Guid(2c16df7d824143d4a8ff118bab32d959) Importer(815301076,1909f56bfc062723c751e8b465ee728b)
Start importing Assets/Mesh/M_HairFR01 #20273.obj using Guid(2c16df7d824143d4a8ff118bab32d959) Importer(815301076,1909f56bfc062723c751e8b465ee728b)  -> (artifact id: 'de0bd61db6afb9363e74cb3c526f07c4') in 0.021483 seconds
Number of updated asset objects reloaded before import = 0
Number of asset objects unloaded after import = 10
========================================================================
Received Import Request.
  Time since last request: 0.000019 seconds.
  path: Assets/Mesh/M_HairFR02.obj
  artifactKey: Guid(6b0d9e4555f05284daed41ce46b1fe52) Importer(815301076,1909f56bfc062723c751e8b465ee728b)
Start importing Assets/Mesh/M_HairFR02.obj using Guid(6b0d9e4555f05284daed41ce46b1fe52) Importer(815301076,1909f56bfc062723c751e8b465ee728b)  -> (artifact id: '62fef2d7c9b8c2e508a7518cd50f149a') in 0.020848 seconds
Number of updated asset objects reloaded before import = 0
Number of asset objects unloaded after import = 10
========================================================================
Received Import Request.
  Time since last request: 0.000024 seconds.
  path: Assets/Mesh/M_HairFR02 #15151.obj
  artifactKey: Guid(687a4c26e709f6146b7acbba79a0922b) Importer(815301076,1909f56bfc062723c751e8b465ee728b)
Start importing Assets/Mesh/M_HairFR02 #15151.obj using Guid(687a4c26e709f6146b7acbba79a0922b) Importer(815301076,1909f56bfc062723c751e8b465ee728b)  -> (artifact id: '06bd92bfba412ab57db61afad202dbdf') in 0.023138 seconds
Number of updated asset objects reloaded before import = 0
Number of asset objects unloaded after import = 10
========================================================================
Received Import Request.
  Time since last request: 0.000016 seconds.
  path: Assets/Mesh/M_HairFR02 #23002.obj
  artifactKey: Guid(1109bfb1480a9ed4bb91bfabb80385da) Importer(815301076,1909f56bfc062723c751e8b465ee728b)
Start importing Assets/Mesh/M_HairFR02 #23002.obj using Guid(1109bfb1480a9ed4bb91bfabb80385da) Importer(815301076,1909f56bfc062723c751e8b465ee728b)  -> (artifact id: '8530ecd20b0f8e215e80253928469aa4') in 0.020712 seconds
Number of updated asset objects reloaded before import = 0
Number of asset objects unloaded after import = 10
========================================================================
Received Import Request.
  Time since last request: 0.000017 seconds.
  path: Assets/Mesh/M_HairMitsuami.obj
  artifactKey: Guid(f02e24cc41b2d0d4ba0a82ab9775f78d) Importer(815301076,1909f56bfc062723c751e8b465ee728b)
Start importing Assets/Mesh/M_HairMitsuami.obj using Guid(f02e24cc41b2d0d4ba0a82ab9775f78d) Importer(815301076,1909f56bfc062723c751e8b465ee728b)  -> (artifact id: '18dce65c043c736fe958686c0a740681') in 0.021091 seconds
Number of updated asset objects reloaded before import = 0
Number of asset objects unloaded after import = 10
========================================================================
Received Import Request.
  Time since last request: 0.000016 seconds.
  path: Assets/Mesh/M_HairOP01 #9451.obj
  artifactKey: Guid(b0e3a7c37b937bb479900abac15e426e) Importer(815301076,1909f56bfc062723c751e8b465ee728b)
Start importing Assets/Mesh/M_HairOP01 #9451.obj using Guid(b0e3a7c37b937bb479900abac15e426e) Importer(815301076,1909f56bfc062723c751e8b465ee728b)  -> (artifact id: '5efec8da81f39b0c14c3c2223983570d') in 0.021528 seconds
Number of updated asset objects reloaded before import = 0
Number of asset objects unloaded after import = 10
========================================================================
Received Import Request.
  Time since last request: 0.000018 seconds.
  path: Assets/Mesh/M_HairOP01 #13459.obj
  artifactKey: Guid(4fcc7301a5f6e8844b3240bc36e898b1) Importer(815301076,1909f56bfc062723c751e8b465ee728b)
Start importing Assets/Mesh/M_HairOP01 #13459.obj using Guid(4fcc7301a5f6e8844b3240bc36e898b1) Importer(815301076,1909f56bfc062723c751e8b465ee728b)  -> (artifact id: '684db3f16c4e8bb1daf400b727ed7ccf') in 0.021870 seconds
Number of updated asset objects reloaded before import = 0
Number of asset objects unloaded after import = 10
========================================================================
Received Import Request.
  Time since last request: 0.000015 seconds.
  path: Assets/Mesh/M_HairOP01 #17420.obj
  artifactKey: Guid(3a057ced0d67316429af0de406c76e33) Importer(815301076,1909f56bfc062723c751e8b465ee728b)
Start importing Assets/Mesh/M_HairOP01 #17420.obj using Guid(3a057ced0d67316429af0de406c76e33) Importer(815301076,1909f56bfc062723c751e8b465ee728b)  -> (artifact id: 'cf9182305603433b6da76d8d3a7e8210') in 0.019877 seconds
Number of updated asset objects reloaded before import = 0
Number of asset objects unloaded after import = 10
========================================================================
Received Import Request.
  Time since last request: 0.000017 seconds.
  path: Assets/Mesh/M_HairOP01 #19281.obj
  artifactKey: Guid(2eaf53acbbb85e34eabf36a0fb267265) Importer(815301076,1909f56bfc062723c751e8b465ee728b)
Start importing Assets/Mesh/M_HairOP01 #19281.obj using Guid(2eaf53acbbb85e34eabf36a0fb267265) Importer(815301076,1909f56bfc062723c751e8b465ee728b)  -> (artifact id: '57f6ca0bbc6dd288e2058997547d36e6') in 0.020767 seconds
Number of updated asset objects reloaded before import = 0
Number of asset objects unloaded after import = 10
========================================================================
Received Import Request.
  Time since last request: 0.000017 seconds.
  path: Assets/Mesh/M_HairOP02 #22586.obj
  artifactKey: Guid(0f36994f79fe3f24db6f22b9725c0676) Importer(815301076,1909f56bfc062723c751e8b465ee728b)
Start importing Assets/Mesh/M_HairOP02 #22586.obj using Guid(0f36994f79fe3f24db6f22b9725c0676) Importer(815301076,1909f56bfc062723c751e8b465ee728b)  -> (artifact id: 'dbb416b7ba7828e83c580a4ea1e6361c') in 0.020128 seconds
Number of updated asset objects reloaded before import = 0
Number of asset objects unloaded after import = 10
========================================================================
Received Import Request.
  Time since last request: 0.000017 seconds.
  path: Assets/Mesh/M_HairFR01 #22873.obj
  artifactKey: Guid(2a2c538bde1d5e34eb91f6e2396547a2) Importer(815301076,1909f56bfc062723c751e8b465ee728b)
Start importing Assets/Mesh/M_HairFR01 #22873.obj using Guid(2a2c538bde1d5e34eb91f6e2396547a2) Importer(815301076,1909f56bfc062723c751e8b465ee728b)  -> (artifact id: '80c781e2739ae815f49bb0f5a86a3c5d') in 0.020871 seconds
Number of updated asset objects reloaded before import = 0
Number of asset objects unloaded after import = 10
========================================================================
Received Import Request.
  Time since last request: 0.000021 seconds.
  path: Assets/Mesh/M_HairSD01.obj
  artifactKey: Guid(573adc3392c5db542a6f0dd415a25914) Importer(815301076,1909f56bfc062723c751e8b465ee728b)
Start importing Assets/Mesh/M_HairSD01.obj using Guid(573adc3392c5db542a6f0dd415a25914) Importer(815301076,1909f56bfc062723c751e8b465ee728b)  -> (artifact id: '31c8749a9d056489716eee981ae03822') in 0.019903 seconds
Number of updated asset objects reloaded before import = 0
Number of asset objects unloaded after import = 10
========================================================================
Received Import Request.
  Time since last request: 0.000021 seconds.
  path: Assets/Mesh/M_HairTL01.obj
  artifactKey: Guid(dbeed8310fcfdb546ad96fc382e66295) Importer(815301076,1909f56bfc062723c751e8b465ee728b)
Start importing Assets/Mesh/M_HairTL01.obj using Guid(dbeed8310fcfdb546ad96fc382e66295) Importer(815301076,1909f56bfc062723c751e8b465ee728b)  -> (artifact id: 'd6464d0865f8cbfb0e5a7a5ad8f4f6fa') in 0.020728 seconds
Number of updated asset objects reloaded before import = 0
Number of asset objects unloaded after import = 10
========================================================================
Received Import Request.
  Time since last request: 0.000032 seconds.
  path: Assets/Mesh/M_HairTL01 #22774.obj
  artifactKey: Guid(eef08518ea885294c883039bc449f059) Importer(815301076,1909f56bfc062723c751e8b465ee728b)
Start importing Assets/Mesh/M_HairTL01 #22774.obj using Guid(eef08518ea885294c883039bc449f059) Importer(815301076,1909f56bfc062723c751e8b465ee728b)  -> (artifact id: 'ea33bda7c9721f9336b36c5b6b52e28f') in 0.020764 seconds
Number of updated asset objects reloaded before import = 0
Number of asset objects unloaded after import = 10
========================================================================
Received Import Request.
  Time since last request: 0.000022 seconds.
  path: Assets/Mesh/M_HairTP.obj
  artifactKey: Guid(8b7d14f0da4eb524ba653771cfb8ab4a) Importer(815301076,1909f56bfc062723c751e8b465ee728b)
Start importing Assets/Mesh/M_HairTP.obj using Guid(8b7d14f0da4eb524ba653771cfb8ab4a) Importer(815301076,1909f56bfc062723c751e8b465ee728b)  -> (artifact id: 'eefc9a71294fa09187a9f5345a3d9a1d') in 0.020694 seconds
Number of updated asset objects reloaded before import = 0
Number of asset objects unloaded after import = 10
========================================================================
Received Import Request.
  Time since last request: 0.000020 seconds.
  path: Assets/Mesh/M_HairTP01 #19108.obj
  artifactKey: Guid(ad3cd918070c13045b68f7e8d1a9b357) Importer(815301076,1909f56bfc062723c751e8b465ee728b)
Start importing Assets/Mesh/M_HairTP01 #19108.obj using Guid(ad3cd918070c13045b68f7e8d1a9b357) Importer(815301076,1909f56bfc062723c751e8b465ee728b)  -> (artifact id: '85d4641e870d8ab66abfa35c2ad79bf3') in 0.020363 seconds
Number of updated asset objects reloaded before import = 0
Number of asset objects unloaded after import = 10
========================================================================
Received Import Request.
  Time since last request: 0.000019 seconds.
  path: Assets/Mesh/M_Head.obj
  artifactKey: Guid(56254308b10fbed4fbbdfdeb8296d896) Importer(815301076,1909f56bfc062723c751e8b465ee728b)
Start importing Assets/Mesh/M_Head.obj using Guid(56254308b10fbed4fbbdfdeb8296d896) Importer(815301076,1909f56bfc062723c751e8b465ee728b)  -> (artifact id: 'dc85f7f7ab60f2cf3bbbe316792f0345') in 0.019840 seconds
Number of updated asset objects reloaded before import = 0
Number of asset objects unloaded after import = 10
========================================================================
Received Import Request.
  Time since last request: 0.000016 seconds.
  path: Assets/Mesh/M_Head #23643.obj
  artifactKey: Guid(c2717f15b0dba9946be4deb56ebaa3b8) Importer(815301076,1909f56bfc062723c751e8b465ee728b)
Start importing Assets/Mesh/M_Head #23643.obj using Guid(c2717f15b0dba9946be4deb56ebaa3b8) Importer(815301076,1909f56bfc062723c751e8b465ee728b)  -> (artifact id: 'c761688f306eeb35915b8389ef52cce2') in 0.020269 seconds
Number of updated asset objects reloaded before import = 0
Number of asset objects unloaded after import = 10
========================================================================
Received Import Request.
  Time since last request: 0.000022 seconds.
  path: Assets/Mesh/M_Head #24074.obj
  artifactKey: Guid(3083439849eb3b745bfec1acb559ca54) Importer(815301076,1909f56bfc062723c751e8b465ee728b)
Start importing Assets/Mesh/M_Head #24074.obj using Guid(3083439849eb3b745bfec1acb559ca54) Importer(815301076,1909f56bfc062723c751e8b465ee728b)  -> (artifact id: '07e7c23a56dcfde847596c2e5dd511d9') in 0.024214 seconds
Number of updated asset objects reloaded before import = 0
Number of asset objects unloaded after import = 10
========================================================================
Received Import Request.
  Time since last request: 0.000019 seconds.
  path: Assets/Mesh/M_HairOP04.obj
  artifactKey: Guid(50a06c3da13d59a46ada5f8c8621f28f) Importer(815301076,1909f56bfc062723c751e8b465ee728b)
Start importing Assets/Mesh/M_HairOP04.obj using Guid(50a06c3da13d59a46ada5f8c8621f28f) Importer(815301076,1909f56bfc062723c751e8b465ee728b)  -> (artifact id: '9788645bb47a961f8bfdb816d8ac1911') in 0.021804 seconds
Number of updated asset objects reloaded before import = 0
Number of asset objects unloaded after import = 10
========================================================================
Received Import Request.
  Time since last request: 0.000018 seconds.
  path: Assets/Mesh/M_HairTL02.obj
  artifactKey: Guid(cc4d66a6963c6d847bece77dee49de45) Importer(815301076,1909f56bfc062723c751e8b465ee728b)
Start importing Assets/Mesh/M_HairTL02.obj using Guid(cc4d66a6963c6d847bece77dee49de45) Importer(815301076,1909f56bfc062723c751e8b465ee728b)  -> (artifact id: '840bb1708b1635f9bed97d6a7373db05') in 0.019350 seconds
Number of updated asset objects reloaded before import = 0
Number of asset objects unloaded after import = 10
========================================================================
Received Import Request.
  Time since last request: 0.000018 seconds.
  path: Assets/Mesh/M_HairURA.obj
  artifactKey: Guid(dad7e479a2af39f41affc162179490b2) Importer(815301076,1909f56bfc062723c751e8b465ee728b)
Start importing Assets/Mesh/M_HairURA.obj using Guid(dad7e479a2af39f41affc162179490b2) Importer(815301076,1909f56bfc062723c751e8b465ee728b)  -> (artifact id: '232233b266d5b036da6378a71efefeed') in 0.021850 seconds
Number of updated asset objects reloaded before import = 0
Number of asset objects unloaded after import = 10
========================================================================
Received Import Request.
  Time since last request: 0.000014 seconds.
  path: Assets/Mesh/M_HairOP01 #11643.obj
  artifactKey: Guid(8cbab01d429981b4a905c42c380082ec) Importer(815301076,1909f56bfc062723c751e8b465ee728b)
Start importing Assets/Mesh/M_HairOP01 #11643.obj using Guid(8cbab01d429981b4a905c42c380082ec) Importer(815301076,1909f56bfc062723c751e8b465ee728b)  -> (artifact id: '01a843b1ae2e86205cc3e1ccd7bfa439') in 0.021268 seconds
Number of updated asset objects reloaded before import = 0
Number of asset objects unloaded after import = 10
========================================================================
Received Import Request.
  Time since last request: 0.000097 seconds.
  path: Assets/Mesh/M_HairTp00.obj
  artifactKey: Guid(7d690e40ba5afb94887d61cdc0225cb8) Importer(815301076,1909f56bfc062723c751e8b465ee728b)
Start importing Assets/Mesh/M_HairTp00.obj using Guid(7d690e40ba5afb94887d61cdc0225cb8) Importer(815301076,1909f56bfc062723c751e8b465ee728b)  -> (artifact id: '0f8231b9e43e2411fabb69d4ea829c51') in 0.021716 seconds
Number of updated asset objects reloaded before import = 0
Number of asset objects unloaded after import = 10
========================================================================
Received Import Request.
  Time since last request: 0.000023 seconds.
  path: Assets/Mesh/M_HairFR01 #23077.obj
  artifactKey: Guid(8dc35cd991435dc449dd8bb2657f3ea0) Importer(815301076,1909f56bfc062723c751e8b465ee728b)
Start importing Assets/Mesh/M_HairFR01 #23077.obj using Guid(8dc35cd991435dc449dd8bb2657f3ea0) Importer(815301076,1909f56bfc062723c751e8b465ee728b)  -> (artifact id: '35492423a4e732133870a2c1ffbbf8b1') in 0.019648 seconds
Number of updated asset objects reloaded before import = 0
Number of asset objects unloaded after import = 10
========================================================================
Received Import Request.
  Time since last request: 0.056530 seconds.
  path: Assets/Mesh/M_Intercom #29286.obj
  artifactKey: Guid(894b34dee09310c4d9309ef42f2d79f4) Importer(815301076,1909f56bfc062723c751e8b465ee728b)
Start importing Assets/Mesh/M_Intercom #29286.obj using Guid(894b34dee09310c4d9309ef42f2d79f4) Importer(815301076,1909f56bfc062723c751e8b465ee728b)  -> (artifact id: 'f9c54786859420e48a78b4094e15e48a') in 0.028890 seconds
Number of updated asset objects reloaded before import = 0
Number of asset objects unloaded after import = 10
========================================================================
Received Import Request.
  Time since last request: 0.000022 seconds.
  path: Assets/Mesh/M_Intercom #29336.obj
  artifactKey: Guid(c6c95db1bc4f00949b79d837a032428f) Importer(815301076,1909f56bfc062723c751e8b465ee728b)
Start importing Assets/Mesh/M_Intercom #29336.obj using Guid(c6c95db1bc4f00949b79d837a032428f) Importer(815301076,1909f56bfc062723c751e8b465ee728b)  -> (artifact id: 'b678282084077f1b982324d331820c89') in 0.042637 seconds
Number of updated asset objects reloaded before import = 0
Number of asset objects unloaded after import = 10
========================================================================
Received Import Request.
  Time since last request: 0.000020 seconds.
  path: Assets/Mesh/M_Intercom #29401.obj
  artifactKey: Guid(d7d1358d4dbb091418ee59018e67e1ba) Importer(815301076,1909f56bfc062723c751e8b465ee728b)
Start importing Assets/Mesh/M_Intercom #29401.obj using Guid(d7d1358d4dbb091418ee59018e67e1ba) Importer(815301076,1909f56bfc062723c751e8b465ee728b)  -> (artifact id: '2c3aa4d7f088d3c23eed63ad915ff93b') in 0.034822 seconds
Number of updated asset objects reloaded before import = 0
Number of asset objects unloaded after import = 10
========================================================================
Received Import Request.
  Time since last request: 0.000016 seconds.
  path: Assets/Mesh/M_Intercom #29454.obj
  artifactKey: Guid(8d2c0a6da31295648810c08cebc1566f) Importer(815301076,1909f56bfc062723c751e8b465ee728b)
Start importing Assets/Mesh/M_Intercom #29454.obj using Guid(8d2c0a6da31295648810c08cebc1566f) Importer(815301076,1909f56bfc062723c751e8b465ee728b)  -> (artifact id: '77858b11dd3b8cf48b9ec22c262a7ea8') in 0.025805 seconds
Number of updated asset objects reloaded before import = 0
Number of asset objects unloaded after import = 10
========================================================================
Received Import Request.
  Time since last request: 0.000021 seconds.
  path: Assets/Mesh/M_Intercom #29516.obj
  artifactKey: Guid(e998e735170e0d143b33cc27c56f9944) Importer(815301076,1909f56bfc062723c751e8b465ee728b)
Start importing Assets/Mesh/M_Intercom #29516.obj using Guid(e998e735170e0d143b33cc27c56f9944) Importer(815301076,1909f56bfc062723c751e8b465ee728b)  -> (artifact id: 'fe1e683bb26c6eb3c7c228773899d7c7') in 0.023409 seconds
Number of updated asset objects reloaded before import = 0
Number of asset objects unloaded after import = 10
========================================================================
Received Import Request.
  Time since last request: 0.000024 seconds.
  path: Assets/Mesh/M_Intercom #29597.obj
  artifactKey: Guid(e05ee007643a6e94db685d1d0412f6ff) Importer(815301076,1909f56bfc062723c751e8b465ee728b)
Start importing Assets/Mesh/M_Intercom #29597.obj using Guid(e05ee007643a6e94db685d1d0412f6ff) Importer(815301076,1909f56bfc062723c751e8b465ee728b)  -> (artifact id: 'a66f37f1f48c7eb3244c767f4fe59f6a') in 0.023878 seconds
Number of updated asset objects reloaded before import = 0
Number of asset objects unloaded after import = 10
========================================================================
Received Import Request.
  Time since last request: 0.000022 seconds.
  path: Assets/Mesh/M_Intercom #29568.obj
  artifactKey: Guid(83a6ab53f8440294bafb8043536a24ff) Importer(815301076,1909f56bfc062723c751e8b465ee728b)
Start importing Assets/Mesh/M_Intercom #29568.obj using Guid(83a6ab53f8440294bafb8043536a24ff) Importer(815301076,1909f56bfc062723c751e8b465ee728b)  -> (artifact id: 'c976751f8a83ed6ffd5d7a200926ac60') in 0.025695 seconds
Number of updated asset objects reloaded before import = 0
Number of asset objects unloaded after import = 10
========================================================================
Received Import Request.
  Time since last request: 0.000040 seconds.
  path: Assets/Mesh/M_Intercom #29577.obj
  artifactKey: Guid(66f764e6f9bb4384ebac362dabdf4655) Importer(815301076,1909f56bfc062723c751e8b465ee728b)
Start importing Assets/Mesh/M_Intercom #29577.obj using Guid(66f764e6f9bb4384ebac362dabdf4655) Importer(815301076,1909f56bfc062723c751e8b465ee728b)  -> (artifact id: '9ea2a104a2a2ce2ce0a1365de6932feb') in 0.033656 seconds
Number of updated asset objects reloaded before import = 0
Number of asset objects unloaded after import = 10
========================================================================
Received Import Request.
  Time since last request: 0.000020 seconds.
  path: Assets/Mesh/M_Intercom #29478.obj
  artifactKey: Guid(2bd460004b8897b498264b831a3d8bef) Importer(815301076,1909f56bfc062723c751e8b465ee728b)
Start importing Assets/Mesh/M_Intercom #29478.obj using Guid(2bd460004b8897b498264b831a3d8bef) Importer(815301076,1909f56bfc062723c751e8b465ee728b)  -> (artifact id: '1b08c7ba93a85b35ac59e0ee7491b3d6') in 0.025759 seconds
Number of updated asset objects reloaded before import = 0
Number of asset objects unloaded after import = 10
========================================================================
Received Import Request.
  Time since last request: 0.000025 seconds.
  path: Assets/Mesh/M_Intercom #29628.obj
  artifactKey: Guid(9171e671040816a44a4dd5b0dda0f480) Importer(815301076,1909f56bfc062723c751e8b465ee728b)
Start importing Assets/Mesh/M_Intercom #29628.obj using Guid(9171e671040816a44a4dd5b0dda0f480) Importer(815301076,1909f56bfc062723c751e8b465ee728b)  -> (artifact id: 'c63b5377e07f23034e95cfef1011868d') in 0.022205 seconds
Number of updated asset objects reloaded before import = 0
Number of asset objects unloaded after import = 10
========================================================================
Received Import Request.
  Time since last request: 3.115216 seconds.
  path: Assets/Mesh/M_Intercom #29720.obj
  artifactKey: Guid(7c6dd312eb114c24481ce3b8e80961a8) Importer(815301076,1909f56bfc062723c751e8b465ee728b)
Start importing Assets/Mesh/M_Intercom #29720.obj using Guid(7c6dd312eb114c24481ce3b8e80961a8) Importer(815301076,1909f56bfc062723c751e8b465ee728b)  -> (artifact id: '66902c205816fa715234abfb5ddcaf1b') in 0.020773 seconds
Number of updated asset objects reloaded before import = 0
Number of asset objects unloaded after import = 10
========================================================================
Received Import Request.
  Time since last request: 0.000018 seconds.
  path: Assets/Mesh/M_Intercom #29772.obj
  artifactKey: Guid(2a863b93eeaae0d488f71d0055639c50) Importer(815301076,1909f56bfc062723c751e8b465ee728b)
Start importing Assets/Mesh/M_Intercom #29772.obj using Guid(2a863b93eeaae0d488f71d0055639c50) Importer(815301076,1909f56bfc062723c751e8b465ee728b)  -> (artifact id: '1ff82fce1846234de49482abe7a9e946') in 0.020172 seconds
Number of updated asset objects reloaded before import = 0
Number of asset objects unloaded after import = 10
========================================================================
Received Import Request.
  Time since last request: 0.000023 seconds.
  path: Assets/Mesh/M_Intercom #29727.obj
  artifactKey: Guid(a44c94ba44163ac488d75da1baf37b9b) Importer(815301076,1909f56bfc062723c751e8b465ee728b)
Start importing Assets/Mesh/M_Intercom #29727.obj using Guid(a44c94ba44163ac488d75da1baf37b9b) Importer(815301076,1909f56bfc062723c751e8b465ee728b)  -> (artifact id: '0c3da80d66b8ad55aa34ce7e108a96a7') in 0.020748 seconds
Number of updated asset objects reloaded before import = 0
Number of asset objects unloaded after import = 10
========================================================================
Received Import Request.
  Time since last request: 0.000015 seconds.
  path: Assets/Mesh/M_Intercom #29782.obj
  artifactKey: Guid(67f22843af994c14ab0467d7f36020ef) Importer(815301076,1909f56bfc062723c751e8b465ee728b)
Start importing Assets/Mesh/M_Intercom #29782.obj using Guid(67f22843af994c14ab0467d7f36020ef) Importer(815301076,1909f56bfc062723c751e8b465ee728b)  -> (artifact id: '34925b452b984113fefb0c5b817e3c6d') in 0.019848 seconds
Number of updated asset objects reloaded before import = 0
Number of asset objects unloaded after import = 10
========================================================================
Received Import Request.
  Time since last request: 0.000020 seconds.
  path: Assets/Mesh/M_Mth_B_Def.obj
  artifactKey: Guid(4a77ebfb9e88b47459874a25676a4701) Importer(815301076,1909f56bfc062723c751e8b465ee728b)
Start importing Assets/Mesh/M_Mth_B_Def.obj using Guid(4a77ebfb9e88b47459874a25676a4701) Importer(815301076,1909f56bfc062723c751e8b465ee728b)  -> (artifact id: '56b576949930c80a3adb27559dceddcf') in 0.040650 seconds
Number of updated asset objects reloaded before import = 0
Number of asset objects unloaded after import = 22
========================================================================
Received Import Request.
  Time since last request: 0.000016 seconds.
  path: Assets/Mesh/M_Mth_B_Def #24499.obj
  artifactKey: Guid(afde0d1f8e8c1bb4082ce6ca74b504ce) Importer(815301076,1909f56bfc062723c751e8b465ee728b)
Start importing Assets/Mesh/M_Mth_B_Def #24499.obj using Guid(afde0d1f8e8c1bb4082ce6ca74b504ce) Importer(815301076,1909f56bfc062723c751e8b465ee728b)  -> (artifact id: '8397965161a2e5bb547e4468b3c7a6cf') in 0.040077 seconds
Number of updated asset objects reloaded before import = 0
Number of asset objects unloaded after import = 22
========================================================================
Received Import Request.
  Time since last request: 0.000016 seconds.
  path: Assets/Mesh/M_Mth_B_Def #25372.obj
  artifactKey: Guid(d1a4b0279a29f2c4c89b002402618e32) Importer(815301076,1909f56bfc062723c751e8b465ee728b)
Start importing Assets/Mesh/M_Mth_B_Def #25372.obj using Guid(d1a4b0279a29f2c4c89b002402618e32) Importer(815301076,1909f56bfc062723c751e8b465ee728b)  -> (artifact id: '0be57f3c4ccc405e1025aafc2114a2d6') in 0.043684 seconds
Number of updated asset objects reloaded before import = 0
Number of asset objects unloaded after import = 22
========================================================================
Received Import Request.
  Time since last request: 0.000020 seconds.
  path: Assets/Mesh/M_Mth_B_Def #25886.obj
  artifactKey: Guid(1680b2d9fe512f04d9120ef2baa5f76f) Importer(815301076,1909f56bfc062723c751e8b465ee728b)
Start importing Assets/Mesh/M_Mth_B_Def #25886.obj using Guid(1680b2d9fe512f04d9120ef2baa5f76f) Importer(815301076,1909f56bfc062723c751e8b465ee728b)  -> (artifact id: '3ca2ae76ca90d14e6d9f83a788404f2b') in 0.063986 seconds
Number of updated asset objects reloaded before import = 0
Number of asset objects unloaded after import = 22
========================================================================
Received Import Request.
  Time since last request: 0.000027 seconds.
  path: Assets/Mesh/M_Mth_B_Def #27063.obj
  artifactKey: Guid(b7bf3aef9cb693247a0dc6ead239938f) Importer(815301076,1909f56bfc062723c751e8b465ee728b)
Start importing Assets/Mesh/M_Mth_B_Def #27063.obj using Guid(b7bf3aef9cb693247a0dc6ead239938f) Importer(815301076,1909f56bfc062723c751e8b465ee728b)  -> (artifact id: 'b0c537bcd38d41cd6888f35f36eeda1c') in 0.057319 seconds
Number of updated asset objects reloaded before import = 0
Number of asset objects unloaded after import = 22
========================================================================
Received Import Request.
  Time since last request: 0.000029 seconds.
  path: Assets/Mesh/M_Mth_B_Def #25779.obj
  artifactKey: Guid(7840957d1017257419f05a072ddcbd28) Importer(815301076,1909f56bfc062723c751e8b465ee728b)
Start importing Assets/Mesh/M_Mth_B_Def #25779.obj using Guid(7840957d1017257419f05a072ddcbd28) Importer(815301076,1909f56bfc062723c751e8b465ee728b)  -> (artifact id: '3ef8b928d79932ba7da49b914231d8a6') in 0.049007 seconds
Number of updated asset objects reloaded before import = 0
Number of asset objects unloaded after import = 22
========================================================================
Received Import Request.
  Time since last request: 0.000017 seconds.
  path: Assets/Mesh/M_Mth_B_Def #27387.obj
  artifactKey: Guid(b5eb007cd43a79e41be803d252c6c1f3) Importer(815301076,1909f56bfc062723c751e8b465ee728b)
Start importing Assets/Mesh/M_Mth_B_Def #27387.obj using Guid(b5eb007cd43a79e41be803d252c6c1f3) Importer(815301076,1909f56bfc062723c751e8b465ee728b)  -> (artifact id: 'b12ed8ead92046c90589bf86496f2acc') in 0.042852 seconds
Number of updated asset objects reloaded before import = 0
Number of asset objects unloaded after import = 22
========================================================================
Received Import Request.
  Time since last request: 0.000016 seconds.
  path: Assets/Mesh/M_Mth_B_Def #25669.obj
  artifactKey: Guid(56fbbb12438d5604daa6177df929c970) Importer(815301076,1909f56bfc062723c751e8b465ee728b)
Start importing Assets/Mesh/M_Mth_B_Def #25669.obj using Guid(56fbbb12438d5604daa6177df929c970) Importer(815301076,1909f56bfc062723c751e8b465ee728b)  -> (artifact id: '55928ac12a933c72018744b2a4cedd4b') in 0.031715 seconds
Number of updated asset objects reloaded before import = 0
Number of asset objects unloaded after import = 16
========================================================================
Received Import Request.
  Time since last request: 0.000017 seconds.
  path: Assets/Mesh/M_Mth_B_Def #25116.obj
  artifactKey: Guid(34a4ba9fb51b64545bb49a6d78e73f51) Importer(815301076,1909f56bfc062723c751e8b465ee728b)
Start importing Assets/Mesh/M_Mth_B_Def #25116.obj using Guid(34a4ba9fb51b64545bb49a6d78e73f51) Importer(815301076,1909f56bfc062723c751e8b465ee728b)  -> (artifact id: '521d199d70ec4e7955ca726be3e2e033') in 0.040592 seconds
Number of updated asset objects reloaded before import = 0
Number of asset objects unloaded after import = 22
========================================================================
Received Import Request.
  Time since last request: 0.000017 seconds.
  path: Assets/Mesh/M_Mth_B_Def #24240.obj
  artifactKey: Guid(ac257b61672f93d45aa1b32663b920c1) Importer(815301076,1909f56bfc062723c751e8b465ee728b)
Start importing Assets/Mesh/M_Mth_B_Def #24240.obj using Guid(ac257b61672f93d45aa1b32663b920c1) Importer(815301076,1909f56bfc062723c751e8b465ee728b)  -> (artifact id: 'a2b5769849f895cae64d25d8225638aa') in 0.041990 seconds
Number of updated asset objects reloaded before import = 0
Number of asset objects unloaded after import = 22
========================================================================
Received Import Request.
  Time since last request: 0.000020 seconds.
  path: Assets/Mesh/M_Mth_B_Def #24950.obj
  artifactKey: Guid(bf92844521eccff4daf85b572e26fdee) Importer(815301076,1909f56bfc062723c751e8b465ee728b)
Start importing Assets/Mesh/M_Mth_B_Def #24950.obj using Guid(bf92844521eccff4daf85b572e26fdee) Importer(815301076,1909f56bfc062723c751e8b465ee728b)  -> (artifact id: 'b121392a9fba8dd459dba2e1e8d85e8f') in 0.041968 seconds
Number of updated asset objects reloaded before import = 0
Number of asset objects unloaded after import = 22
========================================================================
Received Import Request.
  Time since last request: 0.000025 seconds.
  path: Assets/Mesh/M_PupALL_L_A_Def #26649.obj
  artifactKey: Guid(9571c12e7ab33ac4e99f400625f462a6) Importer(815301076,1909f56bfc062723c751e8b465ee728b)
Start importing Assets/Mesh/M_PupALL_L_A_Def #26649.obj using Guid(9571c12e7ab33ac4e99f400625f462a6) Importer(815301076,1909f56bfc062723c751e8b465ee728b)  -> (artifact id: 'b4aef93825cccfc625872f3e9d492de8') in 0.020323 seconds
Number of updated asset objects reloaded before import = 0
Number of asset objects unloaded after import = 10
========================================================================
Received Import Request.
  Time since last request: 0.000018 seconds.
  path: Assets/Mesh/M_PupALL_L_A_Def #27283.obj
  artifactKey: Guid(c98faa1696926834f824a34e4f18f869) Importer(815301076,1909f56bfc062723c751e8b465ee728b)
Start importing Assets/Mesh/M_PupALL_L_A_Def #27283.obj using Guid(c98faa1696926834f824a34e4f18f869) Importer(815301076,1909f56bfc062723c751e8b465ee728b)  -> (artifact id: '3f1c6d8bd7dd5b88c9503a2777866ebb') in 0.017449 seconds
Number of updated asset objects reloaded before import = 0
Number of asset objects unloaded after import = 10
========================================================================
Received Import Request.
  Time since last request: 0.000015 seconds.
  path: Assets/Mesh/M_PupALL_L_A_Def #27197.obj
  artifactKey: Guid(07050f2103a3c1144b6e647ad9873862) Importer(815301076,1909f56bfc062723c751e8b465ee728b)
Start importing Assets/Mesh/M_PupALL_L_A_Def #27197.obj using Guid(07050f2103a3c1144b6e647ad9873862) Importer(815301076,1909f56bfc062723c751e8b465ee728b)  -> (artifact id: '02ee7886763d1d2679226ef821a95ef5') in 0.018560 seconds
Number of updated asset objects reloaded before import = 0
Number of asset objects unloaded after import = 10
========================================================================
Received Import Request.
  Time since last request: 0.000019 seconds.
  path: Assets/Mesh/M_PupALL_L_A_Def #27972.obj
  artifactKey: Guid(401ba857674be2645b911e621746a65b) Importer(815301076,1909f56bfc062723c751e8b465ee728b)
Start importing Assets/Mesh/M_PupALL_L_A_Def #27972.obj using Guid(401ba857674be2645b911e621746a65b) Importer(815301076,1909f56bfc062723c751e8b465ee728b)  -> (artifact id: '0e1b4f9bc02ff8318d63b968960e9be4') in 0.020519 seconds
Number of updated asset objects reloaded before import = 0
Number of asset objects unloaded after import = 10
========================================================================
Received Import Request.
  Time since last request: 0.000019 seconds.
  path: Assets/Mesh/M_PupALL_L_A_Def #28172.obj
  artifactKey: Guid(27b8ad46b6799cd47abe7b4ad0031daa) Importer(815301076,1909f56bfc062723c751e8b465ee728b)
Start importing Assets/Mesh/M_PupALL_L_A_Def #28172.obj using Guid(27b8ad46b6799cd47abe7b4ad0031daa) Importer(815301076,1909f56bfc062723c751e8b465ee728b)  -> (artifact id: 'bb7f333618ba70da3cf0d6e97c4fa1b9') in 0.020011 seconds
Number of updated asset objects reloaded before import = 0
Number of asset objects unloaded after import = 10
========================================================================
Received Import Request.
  Time since last request: 0.000017 seconds.
  path: Assets/Mesh/M_PupALL_L_A_Def #28731.obj
  artifactKey: Guid(18382aa7d634e7645a580ef074d9a90c) Importer(815301076,1909f56bfc062723c751e8b465ee728b)
Start importing Assets/Mesh/M_PupALL_L_A_Def #28731.obj using Guid(18382aa7d634e7645a580ef074d9a90c) Importer(815301076,1909f56bfc062723c751e8b465ee728b)  -> (artifact id: 'abcae915ef991b514692d8d4750dae20') in 0.021081 seconds
Number of updated asset objects reloaded before import = 0
Number of asset objects unloaded after import = 10
========================================================================
Received Import Request.
  Time since last request: 0.000025 seconds.
  path: Assets/Mesh/M_PupALL_L_A_Def #28436.obj
  artifactKey: Guid(e33b7d09e8d73534e9c0bb2a95e22749) Importer(815301076,1909f56bfc062723c751e8b465ee728b)
Start importing Assets/Mesh/M_PupALL_L_A_Def #28436.obj using Guid(e33b7d09e8d73534e9c0bb2a95e22749) Importer(815301076,1909f56bfc062723c751e8b465ee728b)  -> (artifact id: '85a47b9658e1c618569f15b3764d03fd') in 0.020607 seconds
Number of updated asset objects reloaded before import = 0
Number of asset objects unloaded after import = 10
========================================================================
Received Import Request.
  Time since last request: 0.000023 seconds.
  path: Assets/Mesh/M_PupALL_L_A_Def #27573.obj
  artifactKey: Guid(fde2ccb2af1f9c04a9f5bf55c209a4df) Importer(815301076,1909f56bfc062723c751e8b465ee728b)
Start importing Assets/Mesh/M_PupALL_L_A_Def #27573.obj using Guid(fde2ccb2af1f9c04a9f5bf55c209a4df) Importer(815301076,1909f56bfc062723c751e8b465ee728b)  -> (artifact id: '10e52b272c00b37da8f89c6c75ebee9d') in 0.021298 seconds
Number of updated asset objects reloaded before import = 0
Number of asset objects unloaded after import = 10
========================================================================
Received Import Request.
  Time since last request: 0.000017 seconds.
  path: Assets/Mesh/M_Mth_B_Def #26413.obj
  artifactKey: Guid(4e8dee8fae9e65f44a8e62ac2b539ff5) Importer(815301076,1909f56bfc062723c751e8b465ee728b)
Start importing Assets/Mesh/M_Mth_B_Def #26413.obj using Guid(4e8dee8fae9e65f44a8e62ac2b539ff5) Importer(815301076,1909f56bfc062723c751e8b465ee728b)  -> (artifact id: 'c7636166a6af35f4271bf5c0d2b1e4e3') in 0.041557 seconds
Number of updated asset objects reloaded before import = 0
Number of asset objects unloaded after import = 22
========================================================================
Received Import Request.
  Time since last request: 0.000022 seconds.
  path: Assets/Mesh/M_Intercom #29908.obj
  artifactKey: Guid(fade575aa7204694fb06f2c45cb9246c) Importer(815301076,1909f56bfc062723c751e8b465ee728b)
Start importing Assets/Mesh/M_Intercom #29908.obj using Guid(fade575aa7204694fb06f2c45cb9246c) Importer(815301076,1909f56bfc062723c751e8b465ee728b)  -> (artifact id: '1c97ddce831f7ee4ca148cdfa3dda6ac') in 0.019370 seconds
Number of updated asset objects reloaded before import = 0
Number of asset objects unloaded after import = 10
Editor requested this worker to shutdown with reason: Scaling down because of idle timeout
TcpMessagingSession - receive error: operation aborted. errorcode: 995, details:        I/O  .
AssetImportWorker is now disconnected from the server
Process exiting
Exiting without the bug reporter. Application will terminate with return code 0