Using pre-set license
Built from '2022.3/staging' branch; Version is '2022.3.22f1 (887be4894c44) revision 8944612'; Using compiler version '192829333'; Build Type 'Release'
OS: 'Windows 10  (10.0.19045) 64bit Professional' Language: 'ko' Physical Memory: 15660 MB
BatchMode: 1, IsHumanControllingUs: 0, StartBugReporterOnCrash: 0, Is64bit: 1, IsPro: 1

COMMAND LINE ARGUMENTS:
C:\Program Files\Unity\Hub\Editor\2022.3.22f1\Editor\Unity.exe
-adb2
-batchMode
-noUpm
-name
AssetImportWorker9
-projectPath
C:/Users/KGA/Desktop/Idol Project
-logFile
Logs/AssetImportWorker9.log
-srvPort
61529
Successfully changed project path to: C:/Users/KGA/Desktop/Idol Project
C:/Users/KGA/Desktop/Idol Project
[UnityMemory] Configuration Parameters - Can be set up in boot.config
    "memorysetup-bucket-allocator-granularity=16"
    "memorysetup-bucket-allocator-bucket-count=8"
    "memorysetup-bucket-allocator-block-size=33554432"
    "memorysetup-bucket-allocator-block-count=8"
    "memorysetup-main-allocator-block-size=16777216"
    "memorysetup-thread-allocator-block-size=16777216"
    "memorysetup-gfx-main-allocator-block-size=16777216"
    "memorysetup-gfx-thread-allocator-block-size=16777216"
    "memorysetup-cache-allocator-block-size=4194304"
    "memorysetup-typetree-allocator-block-size=2097152"
    "memorysetup-profiler-bucket-allocator-granularity=16"
    "memorysetup-profiler-bucket-allocator-bucket-count=8"
    "memorysetup-profiler-bucket-allocator-block-size=33554432"
    "memorysetup-profiler-bucket-allocator-block-count=8"
    "memorysetup-profiler-allocator-block-size=16777216"
    "memorysetup-profiler-editor-allocator-block-size=1048576"
    "memorysetup-temp-allocator-size-main=16777216"
    "memorysetup-job-temp-allocator-block-size=2097152"
    "memorysetup-job-temp-allocator-block-size-background=1048576"
    "memorysetup-job-temp-allocator-reduction-small-platforms=262144"
    "memorysetup-allocator-temp-initial-block-size-main=262144"
    "memorysetup-allocator-temp-initial-block-size-worker=262144"
    "memorysetup-temp-allocator-size-background-worker=32768"
    "memorysetup-temp-allocator-size-job-worker=262144"
    "memorysetup-temp-allocator-size-preload-manager=33554432"
    "memorysetup-temp-allocator-size-nav-mesh-worker=65536"
    "memorysetup-temp-allocator-size-audio-worker=65536"
    "memorysetup-temp-allocator-size-cloud-worker=32768"
    "memorysetup-temp-allocator-size-gi-baking-worker=262144"
    "memorysetup-temp-allocator-size-gfx=262144"
Player connection [18984] Host "[IP] 192.168.0.60 [Port] 0 [Flags] 2 [Guid] 859927323 [EditorId] 859927323 [Version] 1048832 [Id] WindowsEditor(7,DESKTOP-FF56GE6) [Debug] 1 [PackageName] WindowsEditor [ProjectName] Editor" joined multi-casting on [225.0.0.222:54997]...

Player connection [18984] Host "[IP] 192.168.0.60 [Port] 0 [Flags] 2 [Guid] 859927323 [EditorId] 859927323 [Version] 1048832 [Id] WindowsEditor(7,DESKTOP-FF56GE6) [Debug] 1 [PackageName] WindowsEditor [ProjectName] Editor" joined alternative multi-casting on [225.0.0.222:34997]...

[Physics::Module] Initialized MultithreadedJobDispatcher with 11 workers.
Refreshing native plugins compatible for Editor in 96.27 ms, found 4 plugins.
Preloading 0 native plugins for Editor in 0.00 ms.
Initialize engine version: 2022.3.22f1 (887be4894c44)
[Subsystems] Discovering subsystems at path C:/Program Files/Unity/Hub/Editor/2022.3.22f1/Editor/Data/Resources/UnitySubsystems
[Subsystems] Discovering subsystems at path C:/Users/KGA/Desktop/Idol Project/Assets
GfxDevice: creating device client; threaded=0; jobified=0
Direct3D:
    Version:  Direct3D 11.0 [level 11.1]
    Renderer: AMD Radeon(TM) Graphics (ID=0x1638)
    Vendor:   ATI
    VRAM:     7830 MB
    Driver:   31.0.12042.4
Initialize mono
Mono path[0] = 'C:/Program Files/Unity/Hub/Editor/2022.3.22f1/Editor/Data/Managed'
Mono path[1] = 'C:/Program Files/Unity/Hub/Editor/2022.3.22f1/Editor/Data/MonoBleedingEdge/lib/mono/unityjit-win32'
Mono config path = 'C:/Program Files/Unity/Hub/Editor/2022.3.22f1/Editor/Data/MonoBleedingEdge/etc'
Using monoOptions --debugger-agent=transport=dt_socket,embedding=1,server=y,suspend=n,address=127.0.0.1:56940
Begin MonoManager ReloadAssembly
Registering precompiled unity dll's ...
Register platform support module: C:/Program Files/Unity/Hub/Editor/2022.3.22f1/Editor/Data/PlaybackEngines/WindowsStandaloneSupport/UnityEditor.WindowsStandalone.Extensions.dll
Registered in 0.007016 seconds.
- Loaded All Assemblies, in  0.863 seconds
Native extension for WindowsStandalone target not found
Mono: successfully reloaded assembly
- Finished resetting the current domain, in  0.231 seconds
Domain Reload Profiling: 1093ms
	BeginReloadAssembly (144ms)
		ExecutionOrderSort (0ms)
		DisableScriptedObjects (0ms)
		BackupInstance (0ms)
		ReleaseScriptingObjects (0ms)
		CreateAndSetChildDomain (1ms)
	RebuildCommonClasses (173ms)
	RebuildNativeTypeToScriptingClass (8ms)
	initialDomainReloadingComplete (48ms)
	LoadAllAssembliesAndSetupDomain (489ms)
		LoadAssemblies (142ms)
		RebuildTransferFunctionScriptingTraits (0ms)
		AnalyzeDomain (487ms)
			TypeCache.Refresh (486ms)
				TypeCache.ScanAssembly (476ms)
			ScanForSourceGeneratedMonoScriptInfo (0ms)
			ResolveRequiredComponents (0ms)
	FinalizeReload (231ms)
		ReleaseScriptCaches (0ms)
		RebuildScriptCaches (0ms)
		SetupLoadedEditorAssemblies (183ms)
			LogAssemblyErrors (0ms)
			InitializePlatformSupportModulesInManaged (8ms)
			SetLoadedEditorAssemblies (7ms)
			RefreshPlugins (0ms)
			BeforeProcessingInitializeOnLoad (2ms)
			ProcessInitializeOnLoadAttributes (124ms)
			ProcessInitializeOnLoadMethodAttributes (42ms)
			AfterProcessingInitializeOnLoad (0ms)
			EditorAssembliesLoaded (0ms)
		ExecutionOrderSort2 (0ms)
		AwakeInstancesAfterBackupRestoration (0ms)
========================================================================
Worker process is ready to serve import requests
Begin MonoManager ReloadAssembly
- Loaded All Assemblies, in  0.590 seconds
Refreshing native plugins compatible for Editor in 3.12 ms, found 4 plugins.
Native extension for WindowsStandalone target not found
Package Manager log level set to [2]
[Package Manager] Server::EnsureServerProcessIsRunning -- launch failed, reason: Unity was launched with the -noUpm command-line argument
[Package Manager] UpmClient::Send -- Unable to send message (not connected to UPM process).
[Package Manager] Cannot connect to Unity Package Manager local server
Mono: successfully reloaded assembly
- Finished resetting the current domain, in  0.726 seconds
Domain Reload Profiling: 1314ms
	BeginReloadAssembly (130ms)
		ExecutionOrderSort (0ms)
		DisableScriptedObjects (5ms)
		BackupInstance (0ms)
		ReleaseScriptingObjects (0ms)
		CreateAndSetChildDomain (20ms)
	RebuildCommonClasses (26ms)
	RebuildNativeTypeToScriptingClass (8ms)
	initialDomainReloadingComplete (33ms)
	LoadAllAssembliesAndSetupDomain (391ms)
		LoadAssemblies (278ms)
		RebuildTransferFunctionScriptingTraits (0ms)
		AnalyzeDomain (187ms)
			TypeCache.Refresh (164ms)
				TypeCache.ScanAssembly (116ms)
			ScanForSourceGeneratedMonoScriptInfo (16ms)
			ResolveRequiredComponents (5ms)
	FinalizeReload (726ms)
		ReleaseScriptCaches (0ms)
		RebuildScriptCaches (0ms)
		SetupLoadedEditorAssemblies (585ms)
			LogAssemblyErrors (0ms)
			InitializePlatformSupportModulesInManaged (7ms)
			SetLoadedEditorAssemblies (6ms)
			RefreshPlugins (0ms)
			BeforeProcessingInitializeOnLoad (95ms)
			ProcessInitializeOnLoadAttributes (450ms)
			ProcessInitializeOnLoadMethodAttributes (20ms)
			AfterProcessingInitializeOnLoad (6ms)
			EditorAssembliesLoaded (0ms)
		ExecutionOrderSort2 (0ms)
		AwakeInstancesAfterBackupRestoration (5ms)
Launched and connected shader compiler UnityShaderCompiler.exe after 0.07 seconds
Refreshing native plugins compatible for Editor in 3.34 ms, found 4 plugins.
Preloading 0 native plugins for Editor in 0.00 ms.
Unloading 4222 Unused Serialized files (Serialized files now loaded: 0)
Unloading 83 unused Assets / (272.0 KB). Loaded Objects now: 4660.
Memory consumption went from 175.5 MB to 175.2 MB.
Total: 3.322800 ms (FindLiveObjects: 0.259300 ms CreateObjectMapping: 0.215700 ms MarkObjects: 2.593500 ms  DeleteObjects: 0.253400 ms)

AssetImportParameters requested are different than current active one (requested -> active):
  custom:container-demuxer-ogg: 62fdf1f143b41e24485cea50d1cbac27 -> 
  custom:video-decoder-ogg-theora: a1e56fd34408186e4bbccfd4996cb3dc -> 
  custom:framework-win-MediaFoundation: 216162199b28c13a410421893ffa2e32 -> 
  custom:CustomObjectIndexerAttribute: 9a22284fe3817be447336de3de66b15e -> 
  custom:container-demuxer-webm: 4f35f7cbe854078d1ac9338744f61a02 -> 
  custom:container-muxer-webm: aa71ff27fc2769a1b78a27578f13a17b -> 
  custom:video-decoder-webm-vp8: 9c59270c3fd7afecdb556c50c9e8de78 -> 
  custom:scripting/monoscript/fileName/VideoControl.cs: 5e1a9762ac1e98c9c4461949ed36b9e7 -> 
  custom:SearchIndexIgnoredProperties: e643bd26f0fe6173181afceb89e7c659 -> 
  custom:AudioImporter_EditorPlatform: d09bf68614088b80899f8185d706f6e7 -> 
  custom:video-encoder-webm-vp8: eb34c28f22e8b96e1ab97ce403110664 -> 
  custom:audio-decoder-ogg-vorbis: bf7c407c2cedff20999df2af8eb42d56 -> 
  custom:audio-encoder-webm-vorbis: bf7c407c2cedff20999df2af8eb42d56 -> 
========================================================================
Received Prepare
Begin MonoManager ReloadAssembly
- Loaded All Assemblies, in  0.567 seconds
Refreshing native plugins compatible for Editor in 3.23 ms, found 4 plugins.
Native extension for WindowsStandalone target not found
[Package Manager] Server::EnsureServerProcessIsRunning -- launch failed, reason: Unity was launched with the -noUpm command-line argument
[Package Manager] UpmClient::Send -- Unable to send message (not connected to UPM process).
[Package Manager] Cannot connect to Unity Package Manager local server
Mono: successfully reloaded assembly
- Finished resetting the current domain, in  1.133 seconds
Domain Reload Profiling: 1691ms
	BeginReloadAssembly (161ms)
		ExecutionOrderSort (0ms)
		DisableScriptedObjects (5ms)
		BackupInstance (0ms)
		ReleaseScriptingObjects (0ms)
		CreateAndSetChildDomain (38ms)
	RebuildCommonClasses (48ms)
	RebuildNativeTypeToScriptingClass (12ms)
	initialDomainReloadingComplete (78ms)
	LoadAllAssembliesAndSetupDomain (258ms)
		LoadAssemblies (333ms)
		RebuildTransferFunctionScriptingTraits (0ms)
		AnalyzeDomain (13ms)
			TypeCache.Refresh (4ms)
				TypeCache.ScanAssembly (0ms)
			ScanForSourceGeneratedMonoScriptInfo (0ms)
			ResolveRequiredComponents (7ms)
	FinalizeReload (1134ms)
		ReleaseScriptCaches (0ms)
		RebuildScriptCaches (0ms)
		SetupLoadedEditorAssemblies (546ms)
			LogAssemblyErrors (0ms)
			InitializePlatformSupportModulesInManaged (7ms)
			SetLoadedEditorAssemblies (4ms)
			RefreshPlugins (0ms)
			BeforeProcessingInitializeOnLoad (118ms)
			ProcessInitializeOnLoadAttributes (375ms)
			ProcessInitializeOnLoadMethodAttributes (33ms)
			AfterProcessingInitializeOnLoad (7ms)
			EditorAssembliesLoaded (0ms)
		ExecutionOrderSort2 (0ms)
		AwakeInstancesAfterBackupRestoration (10ms)
Refreshing native plugins compatible for Editor in 4.00 ms, found 4 plugins.
Preloading 0 native plugins for Editor in 0.00 ms.
Unloading 4186 Unused Serialized files (Serialized files now loaded: 0)
Unloading 62 unused Assets / (244.4 KB). Loaded Objects now: 4675.
Memory consumption went from 168.7 MB to 168.4 MB.
Total: 4.242900 ms (FindLiveObjects: 0.358800 ms CreateObjectMapping: 0.295000 ms MarkObjects: 3.318100 ms  DeleteObjects: 0.270100 ms)

Prepare: number of updated asset objects reloaded= 0
AssetImportParameters requested are different than current active one (requested -> active):
  custom:container-demuxer-ogg: 62fdf1f143b41e24485cea50d1cbac27 -> 
  custom:video-decoder-ogg-theora: a1e56fd34408186e4bbccfd4996cb3dc -> 
  custom:framework-win-MediaFoundation: 216162199b28c13a410421893ffa2e32 -> 
  custom:CustomObjectIndexerAttribute: 9a22284fe3817be447336de3de66b15e -> 
  custom:container-demuxer-webm: 4f35f7cbe854078d1ac9338744f61a02 -> 
  custom:container-muxer-webm: aa71ff27fc2769a1b78a27578f13a17b -> 
  custom:video-decoder-webm-vp8: 9c59270c3fd7afecdb556c50c9e8de78 -> 
  custom:scripting/monoscript/fileName/VideoControl.cs: 5e1a9762ac1e98c9c4461949ed36b9e7 -> 
  custom:SearchIndexIgnoredProperties: e643bd26f0fe6173181afceb89e7c659 -> 
  custom:AudioImporter_EditorPlatform: d09bf68614088b80899f8185d706f6e7 -> 
  custom:video-encoder-webm-vp8: eb34c28f22e8b96e1ab97ce403110664 -> 
  custom:audio-decoder-ogg-vorbis: bf7c407c2cedff20999df2af8eb42d56 -> 
  custom:audio-encoder-webm-vorbis: bf7c407c2cedff20999df2af8eb42d56 -> 
========================================================================
Received Import Request.
  Time since last request: 350011.174982 seconds.
  path: Assets/Primer/Texture/MirrorSupportNormal.png
  artifactKey: Guid(e0fb6def144a99f43a1fda1ba3ea6c48) Importer(815301076,1909f56bfc062723c751e8b465ee728b)
Start importing Assets/Primer/Texture/MirrorSupportNormal.png using Guid(e0fb6def144a99f43a1fda1ba3ea6c48) Importer(815301076,1909f56bfc062723c751e8b465ee728b)  -> (artifact id: '599815f1d7312e2e6a7c640ecbce2460') in 0.081011 seconds
Number of updated asset objects reloaded before import = 0
Number of asset objects unloaded after import = 2
========================================================================
Received Import Request.
  Time since last request: 0.089558 seconds.
  path: Assets/Primer/Texture/MirrorSupportBaseColor.png
  artifactKey: Guid(9a6c457fe54869c418c2d8f30e4474e2) Importer(815301076,1909f56bfc062723c751e8b465ee728b)
Start importing Assets/Primer/Texture/MirrorSupportBaseColor.png using Guid(9a6c457fe54869c418c2d8f30e4474e2) Importer(815301076,1909f56bfc062723c751e8b465ee728b)  -> (artifact id: '998aa48e8d063a0df7e5e8d6d0b2155a') in 0.012530 seconds
Number of updated asset objects reloaded before import = 0
Number of asset objects unloaded after import = 2
========================================================================
Received Prepare
Begin MonoManager ReloadAssembly
- Loaded All Assemblies, in  0.476 seconds
Refreshing native plugins compatible for Editor in 3.34 ms, found 4 plugins.
Native extension for WindowsStandalone target not found
[Package Manager] Server::EnsureServerProcessIsRunning -- launch failed, reason: Unity was launched with the -noUpm command-line argument
[Package Manager] UpmClient::Send -- Unable to send message (not connected to UPM process).
[Package Manager] Cannot connect to Unity Package Manager local server
Mono: successfully reloaded assembly
- Finished resetting the current domain, in  1.086 seconds
Domain Reload Profiling: 1560ms
	BeginReloadAssembly (153ms)
		ExecutionOrderSort (0ms)
		DisableScriptedObjects (5ms)
		BackupInstance (0ms)
		ReleaseScriptingObjects (0ms)
		CreateAndSetChildDomain (35ms)
	RebuildCommonClasses (28ms)
	RebuildNativeTypeToScriptingClass (9ms)
	initialDomainReloadingComplete (27ms)
	LoadAllAssembliesAndSetupDomain (257ms)
		LoadAssemblies (328ms)
		RebuildTransferFunctionScriptingTraits (0ms)
		AnalyzeDomain (12ms)
			TypeCache.Refresh (5ms)
				TypeCache.ScanAssembly (0ms)
			ScanForSourceGeneratedMonoScriptInfo (0ms)
			ResolveRequiredComponents (6ms)
	FinalizeReload (1087ms)
		ReleaseScriptCaches (0ms)
		RebuildScriptCaches (0ms)
		SetupLoadedEditorAssemblies (530ms)
			LogAssemblyErrors (0ms)
			InitializePlatformSupportModulesInManaged (7ms)
			SetLoadedEditorAssemblies (4ms)
			RefreshPlugins (0ms)
			BeforeProcessingInitializeOnLoad (115ms)
			ProcessInitializeOnLoadAttributes (361ms)
			ProcessInitializeOnLoadMethodAttributes (34ms)
			AfterProcessingInitializeOnLoad (8ms)
			EditorAssembliesLoaded (0ms)
		ExecutionOrderSort2 (0ms)
		AwakeInstancesAfterBackupRestoration (9ms)
Refreshing native plugins compatible for Editor in 3.58 ms, found 4 plugins.
Preloading 0 native plugins for Editor in 0.00 ms.
Unloading 4185 Unused Serialized files (Serialized files now loaded: 0)
Unloading 62 unused Assets / (244.4 KB). Loaded Objects now: 4695.
Memory consumption went from 170.4 MB to 170.2 MB.
Total: 4.559200 ms (FindLiveObjects: 0.305000 ms CreateObjectMapping: 0.297700 ms MarkObjects: 3.563500 ms  DeleteObjects: 0.392200 ms)

Prepare: number of updated asset objects reloaded= 0
AssetImportParameters requested are different than current active one (requested -> active):
  custom:container-demuxer-ogg: 62fdf1f143b41e24485cea50d1cbac27 -> 
  custom:video-decoder-ogg-theora: a1e56fd34408186e4bbccfd4996cb3dc -> 
  custom:framework-win-MediaFoundation: 216162199b28c13a410421893ffa2e32 -> 
  custom:CustomObjectIndexerAttribute: 9a22284fe3817be447336de3de66b15e -> 
  custom:container-demuxer-webm: 4f35f7cbe854078d1ac9338744f61a02 -> 
  custom:container-muxer-webm: aa71ff27fc2769a1b78a27578f13a17b -> 
  custom:video-decoder-webm-vp8: 9c59270c3fd7afecdb556c50c9e8de78 -> 
  custom:scripting/monoscript/fileName/VideoControl.cs: 5e1a9762ac1e98c9c4461949ed36b9e7 -> 
  custom:SearchIndexIgnoredProperties: e643bd26f0fe6173181afceb89e7c659 -> 
  custom:AudioImporter_EditorPlatform: d09bf68614088b80899f8185d706f6e7 -> 
  custom:video-encoder-webm-vp8: eb34c28f22e8b96e1ab97ce403110664 -> 
  custom:audio-decoder-ogg-vorbis: bf7c407c2cedff20999df2af8eb42d56 -> 
  custom:audio-encoder-webm-vorbis: bf7c407c2cedff20999df2af8eb42d56 -> 
========================================================================
Received Prepare
Begin MonoManager ReloadAssembly
- Loaded All Assemblies, in  0.423 seconds
Refreshing native plugins compatible for Editor in 3.12 ms, found 4 plugins.
Native extension for WindowsStandalone target not found
[Package Manager] Server::EnsureServerProcessIsRunning -- launch failed, reason: Unity was launched with the -noUpm command-line argument
[Package Manager] UpmClient::Send -- Unable to send message (not connected to UPM process).
[Package Manager] Cannot connect to Unity Package Manager local server
Mono: successfully reloaded assembly
- Finished resetting the current domain, in  1.083 seconds
Domain Reload Profiling: 1504ms
	BeginReloadAssembly (141ms)
		ExecutionOrderSort (0ms)
		DisableScriptedObjects (5ms)
		BackupInstance (0ms)
		ReleaseScriptingObjects (0ms)
		CreateAndSetChildDomain (36ms)
	RebuildCommonClasses (27ms)
	RebuildNativeTypeToScriptingClass (9ms)
	initialDomainReloadingComplete (26ms)
	LoadAllAssembliesAndSetupDomain (216ms)
		LoadAssemblies (272ms)
		RebuildTransferFunctionScriptingTraits (0ms)
		AnalyzeDomain (13ms)
			TypeCache.Refresh (5ms)
				TypeCache.ScanAssembly (0ms)
			ScanForSourceGeneratedMonoScriptInfo (0ms)
			ResolveRequiredComponents (7ms)
	FinalizeReload (1084ms)
		ReleaseScriptCaches (0ms)
		RebuildScriptCaches (0ms)
		SetupLoadedEditorAssemblies (534ms)
			LogAssemblyErrors (0ms)
			InitializePlatformSupportModulesInManaged (8ms)
			SetLoadedEditorAssemblies (5ms)
			RefreshPlugins (0ms)
			BeforeProcessingInitializeOnLoad (111ms)
			ProcessInitializeOnLoadAttributes (369ms)
			ProcessInitializeOnLoadMethodAttributes (34ms)
			AfterProcessingInitializeOnLoad (7ms)
			EditorAssembliesLoaded (0ms)
		ExecutionOrderSort2 (0ms)
		AwakeInstancesAfterBackupRestoration (10ms)
Refreshing native plugins compatible for Editor in 4.11 ms, found 4 plugins.
Preloading 0 native plugins for Editor in 0.00 ms.
Unloading 4186 Unused Serialized files (Serialized files now loaded: 0)
Unloading 62 unused Assets / (244.4 KB). Loaded Objects now: 4710.
Memory consumption went from 172.6 MB to 172.4 MB.
Total: 5.332200 ms (FindLiveObjects: 0.456300 ms CreateObjectMapping: 0.309200 ms MarkObjects: 3.974900 ms  DeleteObjects: 0.589700 ms)

Prepare: number of updated asset objects reloaded= 0
AssetImportParameters requested are different than current active one (requested -> active):
  custom:container-demuxer-ogg: 62fdf1f143b41e24485cea50d1cbac27 -> 
  custom:video-decoder-ogg-theora: a1e56fd34408186e4bbccfd4996cb3dc -> 
  custom:framework-win-MediaFoundation: 216162199b28c13a410421893ffa2e32 -> 
  custom:CustomObjectIndexerAttribute: 9a22284fe3817be447336de3de66b15e -> 
  custom:container-demuxer-webm: 4f35f7cbe854078d1ac9338744f61a02 -> 
  custom:container-muxer-webm: aa71ff27fc2769a1b78a27578f13a17b -> 
  custom:video-decoder-webm-vp8: 9c59270c3fd7afecdb556c50c9e8de78 -> 
  custom:scripting/monoscript/fileName/VideoControl.cs: 5e1a9762ac1e98c9c4461949ed36b9e7 -> 
  custom:SearchIndexIgnoredProperties: e643bd26f0fe6173181afceb89e7c659 -> 
  custom:AudioImporter_EditorPlatform: d09bf68614088b80899f8185d706f6e7 -> 
  custom:video-encoder-webm-vp8: eb34c28f22e8b96e1ab97ce403110664 -> 
  custom:audio-decoder-ogg-vorbis: bf7c407c2cedff20999df2af8eb42d56 -> 
  custom:audio-encoder-webm-vorbis: bf7c407c2cedff20999df2af8eb42d56 -> 
========================================================================
Received Prepare
Begin MonoManager ReloadAssembly
- Loaded All Assemblies, in  0.443 seconds
Refreshing native plugins compatible for Editor in 3.11 ms, found 4 plugins.
Native extension for WindowsStandalone target not found
[Package Manager] Server::EnsureServerProcessIsRunning -- launch failed, reason: Unity was launched with the -noUpm command-line argument
[Package Manager] UpmClient::Send -- Unable to send message (not connected to UPM process).
[Package Manager] Cannot connect to Unity Package Manager local server
Mono: successfully reloaded assembly
- Finished resetting the current domain, in  1.138 seconds
Domain Reload Profiling: 1579ms
	BeginReloadAssembly (143ms)
		ExecutionOrderSort (0ms)
		DisableScriptedObjects (5ms)
		BackupInstance (0ms)
		ReleaseScriptingObjects (0ms)
		CreateAndSetChildDomain (34ms)
	RebuildCommonClasses (26ms)
	RebuildNativeTypeToScriptingClass (9ms)
	initialDomainReloadingComplete (26ms)
	LoadAllAssembliesAndSetupDomain (237ms)
		LoadAssemblies (298ms)
		RebuildTransferFunctionScriptingTraits (0ms)
		AnalyzeDomain (12ms)
			TypeCache.Refresh (4ms)
				TypeCache.ScanAssembly (0ms)
			ScanForSourceGeneratedMonoScriptInfo (0ms)
			ResolveRequiredComponents (6ms)
	FinalizeReload (1139ms)
		ReleaseScriptCaches (0ms)
		RebuildScriptCaches (0ms)
		SetupLoadedEditorAssemblies (550ms)
			LogAssemblyErrors (0ms)
			InitializePlatformSupportModulesInManaged (8ms)
			SetLoadedEditorAssemblies (5ms)
			RefreshPlugins (0ms)
			BeforeProcessingInitializeOnLoad (114ms)
			ProcessInitializeOnLoadAttributes (380ms)
			ProcessInitializeOnLoadMethodAttributes (35ms)
			AfterProcessingInitializeOnLoad (7ms)
			EditorAssembliesLoaded (1ms)
		ExecutionOrderSort2 (0ms)
		AwakeInstancesAfterBackupRestoration (11ms)
Refreshing native plugins compatible for Editor in 3.51 ms, found 4 plugins.
Preloading 0 native plugins for Editor in 0.00 ms.
Unloading 4186 Unused Serialized files (Serialized files now loaded: 0)
Unloading 62 unused Assets / (244.5 KB). Loaded Objects now: 4725.
Memory consumption went from 174.6 MB to 174.4 MB.
Total: 6.017500 ms (FindLiveObjects: 0.379000 ms CreateObjectMapping: 0.303700 ms MarkObjects: 5.051200 ms  DeleteObjects: 0.282600 ms)

Prepare: number of updated asset objects reloaded= 0
AssetImportParameters requested are different than current active one (requested -> active):
  custom:container-demuxer-ogg: 62fdf1f143b41e24485cea50d1cbac27 -> 
  custom:video-decoder-ogg-theora: a1e56fd34408186e4bbccfd4996cb3dc -> 
  custom:framework-win-MediaFoundation: 216162199b28c13a410421893ffa2e32 -> 
  custom:CustomObjectIndexerAttribute: 9a22284fe3817be447336de3de66b15e -> 
  custom:container-demuxer-webm: 4f35f7cbe854078d1ac9338744f61a02 -> 
  custom:container-muxer-webm: aa71ff27fc2769a1b78a27578f13a17b -> 
  custom:video-decoder-webm-vp8: 9c59270c3fd7afecdb556c50c9e8de78 -> 
  custom:scripting/monoscript/fileName/VideoControl.cs: 5e1a9762ac1e98c9c4461949ed36b9e7 -> 
  custom:SearchIndexIgnoredProperties: e643bd26f0fe6173181afceb89e7c659 -> 
  custom:AudioImporter_EditorPlatform: d09bf68614088b80899f8185d706f6e7 -> 
  custom:video-encoder-webm-vp8: eb34c28f22e8b96e1ab97ce403110664 -> 
  custom:audio-decoder-ogg-vorbis: bf7c407c2cedff20999df2af8eb42d56 -> 
  custom:audio-encoder-webm-vorbis: bf7c407c2cedff20999df2af8eb42d56 -> 
========================================================================
Received Import Request.
  Time since last request: 4600.081430 seconds.
  path: Assets/Animator/Kevin Iglesias/Basic Motions/Animations/Social/BasicMotions@Cheer02.fbx
  artifactKey: Guid(2db69e2e66090a345894461abe625bcf) Importer(815301076,1909f56bfc062723c751e8b465ee728b)
Start importing Assets/Animator/Kevin Iglesias/Basic Motions/Animations/Social/BasicMotions@Cheer02.fbx using Guid(2db69e2e66090a345894461abe625bcf) Importer(815301076,1909f56bfc062723c751e8b465ee728b)  -> (artifact id: '3b345c40a502e0f7e6ecdab3ddaa5709') in 0.039888 seconds
Number of updated asset objects reloaded before import = 0
Number of asset objects unloaded after import = 141
========================================================================
Received Import Request.
  Time since last request: 46.957872 seconds.
  path: Assets/Animator/Kevin Iglesias/Basic Motions/Animations/Social/Conversation/BasicMotions@Exclamation02.fbx
  artifactKey: Guid(f7783d4868406d14fa87e0df92aa6ad2) Importer(815301076,1909f56bfc062723c751e8b465ee728b)
Start importing Assets/Animator/Kevin Iglesias/Basic Motions/Animations/Social/Conversation/BasicMotions@Exclamation02.fbx using Guid(f7783d4868406d14fa87e0df92aa6ad2) Importer(815301076,1909f56bfc062723c751e8b465ee728b)  -> (artifact id: '0c7066ab52eb84b800ec5a5f55a63bb2') in 0.004629 seconds
Number of updated asset objects reloaded before import = 0
Number of asset objects unloaded after import = 141
========================================================================
Received Import Request.
  Time since last request: 0.005748 seconds.
  path: Assets/Animator/Kevin Iglesias/Basic Motions/Animations/Social/Conversation/BasicMotions@Question01.fbx
  artifactKey: Guid(90aea7fa61ac90d48a24221bd57a4460) Importer(815301076,1909f56bfc062723c751e8b465ee728b)
Start importing Assets/Animator/Kevin Iglesias/Basic Motions/Animations/Social/Conversation/BasicMotions@Question01.fbx using Guid(90aea7fa61ac90d48a24221bd57a4460) Importer(815301076,1909f56bfc062723c751e8b465ee728b)  -> (artifact id: '89d4d77d61f853bc35b6d17d5a052316') in 0.005374 seconds
Number of updated asset objects reloaded before import = 0
Number of asset objects unloaded after import = 141
========================================================================
Received Import Request.
  Time since last request: 0.005047 seconds.
  path: Assets/Animator/Kevin Iglesias/Basic Motions/Animations/Social/Conversation/BasicMotions@Talk01.fbx
  artifactKey: Guid(c9193c883cbd00b4cbe5f1dd2d2aa494) Importer(815301076,1909f56bfc062723c751e8b465ee728b)
Start importing Assets/Animator/Kevin Iglesias/Basic Motions/Animations/Social/Conversation/BasicMotions@Talk01.fbx using Guid(c9193c883cbd00b4cbe5f1dd2d2aa494) Importer(815301076,1909f56bfc062723c751e8b465ee728b)  -> (artifact id: '7fedb291bd97d868c964b0b0a8d2e502') in 0.005225 seconds
Number of updated asset objects reloaded before import = 0
Number of asset objects unloaded after import = 141
========================================================================
Received Import Request.
  Time since last request: 0.006514 seconds.
  path: Assets/Animator/Kevin Iglesias/Basic Motions/Animations/Social/Conversation/BasicMotions@Talk03.fbx
  artifactKey: Guid(87dc57f57eda5f54286996a9744d1092) Importer(815301076,1909f56bfc062723c751e8b465ee728b)
Start importing Assets/Animator/Kevin Iglesias/Basic Motions/Animations/Social/Conversation/BasicMotions@Talk03.fbx using Guid(87dc57f57eda5f54286996a9744d1092) Importer(815301076,1909f56bfc062723c751e8b465ee728b)  -> (artifact id: '919a7fe3238678ed2f9b782370a493db') in 0.007652 seconds
Number of updated asset objects reloaded before import = 0
Number of asset objects unloaded after import = 141
========================================================================
Received Import Request.
  Time since last request: 1757.581693 seconds.
  path: Assets/TextMesh Pro/Examples & Extras/Resources/Fonts & Materials/Bangers SDF.asset
  artifactKey: Guid(125cb55b44b24c4393181402bc6200e6) Importer(815301076,1909f56bfc062723c751e8b465ee728b)
Start importing Assets/TextMesh Pro/Examples & Extras/Resources/Fonts & Materials/Bangers SDF.asset using Guid(125cb55b44b24c4393181402bc6200e6) Importer(815301076,1909f56bfc062723c751e8b465ee728b)  -> (artifact id: '74dd473603eda6bfa244f70538ba12be') in 0.231231 seconds
Number of updated asset objects reloaded before import = 0
Number of asset objects unloaded after import = 6
========================================================================
Received Import Request.
  Time since last request: 2.444554 seconds.
  path: Assets/Mesh/Animator/Default #534/Default.fbx
  artifactKey: Guid(9deedf6166d3d0e4ca904a6e9d3b694d) Importer(815301076,1909f56bfc062723c751e8b465ee728b)
Start importing Assets/Mesh/Animator/Default #534/Default.fbx using Guid(9deedf6166d3d0e4ca904a6e9d3b694d) Importer(815301076,1909f56bfc062723c751e8b465ee728b)  -> (artifact id: '1386a6de36eeab4776f57b1ed40abeeb') in 0.103336 seconds
Number of updated asset objects reloaded before import = 0
Number of asset objects unloaded after import = 160
========================================================================
Received Import Request.
  Time since last request: 0.000061 seconds.
  path: Assets/Mesh/Animator/Entraining #4029/Entraining.fbx
  artifactKey: Guid(9a4dff3c31e844b4a8177c888850f30e) Importer(815301076,1909f56bfc062723c751e8b465ee728b)
Start importing Assets/Mesh/Animator/Entraining #4029/Entraining.fbx using Guid(9a4dff3c31e844b4a8177c888850f30e) Importer(815301076,1909f56bfc062723c751e8b465ee728b)  -> (artifact id: 'b7c6efeebcf3fb419f6e86bd16faeaf4') in 0.112067 seconds
Number of updated asset objects reloaded before import = 0
Number of asset objects unloaded after import = 525
========================================================================
Received Import Request.
  Time since last request: 0.000034 seconds.
  path: Assets/Mesh/Animator/Default/Default.fbx
  artifactKey: Guid(c29f6133cd02bcd49a9d4d45aeeee1ad) Importer(815301076,1909f56bfc062723c751e8b465ee728b)
Start importing Assets/Mesh/Animator/Default/Default.fbx using Guid(c29f6133cd02bcd49a9d4d45aeeee1ad) Importer(815301076,1909f56bfc062723c751e8b465ee728b)  -> (artifact id: '2b606817d080510f171812ff112d7ff7') in 0.033599 seconds
Number of updated asset objects reloaded before import = 0
Number of asset objects unloaded after import = 160
========================================================================
Received Import Request.
  Time since last request: 0.000024 seconds.
  path: Assets/Mesh/Animator/5thanniversary #3401/5thanniversary.fbx
  artifactKey: Guid(8165d71ba87bb954ea3dda3eaea7d196) Importer(815301076,1909f56bfc062723c751e8b465ee728b)
Start importing Assets/Mesh/Animator/5thanniversary #3401/5thanniversary.fbx using Guid(8165d71ba87bb954ea3dda3eaea7d196) Importer(815301076,1909f56bfc062723c751e8b465ee728b)  -> (artifact id: 'd16ed4c52b046a66f7f88ca094890fb4') in 0.056263 seconds
Number of updated asset objects reloaded before import = 0
Number of asset objects unloaded after import = 166
========================================================================
Received Import Request.
  Time since last request: 0.000018 seconds.
  path: Assets/Mesh/Animator/ETAP #4915/ETAP.fbx
  artifactKey: Guid(8137ea78ce9ad544b8374866cb2e15fe) Importer(815301076,1909f56bfc062723c751e8b465ee728b)
Start importing Assets/Mesh/Animator/ETAP #4915/ETAP.fbx using Guid(8137ea78ce9ad544b8374866cb2e15fe) Importer(815301076,1909f56bfc062723c751e8b465ee728b)  -> (artifact id: '5c5dcfc00ff4f639c6bead8159bd91ae') in 0.076845 seconds
Number of updated asset objects reloaded before import = 0
Number of asset objects unloaded after import = 525
========================================================================
Received Import Request.
  Time since last request: 0.000037 seconds.
  path: Assets/Mesh/Animator/Default #1747/Default.fbx
  artifactKey: Guid(6ca73ca6f7eac734cabfae2c27bddea9) Importer(815301076,1909f56bfc062723c751e8b465ee728b)
Start importing Assets/Mesh/Animator/Default #1747/Default.fbx using Guid(6ca73ca6f7eac734cabfae2c27bddea9) Importer(815301076,1909f56bfc062723c751e8b465ee728b)  -> (artifact id: 'b3c56289a2392aa1e16bc5a828db54ce') in 0.034589 seconds
Number of updated asset objects reloaded before import = 0
Number of asset objects unloaded after import = 160
========================================================================
Received Import Request.
  Time since last request: 0.000024 seconds.
  path: Assets/Mesh/Animator/Default #2637/Default.fbx
  artifactKey: Guid(fed36f6f58d87fe47b39f788ec42b029) Importer(815301076,1909f56bfc062723c751e8b465ee728b)
Start importing Assets/Mesh/Animator/Default #2637/Default.fbx using Guid(fed36f6f58d87fe47b39f788ec42b029) Importer(815301076,1909f56bfc062723c751e8b465ee728b)  -> (artifact id: '8ee52cb4419341ce0a971713ee209aa1') in 0.027526 seconds
Number of updated asset objects reloaded before import = 0
Number of asset objects unloaded after import = 160
========================================================================
Received Import Request.
  Time since last request: 0.000059 seconds.
  path: Assets/Mesh/Animator/Default #1273/Default.fbx
  artifactKey: Guid(7a17f169ee71f0549a1557b403fedb34) Importer(815301076,1909f56bfc062723c751e8b465ee728b)
Start importing Assets/Mesh/Animator/Default #1273/Default.fbx using Guid(7a17f169ee71f0549a1557b403fedb34) Importer(815301076,1909f56bfc062723c751e8b465ee728b)  -> (artifact id: '558d2c63084c115a0b5fa5187a8f2361') in 0.035491 seconds
Number of updated asset objects reloaded before import = 0
Number of asset objects unloaded after import = 160
========================================================================
Received Import Request.
  Time since last request: 0.000019 seconds.
  path: Assets/Mesh/Animator/Default #1254/Default.fbx
  artifactKey: Guid(f796c595ec702054281fdd77fe50afc5) Importer(815301076,1909f56bfc062723c751e8b465ee728b)
Start importing Assets/Mesh/Animator/Default #1254/Default.fbx using Guid(f796c595ec702054281fdd77fe50afc5) Importer(815301076,1909f56bfc062723c751e8b465ee728b)  -> (artifact id: '44b8ef6cc101f4629eb6d06d38f613ff') in 0.057327 seconds
Number of updated asset objects reloaded before import = 0
Number of asset objects unloaded after import = 160
========================================================================
Received Import Request.
  Time since last request: 0.000024 seconds.
  path: Assets/Mesh/Animator/Default #2081/Default.fbx
  artifactKey: Guid(3e77ee5983229724abdf682f78e1f2f5) Importer(815301076,1909f56bfc062723c751e8b465ee728b)
Start importing Assets/Mesh/Animator/Default #2081/Default.fbx using Guid(3e77ee5983229724abdf682f78e1f2f5) Importer(815301076,1909f56bfc062723c751e8b465ee728b)  -> (artifact id: '6bf4aa1af2c946e177efa82a9a776915') in 0.035761 seconds
Number of updated asset objects reloaded before import = 0
Number of asset objects unloaded after import = 160
========================================================================
Received Import Request.
  Time since last request: 0.000018 seconds.
  path: Assets/Mesh/Animator/5thanniversary #2446/5thanniversary.fbx
  artifactKey: Guid(3ed5ecef43ca88d40b9d4fd1d5a628ce) Importer(815301076,1909f56bfc062723c751e8b465ee728b)
Start importing Assets/Mesh/Animator/5thanniversary #2446/5thanniversary.fbx using Guid(3ed5ecef43ca88d40b9d4fd1d5a628ce) Importer(815301076,1909f56bfc062723c751e8b465ee728b)  -> (artifact id: '7cf70ee9f635a10fdc304533ba3f9bba') in 0.031228 seconds
Number of updated asset objects reloaded before import = 0
Number of asset objects unloaded after import = 160
========================================================================
Received Import Request.
  Time since last request: 0.204195 seconds.
  path: Assets/Mesh/Animator/Rei/Rei.fbx
  artifactKey: Guid(3e40929a8b7634240a8db5e980308304) Importer(815301076,1909f56bfc062723c751e8b465ee728b)
Start importing Assets/Mesh/Animator/Rei/Rei.fbx using Guid(3e40929a8b7634240a8db5e980308304) Importer(815301076,1909f56bfc062723c751e8b465ee728b)  -> (artifact id: '4664e6c7378348b5474a4088b759fb94') in 0.126527 seconds
Number of updated asset objects reloaded before import = 0
Number of asset objects unloaded after import = 85
========================================================================
Received Import Request.
  Time since last request: 0.000023 seconds.
  path: Assets/Mesh/Animator/Tetora/Tetora.fbx
  artifactKey: Guid(9c0d9c3b3389f8643b6e1cd936637bd6) Importer(815301076,1909f56bfc062723c751e8b465ee728b)
Start importing Assets/Mesh/Animator/Tetora/Tetora.fbx using Guid(9c0d9c3b3389f8643b6e1cd936637bd6) Importer(815301076,1909f56bfc062723c751e8b465ee728b)  -> (artifact id: '428deff37b20026516a92f10d71b1a3d') in 0.113701 seconds
Number of updated asset objects reloaded before import = 0
Number of asset objects unloaded after import = 74
========================================================================
Received Import Request.
  Time since last request: 0.000051 seconds.
  path: Assets/Mesh/Animator/Hiyori/Hiyori.fbx
  artifactKey: Guid(6a87e7417021d00449a8a015e55dd942) Importer(815301076,1909f56bfc062723c751e8b465ee728b)
Start importing Assets/Mesh/Animator/Hiyori/Hiyori.fbx using Guid(6a87e7417021d00449a8a015e55dd942) Importer(815301076,1909f56bfc062723c751e8b465ee728b)  -> (artifact id: '2f9a86304981f9db3ecd5d3e97e68c75') in 0.094734 seconds
Number of updated asset objects reloaded before import = 0
Number of asset objects unloaded after import = 74
========================================================================
Received Import Request.
  Time since last request: 0.000027 seconds.
  path: Assets/Mesh/Animator/Niki/Niki.fbx
  artifactKey: Guid(7390f92c93e5d3141a0655f9ea407d01) Importer(815301076,1909f56bfc062723c751e8b465ee728b)
Start importing Assets/Mesh/Animator/Niki/Niki.fbx using Guid(7390f92c93e5d3141a0655f9ea407d01) Importer(815301076,1909f56bfc062723c751e8b465ee728b)  -> (artifact id: '06e6d1160b917eb8c98534a782bfe440') in 0.094439 seconds
Number of updated asset objects reloaded before import = 0
Number of asset objects unloaded after import = 74
========================================================================
Received Import Request.
  Time since last request: 0.000026 seconds.
  path: Assets/Mesh/Animator/Keito/Keito.fbx
  artifactKey: Guid(fdc5c520c9dfe9d41a01b487864a0e19) Importer(815301076,1909f56bfc062723c751e8b465ee728b)
Start importing Assets/Mesh/Animator/Keito/Keito.fbx using Guid(fdc5c520c9dfe9d41a01b487864a0e19) Importer(815301076,1909f56bfc062723c751e8b465ee728b)  -> (artifact id: '5afdb5c4392409c3341bf1fe52a7bf27') in 0.248126 seconds
Number of updated asset objects reloaded before import = 0
Number of asset objects unloaded after import = 84
========================================================================
Received Import Request.
  Time since last request: 0.000024 seconds.
  path: Assets/Mesh/Animator/Subaru/Subaru.fbx
  artifactKey: Guid(9252f30a1338dbc459b9befaf8478de5) Importer(815301076,1909f56bfc062723c751e8b465ee728b)
Start importing Assets/Mesh/Animator/Subaru/Subaru.fbx using Guid(9252f30a1338dbc459b9befaf8478de5) Importer(815301076,1909f56bfc062723c751e8b465ee728b)  -> (artifact id: '8f8d4fd6e234694fa9ea2d8c3bd09490') in 0.148008 seconds
Number of updated asset objects reloaded before import = 0
Number of asset objects unloaded after import = 84
========================================================================
Received Import Request.
  Time since last request: 0.000028 seconds.
  path: Assets/Mesh/Animator/Izumi/Izumi.fbx
  artifactKey: Guid(aa1b35ea6b4d87f47a8d5f99a5595c55) Importer(815301076,1909f56bfc062723c751e8b465ee728b)
Start importing Assets/Mesh/Animator/Izumi/Izumi.fbx using Guid(aa1b35ea6b4d87f47a8d5f99a5595c55) Importer(815301076,1909f56bfc062723c751e8b465ee728b)  -> (artifact id: 'e006b52e09dc0b37bc1ee035de392213') in 0.109583 seconds
Number of updated asset objects reloaded before import = 0
Number of asset objects unloaded after import = 74
========================================================================
Received Import Request.
  Time since last request: 0.000018 seconds.
  path: Assets/Mesh/Animator/Yuzuru/Yuzuru.fbx
  artifactKey: Guid(0b111161c30427e45bfeec5967cb567e) Importer(815301076,1909f56bfc062723c751e8b465ee728b)
Start importing Assets/Mesh/Animator/Yuzuru/Yuzuru.fbx using Guid(0b111161c30427e45bfeec5967cb567e) Importer(815301076,1909f56bfc062723c751e8b465ee728b)  -> (artifact id: '83eb39bd1e0fbeb06c7bebd7217b6eaf') in 0.121665 seconds
Number of updated asset objects reloaded before import = 0
Number of asset objects unloaded after import = 74
========================================================================
Received Import Request.
  Time since last request: 0.000023 seconds.
  path: Assets/Mesh/Animator/Koga/Koga.fbx
  artifactKey: Guid(c243aadfdfe7b5e49aa01f26abd5de54) Importer(815301076,1909f56bfc062723c751e8b465ee728b)
Start importing Assets/Mesh/Animator/Koga/Koga.fbx using Guid(c243aadfdfe7b5e49aa01f26abd5de54) Importer(815301076,1909f56bfc062723c751e8b465ee728b)  -> (artifact id: '0cd1e3cba0b8596e7d4e62a779d84de4') in 0.112665 seconds
Number of updated asset objects reloaded before import = 0
Number of asset objects unloaded after import = 73
========================================================================
Received Import Request.
  Time since last request: 0.000031 seconds.
  path: Assets/Mesh/Animator/Tsumugi/Tsumugi.fbx
  artifactKey: Guid(d58196eebec5d2946aeaf7d1ec98abd6) Importer(815301076,1909f56bfc062723c751e8b465ee728b)
Start importing Assets/Mesh/Animator/Tsumugi/Tsumugi.fbx using Guid(d58196eebec5d2946aeaf7d1ec98abd6) Importer(815301076,1909f56bfc062723c751e8b465ee728b)  -> (artifact id: '66a931206cc7712570bd1050e060d56f') in 0.207176 seconds
Number of updated asset objects reloaded before import = 0
Number of asset objects unloaded after import = 74
========================================================================
Received Import Request.
  Time since last request: 0.000027 seconds.
  path: Assets/Mesh/Animator/Wataru/Wataru.fbx
  artifactKey: Guid(22abbb07356a73f4e9872a85d6e6cee4) Importer(815301076,1909f56bfc062723c751e8b465ee728b)
Start importing Assets/Mesh/Animator/Wataru/Wataru.fbx using Guid(22abbb07356a73f4e9872a85d6e6cee4) Importer(815301076,1909f56bfc062723c751e8b465ee728b)  -> (artifact id: 'b12598e4ada5189ac27061bd46b0d361') in 0.119696 seconds
Number of updated asset objects reloaded before import = 0
Number of asset objects unloaded after import = 74
========================================================================
Received Import Request.
  Time since last request: 0.017014 seconds.
  path: Assets/Mesh/Animator/Jun/Jun.fbx
  artifactKey: Guid(6b92333ae01101744a66920eed12460e) Importer(815301076,1909f56bfc062723c751e8b465ee728b)
Start importing Assets/Mesh/Animator/Jun/Jun.fbx using Guid(6b92333ae01101744a66920eed12460e) Importer(815301076,1909f56bfc062723c751e8b465ee728b)  -> (artifact id: '4a8d1ed99e972fdd67f7ca1ddd23d1d9') in 0.074934 seconds
Number of updated asset objects reloaded before import = 0
Number of asset objects unloaded after import = 73
========================================================================
Received Import Request.
  Time since last request: 0.000022 seconds.
  path: Assets/Mesh/Animator/Jin/Jin.fbx
  artifactKey: Guid(a3f280a8e78e6e744a33b1323edb1f92) Importer(815301076,1909f56bfc062723c751e8b465ee728b)
Start importing Assets/Mesh/Animator/Jin/Jin.fbx using Guid(a3f280a8e78e6e744a33b1323edb1f92) Importer(815301076,1909f56bfc062723c751e8b465ee728b)  -> (artifact id: '987cf196c5e51d3fb69cfadc9c1b922c') in 0.093018 seconds
Number of updated asset objects reloaded before import = 0
Number of asset objects unloaded after import = 74
========================================================================
Received Import Request.
  Time since last request: 0.000021 seconds.
  path: Assets/Mesh/Animator/Tomoya/Tomoya.fbx
  artifactKey: Guid(f43ec1a18ab57b34fb34f8f06d5f78a0) Importer(815301076,1909f56bfc062723c751e8b465ee728b)
Start importing Assets/Mesh/Animator/Tomoya/Tomoya.fbx using Guid(f43ec1a18ab57b34fb34f8f06d5f78a0) Importer(815301076,1909f56bfc062723c751e8b465ee728b)  -> (artifact id: 'fdb1fb4d7ef7c5201fb2dff756d3400e') in 0.109909 seconds
Number of updated asset objects reloaded before import = 0
Number of asset objects unloaded after import = 74
========================================================================
Received Import Request.
  Time since last request: 0.000023 seconds.
  path: Assets/Mesh/Animator/Madara/Madara.fbx
  artifactKey: Guid(6f09990a709797c449b6ed36929a982f) Importer(815301076,1909f56bfc062723c751e8b465ee728b)
Start importing Assets/Mesh/Animator/Madara/Madara.fbx using Guid(6f09990a709797c449b6ed36929a982f) Importer(815301076,1909f56bfc062723c751e8b465ee728b)  -> (artifact id: 'da7b276ea20cd772dbec6fa3265d4292') in 0.097306 seconds
Number of updated asset objects reloaded before import = 0
Number of asset objects unloaded after import = 74
========================================================================
Received Import Request.
  Time since last request: 0.000042 seconds.
  path: Assets/Mesh/Animator/Mayoi/Mayoi.fbx
  artifactKey: Guid(e2424873baa9f9e48a1e372052b3f7e2) Importer(815301076,1909f56bfc062723c751e8b465ee728b)
Start importing Assets/Mesh/Animator/Mayoi/Mayoi.fbx using Guid(e2424873baa9f9e48a1e372052b3f7e2) Importer(815301076,1909f56bfc062723c751e8b465ee728b)  -> (artifact id: 'f4bbb938868861a73d065cb2ca15ef48') in 0.113351 seconds
Number of updated asset objects reloaded before import = 0
Number of asset objects unloaded after import = 74
========================================================================
Received Import Request.
  Time since last request: 0.000025 seconds.
  path: Assets/Mesh/Animator/Tsukasa/Tsukasa.fbx
  artifactKey: Guid(427bcf706dd3bc04f84f208719df3ed1) Importer(815301076,1909f56bfc062723c751e8b465ee728b)
Start importing Assets/Mesh/Animator/Tsukasa/Tsukasa.fbx using Guid(427bcf706dd3bc04f84f208719df3ed1) Importer(815301076,1909f56bfc062723c751e8b465ee728b)  -> (artifact id: '5399ad7d95c35f6a66887303c11580ba') in 0.100189 seconds
Number of updated asset objects reloaded before import = 0
Number of asset objects unloaded after import = 74
========================================================================
Received Import Request.
  Time since last request: 0.000019 seconds.
  path: Assets/Mesh/Animator/Hiro/Hiro.fbx
  artifactKey: Guid(e479c49f276a7ce48819823569758dad) Importer(815301076,1909f56bfc062723c751e8b465ee728b)
Start importing Assets/Mesh/Animator/Hiro/Hiro.fbx using Guid(e479c49f276a7ce48819823569758dad) Importer(815301076,1909f56bfc062723c751e8b465ee728b)  -> (artifact id: '8baa206303b8bb505975a5064236af9b') in 0.110890 seconds
Number of updated asset objects reloaded before import = 0
Number of asset objects unloaded after import = 74
========================================================================
Received Import Request.
  Time since last request: 0.000056 seconds.
  path: Assets/Mesh/Animator/Nagisa/Nagisa.fbx
  artifactKey: Guid(fb2f3121772cda14aabf98234c22e873) Importer(815301076,1909f56bfc062723c751e8b465ee728b)
Start importing Assets/Mesh/Animator/Nagisa/Nagisa.fbx using Guid(fb2f3121772cda14aabf98234c22e873) Importer(815301076,1909f56bfc062723c751e8b465ee728b)  -> (artifact id: 'dd44e4daf6e981cc3f70ed56df04eb7b') in 0.096753 seconds
Number of updated asset objects reloaded before import = 0
Number of asset objects unloaded after import = 74
========================================================================
Received Import Request.
  Time since last request: 0.000867 seconds.
  path: Assets/Mesh/Animator/Rinne/Rinne.fbx
  artifactKey: Guid(9e3e9d3483ad3ba4aa92e35660ad4eef) Importer(815301076,1909f56bfc062723c751e8b465ee728b)
Start importing Assets/Mesh/Animator/Rinne/Rinne.fbx using Guid(9e3e9d3483ad3ba4aa92e35660ad4eef) Importer(815301076,1909f56bfc062723c751e8b465ee728b)  -> (artifact id: 'cc3568153131ef6f2513ce88331b3de1') in 0.104498 seconds
Number of updated asset objects reloaded before import = 0
Number of asset objects unloaded after import = 74
========================================================================
Received Import Request.
  Time since last request: 0.000018 seconds.
  path: Assets/Mesh/Animator/Ritsu/Ritsu.fbx
  artifactKey: Guid(7a5510844cf1efe43a897a6d6b001e32) Importer(815301076,1909f56bfc062723c751e8b465ee728b)
Start importing Assets/Mesh/Animator/Ritsu/Ritsu.fbx using Guid(7a5510844cf1efe43a897a6d6b001e32) Importer(815301076,1909f56bfc062723c751e8b465ee728b)  -> (artifact id: '3623a5e7205fdc61604849216c379792') in 0.103997 seconds
Number of updated asset objects reloaded before import = 0
Number of asset objects unloaded after import = 74
========================================================================
Received Import Request.
  Time since last request: 0.000023 seconds.
  path: Assets/Mesh/Animator/Souma/Souma.fbx
  artifactKey: Guid(01180824fa01859489d7b4e0c2601f99) Importer(815301076,1909f56bfc062723c751e8b465ee728b)
Start importing Assets/Mesh/Animator/Souma/Souma.fbx using Guid(01180824fa01859489d7b4e0c2601f99) Importer(815301076,1909f56bfc062723c751e8b465ee728b)  -> (artifact id: '9ce0d14224f15318adbcb35f6de95355') in 0.114108 seconds
Number of updated asset objects reloaded before import = 0
Number of asset objects unloaded after import = 84
========================================================================
Received Import Request.
  Time since last request: 0.000032 seconds.
  path: Assets/Mesh/Animator/Kohaku/Kohaku.fbx
  artifactKey: Guid(e93bb37515764c34eaea83210dbaa79a) Importer(815301076,1909f56bfc062723c751e8b465ee728b)
Start importing Assets/Mesh/Animator/Kohaku/Kohaku.fbx using Guid(e93bb37515764c34eaea83210dbaa79a) Importer(815301076,1909f56bfc062723c751e8b465ee728b)  -> (artifact id: '18b10a8f95c054ff1ed250d84baa9817') in 0.114492 seconds
Number of updated asset objects reloaded before import = 0
Number of asset objects unloaded after import = 74
========================================================================
Received Import Request.
  Time since last request: 0.000017 seconds.
  path: Assets/Mesh/Animator/Mao/Mao.fbx
  artifactKey: Guid(4561488fd4342dc43b07849ef2842294) Importer(815301076,1909f56bfc062723c751e8b465ee728b)
Start importing Assets/Mesh/Animator/Mao/Mao.fbx using Guid(4561488fd4342dc43b07849ef2842294) Importer(815301076,1909f56bfc062723c751e8b465ee728b)  -> (artifact id: 'fb336ecd6ddd0e2137492ae1b93757e8') in 0.116249 seconds
Number of updated asset objects reloaded before import = 0
Number of asset objects unloaded after import = 84
========================================================================
Received Import Request.
  Time since last request: 0.667867 seconds.
  path: Assets/Mesh/Animator/Chiaki/Chiaki.fbx
  artifactKey: Guid(0b06be624579e504f9fa3a9406f24de4) Importer(815301076,1909f56bfc062723c751e8b465ee728b)
Start importing Assets/Mesh/Animator/Chiaki/Chiaki.fbx using Guid(0b06be624579e504f9fa3a9406f24de4) Importer(815301076,1909f56bfc062723c751e8b465ee728b)  -> (artifact id: '66e92e3e4eaa693c7c1666add916d03e') in 0.129022 seconds
Number of updated asset objects reloaded before import = 0
Number of asset objects unloaded after import = 84
========================================================================
Received Import Request.
  Time since last request: 418.523329 seconds.
  path: Assets/Mesh/Animator/EntrainingIntercomShinobu/EntrainingIntercomShinobu.fbx
  artifactKey: Guid(eb30e8a8a202d834e9b6ba514f9093b3) Importer(815301076,1909f56bfc062723c751e8b465ee728b)
Start importing Assets/Mesh/Animator/EntrainingIntercomShinobu/EntrainingIntercomShinobu.fbx using Guid(eb30e8a8a202d834e9b6ba514f9093b3) Importer(815301076,1909f56bfc062723c751e8b465ee728b)  -> (artifact id: 'abdf087a5cb0bb73751b64830a85d191') in 0.024734 seconds
Number of updated asset objects reloaded before import = 0
Number of asset objects unloaded after import = 11
========================================================================
Received Import Request.
  Time since last request: 0.000023 seconds.
  path: Assets/Mesh/Animator/EntrainingIntercomSora/EntrainingIntercomSora.fbx
  artifactKey: Guid(005ddc007a8434a4697948b5d011fccb) Importer(815301076,1909f56bfc062723c751e8b465ee728b)
Start importing Assets/Mesh/Animator/EntrainingIntercomSora/EntrainingIntercomSora.fbx using Guid(005ddc007a8434a4697948b5d011fccb) Importer(815301076,1909f56bfc062723c751e8b465ee728b)  -> (artifact id: '98899a9b953f7a434a717f9fbf9e1140') in 0.016730 seconds
Number of updated asset objects reloaded before import = 0
Number of asset objects unloaded after import = 11
========================================================================
Received Prepare
Begin MonoManager ReloadAssembly
- Loaded All Assemblies, in  0.744 seconds
Refreshing native plugins compatible for Editor in 3.45 ms, found 4 plugins.
Native extension for WindowsStandalone target not found
[Package Manager] Server::EnsureServerProcessIsRunning -- launch failed, reason: Unity was launched with the -noUpm command-line argument
[Package Manager] UpmClient::Send -- Unable to send message (not connected to UPM process).
[Package Manager] Cannot connect to Unity Package Manager local server
Mono: successfully reloaded assembly
- Finished resetting the current domain, in  1.302 seconds
Domain Reload Profiling: 2044ms
	BeginReloadAssembly (260ms)
		ExecutionOrderSort (0ms)
		DisableScriptedObjects (11ms)
		BackupInstance (0ms)
		ReleaseScriptingObjects (0ms)
		CreateAndSetChildDomain (96ms)
	RebuildCommonClasses (31ms)
	RebuildNativeTypeToScriptingClass (9ms)
	initialDomainReloadingComplete (31ms)
	LoadAllAssembliesAndSetupDomain (411ms)
		LoadAssemblies (504ms)
		RebuildTransferFunctionScriptingTraits (0ms)
		AnalyzeDomain (17ms)
			TypeCache.Refresh (6ms)
				TypeCache.ScanAssembly (0ms)
			ScanForSourceGeneratedMonoScriptInfo (0ms)
			ResolveRequiredComponents (8ms)
	FinalizeReload (1302ms)
		ReleaseScriptCaches (0ms)
		RebuildScriptCaches (0ms)
		SetupLoadedEditorAssemblies (583ms)
			LogAssemblyErrors (0ms)
			InitializePlatformSupportModulesInManaged (9ms)
			SetLoadedEditorAssemblies (6ms)
			RefreshPlugins (0ms)
			BeforeProcessingInitializeOnLoad (125ms)
			ProcessInitializeOnLoadAttributes (400ms)
			ProcessInitializeOnLoadMethodAttributes (36ms)
			AfterProcessingInitializeOnLoad (7ms)
			EditorAssembliesLoaded (0ms)
		ExecutionOrderSort2 (0ms)
		AwakeInstancesAfterBackupRestoration (10ms)
Refreshing native plugins compatible for Editor in 3.84 ms, found 4 plugins.
Preloading 0 native plugins for Editor in 0.00 ms.
Unloading 4185 Unused Serialized files (Serialized files now loaded: 0)
Unloading 62 unused Assets / (244.5 KB). Loaded Objects now: 4786.
Memory consumption went from 179.4 MB to 179.2 MB.
Total: 4.017600 ms (FindLiveObjects: 0.397000 ms CreateObjectMapping: 0.139600 ms MarkObjects: 3.198500 ms  DeleteObjects: 0.281600 ms)

Prepare: number of updated asset objects reloaded= 0
AssetImportParameters requested are different than current active one (requested -> active):
  custom:container-demuxer-ogg: 62fdf1f143b41e24485cea50d1cbac27 -> 
  custom:video-decoder-ogg-theora: a1e56fd34408186e4bbccfd4996cb3dc -> 
  custom:framework-win-MediaFoundation: 216162199b28c13a410421893ffa2e32 -> 
  custom:CustomObjectIndexerAttribute: 9a22284fe3817be447336de3de66b15e -> 
  custom:container-demuxer-webm: 4f35f7cbe854078d1ac9338744f61a02 -> 
  custom:container-muxer-webm: aa71ff27fc2769a1b78a27578f13a17b -> 
  custom:video-decoder-webm-vp8: 9c59270c3fd7afecdb556c50c9e8de78 -> 
  custom:scripting/monoscript/fileName/VideoControl.cs: 5e1a9762ac1e98c9c4461949ed36b9e7 -> 
  custom:SearchIndexIgnoredProperties: e643bd26f0fe6173181afceb89e7c659 -> 
  custom:AudioImporter_EditorPlatform: d09bf68614088b80899f8185d706f6e7 -> 
  custom:video-encoder-webm-vp8: eb34c28f22e8b96e1ab97ce403110664 -> 
  custom:audio-decoder-ogg-vorbis: bf7c407c2cedff20999df2af8eb42d56 -> 
  custom:audio-encoder-webm-vorbis: bf7c407c2cedff20999df2af8eb42d56 -> 
========================================================================
Received Prepare
Begin MonoManager ReloadAssembly
- Loaded All Assemblies, in  0.438 seconds
Refreshing native plugins compatible for Editor in 3.51 ms, found 4 plugins.
Native extension for WindowsStandalone target not found
[Package Manager] Server::EnsureServerProcessIsRunning -- launch failed, reason: Unity was launched with the -noUpm command-line argument
[Package Manager] UpmClient::Send -- Unable to send message (not connected to UPM process).
[Package Manager] Cannot connect to Unity Package Manager local server
Mono: successfully reloaded assembly
- Finished resetting the current domain, in  1.114 seconds
Domain Reload Profiling: 1551ms
	BeginReloadAssembly (154ms)
		ExecutionOrderSort (0ms)
		DisableScriptedObjects (5ms)
		BackupInstance (0ms)
		ReleaseScriptingObjects (0ms)
		CreateAndSetChildDomain (37ms)
	RebuildCommonClasses (30ms)
	RebuildNativeTypeToScriptingClass (9ms)
	initialDomainReloadingComplete (30ms)
	LoadAllAssembliesAndSetupDomain (214ms)
		LoadAssemblies (280ms)
		RebuildTransferFunctionScriptingTraits (0ms)
		AnalyzeDomain (13ms)
			TypeCache.Refresh (5ms)
				TypeCache.ScanAssembly (0ms)
			ScanForSourceGeneratedMonoScriptInfo (0ms)
			ResolveRequiredComponents (6ms)
	FinalizeReload (1115ms)
		ReleaseScriptCaches (0ms)
		RebuildScriptCaches (0ms)
		SetupLoadedEditorAssemblies (534ms)
			LogAssemblyErrors (0ms)
			InitializePlatformSupportModulesInManaged (8ms)
			SetLoadedEditorAssemblies (5ms)
			RefreshPlugins (0ms)
			BeforeProcessingInitializeOnLoad (110ms)
			ProcessInitializeOnLoadAttributes (371ms)
			ProcessInitializeOnLoadMethodAttributes (32ms)
			AfterProcessingInitializeOnLoad (8ms)
			EditorAssembliesLoaded (0ms)
		ExecutionOrderSort2 (0ms)
		AwakeInstancesAfterBackupRestoration (9ms)
Refreshing native plugins compatible for Editor in 4.10 ms, found 4 plugins.
Preloading 0 native plugins for Editor in 0.00 ms.
Unloading 4186 Unused Serialized files (Serialized files now loaded: 0)
Unloading 62 unused Assets / (244.6 KB). Loaded Objects now: 4801.
Memory consumption went from 181.6 MB to 181.4 MB.
Total: 3.926900 ms (FindLiveObjects: 0.303800 ms CreateObjectMapping: 0.266600 ms MarkObjects: 3.052100 ms  DeleteObjects: 0.303400 ms)

Prepare: number of updated asset objects reloaded= 0
AssetImportParameters requested are different than current active one (requested -> active):
  custom:container-demuxer-ogg: 62fdf1f143b41e24485cea50d1cbac27 -> 
  custom:video-decoder-ogg-theora: a1e56fd34408186e4bbccfd4996cb3dc -> 
  custom:framework-win-MediaFoundation: 216162199b28c13a410421893ffa2e32 -> 
  custom:CustomObjectIndexerAttribute: 9a22284fe3817be447336de3de66b15e -> 
  custom:container-demuxer-webm: 4f35f7cbe854078d1ac9338744f61a02 -> 
  custom:container-muxer-webm: aa71ff27fc2769a1b78a27578f13a17b -> 
  custom:video-decoder-webm-vp8: 9c59270c3fd7afecdb556c50c9e8de78 -> 
  custom:scripting/monoscript/fileName/VideoControl.cs: 5e1a9762ac1e98c9c4461949ed36b9e7 -> 
  custom:SearchIndexIgnoredProperties: e643bd26f0fe6173181afceb89e7c659 -> 
  custom:AudioImporter_EditorPlatform: d09bf68614088b80899f8185d706f6e7 -> 
  custom:video-encoder-webm-vp8: eb34c28f22e8b96e1ab97ce403110664 -> 
  custom:audio-decoder-ogg-vorbis: bf7c407c2cedff20999df2af8eb42d56 -> 
  custom:audio-encoder-webm-vorbis: bf7c407c2cedff20999df2af8eb42d56 -> 
========================================================================
Received Prepare
Begin MonoManager ReloadAssembly
- Loaded All Assemblies, in  0.510 seconds
Refreshing native plugins compatible for Editor in 4.04 ms, found 4 plugins.
Native extension for WindowsStandalone target not found
[Package Manager] Server::EnsureServerProcessIsRunning -- launch failed, reason: Unity was launched with the -noUpm command-line argument
[Package Manager] UpmClient::Send -- Unable to send message (not connected to UPM process).
[Package Manager] Cannot connect to Unity Package Manager local server
Mono: successfully reloaded assembly
- Finished resetting the current domain, in  1.639 seconds
Domain Reload Profiling: 2147ms
	BeginReloadAssembly (140ms)
		ExecutionOrderSort (0ms)
		DisableScriptedObjects (5ms)
		BackupInstance (0ms)
		ReleaseScriptingObjects (0ms)
		CreateAndSetChildDomain (35ms)
	RebuildCommonClasses (25ms)
	RebuildNativeTypeToScriptingClass (14ms)
	initialDomainReloadingComplete (27ms)
	LoadAllAssembliesAndSetupDomain (301ms)
		LoadAssemblies (355ms)
		RebuildTransferFunctionScriptingTraits (0ms)
		AnalyzeDomain (13ms)
			TypeCache.Refresh (5ms)
				TypeCache.ScanAssembly (0ms)
			ScanForSourceGeneratedMonoScriptInfo (0ms)
			ResolveRequiredComponents (7ms)
	FinalizeReload (1640ms)
		ReleaseScriptCaches (0ms)
		RebuildScriptCaches (0ms)
		SetupLoadedEditorAssemblies (529ms)
			LogAssemblyErrors (0ms)
			InitializePlatformSupportModulesInManaged (7ms)
			SetLoadedEditorAssemblies (5ms)
			RefreshPlugins (0ms)
			BeforeProcessingInitializeOnLoad (110ms)
			ProcessInitializeOnLoadAttributes (366ms)
			ProcessInitializeOnLoadMethodAttributes (34ms)
			AfterProcessingInitializeOnLoad (7ms)
			EditorAssembliesLoaded (0ms)
		ExecutionOrderSort2 (0ms)
		AwakeInstancesAfterBackupRestoration (10ms)
Refreshing native plugins compatible for Editor in 3.70 ms, found 4 plugins.
Preloading 0 native plugins for Editor in 0.00 ms.
Unloading 4186 Unused Serialized files (Serialized files now loaded: 0)
Unloading 62 unused Assets / (244.7 KB). Loaded Objects now: 4816.
Memory consumption went from 183.6 MB to 183.3 MB.
Total: 3.199400 ms (FindLiveObjects: 0.372800 ms CreateObjectMapping: 0.103700 ms MarkObjects: 2.520200 ms  DeleteObjects: 0.202200 ms)

Prepare: number of updated asset objects reloaded= 0
AssetImportParameters requested are different than current active one (requested -> active):
  custom:container-demuxer-ogg: 62fdf1f143b41e24485cea50d1cbac27 -> 
  custom:video-decoder-ogg-theora: a1e56fd34408186e4bbccfd4996cb3dc -> 
  custom:framework-win-MediaFoundation: 216162199b28c13a410421893ffa2e32 -> 
  custom:CustomObjectIndexerAttribute: 9a22284fe3817be447336de3de66b15e -> 
  custom:container-demuxer-webm: 4f35f7cbe854078d1ac9338744f61a02 -> 
  custom:container-muxer-webm: aa71ff27fc2769a1b78a27578f13a17b -> 
  custom:video-decoder-webm-vp8: 9c59270c3fd7afecdb556c50c9e8de78 -> 
  custom:scripting/monoscript/fileName/VideoControl.cs: 5e1a9762ac1e98c9c4461949ed36b9e7 -> 
  custom:SearchIndexIgnoredProperties: e643bd26f0fe6173181afceb89e7c659 -> 
  custom:AudioImporter_EditorPlatform: d09bf68614088b80899f8185d706f6e7 -> 
  custom:video-encoder-webm-vp8: eb34c28f22e8b96e1ab97ce403110664 -> 
  custom:audio-decoder-ogg-vorbis: bf7c407c2cedff20999df2af8eb42d56 -> 
  custom:audio-encoder-webm-vorbis: bf7c407c2cedff20999df2af8eb42d56 -> 
========================================================================
Received Import Request.
  Time since last request: 6994.698774 seconds.
  path: Assets/Sprite/Image/background_full1_1030_2_blur.png
  artifactKey: Guid(c1830cf3cb3bd3f4f9a432fffbbca33f) Importer(815301076,1909f56bfc062723c751e8b465ee728b)
Start importing Assets/Sprite/Image/background_full1_1030_2_blur.png using Guid(c1830cf3cb3bd3f4f9a432fffbbca33f) Importer(815301076,1909f56bfc062723c751e8b465ee728b)  -> (artifact id: '78a96703dccea5f3db9b06e03bcec1c4') in 0.244751 seconds
Number of updated asset objects reloaded before import = 0
Number of asset objects unloaded after import = 2
========================================================================
Received Prepare
Begin MonoManager ReloadAssembly
- Loaded All Assemblies, in  0.861 seconds
Refreshing native plugins compatible for Editor in 3.23 ms, found 4 plugins.
Native extension for WindowsStandalone target not found
[Package Manager] Server::EnsureServerProcessIsRunning -- launch failed, reason: Unity was launched with the -noUpm command-line argument
[Package Manager] UpmClient::Send -- Unable to send message (not connected to UPM process).
[Package Manager] Cannot connect to Unity Package Manager local server
Mono: successfully reloaded assembly
- Finished resetting the current domain, in  1.925 seconds
Domain Reload Profiling: 2785ms
	BeginReloadAssembly (377ms)
		ExecutionOrderSort (0ms)
		DisableScriptedObjects (23ms)
		BackupInstance (0ms)
		ReleaseScriptingObjects (0ms)
		CreateAndSetChildDomain (150ms)
	RebuildCommonClasses (37ms)
	RebuildNativeTypeToScriptingClass (10ms)
	initialDomainReloadingComplete (36ms)
	LoadAllAssembliesAndSetupDomain (400ms)
		LoadAssemblies (497ms)
		RebuildTransferFunctionScriptingTraits (0ms)
		AnalyzeDomain (41ms)
			TypeCache.Refresh (10ms)
				TypeCache.ScanAssembly (0ms)
			ScanForSourceGeneratedMonoScriptInfo (2ms)
			ResolveRequiredComponents (28ms)
	FinalizeReload (1926ms)
		ReleaseScriptCaches (0ms)
		RebuildScriptCaches (0ms)
		SetupLoadedEditorAssemblies (569ms)
			LogAssemblyErrors (0ms)
			InitializePlatformSupportModulesInManaged (18ms)
			SetLoadedEditorAssemblies (6ms)
			RefreshPlugins (0ms)
			BeforeProcessingInitializeOnLoad (114ms)
			ProcessInitializeOnLoadAttributes (384ms)
			ProcessInitializeOnLoadMethodAttributes (39ms)
			AfterProcessingInitializeOnLoad (7ms)
			EditorAssembliesLoaded (1ms)
		ExecutionOrderSort2 (0ms)
		AwakeInstancesAfterBackupRestoration (12ms)
Refreshing native plugins compatible for Editor in 3.89 ms, found 4 plugins.
Preloading 0 native plugins for Editor in 0.00 ms.
Unloading 4185 Unused Serialized files (Serialized files now loaded: 0)
Unloading 62 unused Assets / (244.6 KB). Loaded Objects now: 4832.
Memory consumption went from 185.3 MB to 185.0 MB.
Total: 7.273200 ms (FindLiveObjects: 0.301700 ms CreateObjectMapping: 0.244700 ms MarkObjects: 6.499400 ms  DeleteObjects: 0.226900 ms)

Prepare: number of updated asset objects reloaded= 0
AssetImportParameters requested are different than current active one (requested -> active):
  custom:container-demuxer-ogg: 62fdf1f143b41e24485cea50d1cbac27 -> 
  custom:video-decoder-ogg-theora: a1e56fd34408186e4bbccfd4996cb3dc -> 
  custom:framework-win-MediaFoundation: 216162199b28c13a410421893ffa2e32 -> 
  custom:CustomObjectIndexerAttribute: 9a22284fe3817be447336de3de66b15e -> 
  custom:container-demuxer-webm: 4f35f7cbe854078d1ac9338744f61a02 -> 
  custom:container-muxer-webm: aa71ff27fc2769a1b78a27578f13a17b -> 
  custom:video-decoder-webm-vp8: 9c59270c3fd7afecdb556c50c9e8de78 -> 
  custom:scripting/monoscript/fileName/VideoControl.cs: 5e1a9762ac1e98c9c4461949ed36b9e7 -> 
  custom:SearchIndexIgnoredProperties: e643bd26f0fe6173181afceb89e7c659 -> 
  custom:AudioImporter_EditorPlatform: d09bf68614088b80899f8185d706f6e7 -> 
  custom:video-encoder-webm-vp8: eb34c28f22e8b96e1ab97ce403110664 -> 
  custom:audio-decoder-ogg-vorbis: bf7c407c2cedff20999df2af8eb42d56 -> 
  custom:audio-encoder-webm-vorbis: bf7c407c2cedff20999df2af8eb42d56 -> 
========================================================================
Received Prepare
Begin MonoManager ReloadAssembly
- Loaded All Assemblies, in  0.460 seconds
Refreshing native plugins compatible for Editor in 3.20 ms, found 4 plugins.
Native extension for WindowsStandalone target not found
[Package Manager] Server::EnsureServerProcessIsRunning -- launch failed, reason: Unity was launched with the -noUpm command-line argument
[Package Manager] UpmClient::Send -- Unable to send message (not connected to UPM process).
[Package Manager] Cannot connect to Unity Package Manager local server
Mono: successfully reloaded assembly
- Finished resetting the current domain, in  1.070 seconds
Domain Reload Profiling: 1528ms
	BeginReloadAssembly (150ms)
		ExecutionOrderSort (0ms)
		DisableScriptedObjects (5ms)
		BackupInstance (0ms)
		ReleaseScriptingObjects (0ms)
		CreateAndSetChildDomain (37ms)
	RebuildCommonClasses (31ms)
	RebuildNativeTypeToScriptingClass (9ms)
	initialDomainReloadingComplete (33ms)
	LoadAllAssembliesAndSetupDomain (235ms)
		LoadAssemblies (297ms)
		RebuildTransferFunctionScriptingTraits (0ms)
		AnalyzeDomain (12ms)
			TypeCache.Refresh (5ms)
				TypeCache.ScanAssembly (0ms)
			ScanForSourceGeneratedMonoScriptInfo (0ms)
			ResolveRequiredComponents (6ms)
	FinalizeReload (1070ms)
		ReleaseScriptCaches (0ms)
		RebuildScriptCaches (0ms)
		SetupLoadedEditorAssemblies (538ms)
			LogAssemblyErrors (0ms)
			InitializePlatformSupportModulesInManaged (8ms)
			SetLoadedEditorAssemblies (5ms)
			RefreshPlugins (0ms)
			BeforeProcessingInitializeOnLoad (112ms)
			ProcessInitializeOnLoadAttributes (373ms)
			ProcessInitializeOnLoadMethodAttributes (33ms)
			AfterProcessingInitializeOnLoad (7ms)
			EditorAssembliesLoaded (0ms)
		ExecutionOrderSort2 (0ms)
		AwakeInstancesAfterBackupRestoration (10ms)
Refreshing native plugins compatible for Editor in 3.81 ms, found 4 plugins.
Preloading 0 native plugins for Editor in 0.00 ms.
Unloading 4186 Unused Serialized files (Serialized files now loaded: 0)
Unloading 62 unused Assets / (244.6 KB). Loaded Objects now: 4847.
Memory consumption went from 187.4 MB to 187.2 MB.
Total: 3.578000 ms (FindLiveObjects: 0.331500 ms CreateObjectMapping: 0.277700 ms MarkObjects: 2.741400 ms  DeleteObjects: 0.226500 ms)

Prepare: number of updated asset objects reloaded= 0
AssetImportParameters requested are different than current active one (requested -> active):
  custom:container-demuxer-ogg: 62fdf1f143b41e24485cea50d1cbac27 -> 
  custom:video-decoder-ogg-theora: a1e56fd34408186e4bbccfd4996cb3dc -> 
  custom:framework-win-MediaFoundation: 216162199b28c13a410421893ffa2e32 -> 
  custom:CustomObjectIndexerAttribute: 9a22284fe3817be447336de3de66b15e -> 
  custom:container-demuxer-webm: 4f35f7cbe854078d1ac9338744f61a02 -> 
  custom:container-muxer-webm: aa71ff27fc2769a1b78a27578f13a17b -> 
  custom:video-decoder-webm-vp8: 9c59270c3fd7afecdb556c50c9e8de78 -> 
  custom:scripting/monoscript/fileName/VideoControl.cs: 5e1a9762ac1e98c9c4461949ed36b9e7 -> 
  custom:SearchIndexIgnoredProperties: e643bd26f0fe6173181afceb89e7c659 -> 
  custom:AudioImporter_EditorPlatform: d09bf68614088b80899f8185d706f6e7 -> 
  custom:video-encoder-webm-vp8: eb34c28f22e8b96e1ab97ce403110664 -> 
  custom:audio-decoder-ogg-vorbis: bf7c407c2cedff20999df2af8eb42d56 -> 
  custom:audio-encoder-webm-vorbis: bf7c407c2cedff20999df2af8eb42d56 -> 
========================================================================
Received Prepare
Begin MonoManager ReloadAssembly
- Loaded All Assemblies, in  0.447 seconds
Refreshing native plugins compatible for Editor in 3.29 ms, found 4 plugins.
Native extension for WindowsStandalone target not found
[Package Manager] Server::EnsureServerProcessIsRunning -- launch failed, reason: Unity was launched with the -noUpm command-line argument
[Package Manager] UpmClient::Send -- Unable to send message (not connected to UPM process).
[Package Manager] Cannot connect to Unity Package Manager local server
Mono: successfully reloaded assembly
- Finished resetting the current domain, in  1.057 seconds
Domain Reload Profiling: 1502ms
	BeginReloadAssembly (156ms)
		ExecutionOrderSort (0ms)
		DisableScriptedObjects (5ms)
		BackupInstance (0ms)
		ReleaseScriptingObjects (0ms)
		CreateAndSetChildDomain (37ms)
	RebuildCommonClasses (35ms)
	RebuildNativeTypeToScriptingClass (14ms)
	initialDomainReloadingComplete (26ms)
	LoadAllAssembliesAndSetupDomain (215ms)
		LoadAssemblies (282ms)
		RebuildTransferFunctionScriptingTraits (0ms)
		AnalyzeDomain (13ms)
			TypeCache.Refresh (5ms)
				TypeCache.ScanAssembly (0ms)
			ScanForSourceGeneratedMonoScriptInfo (0ms)
			ResolveRequiredComponents (6ms)
	FinalizeReload (1057ms)
		ReleaseScriptCaches (0ms)
		RebuildScriptCaches (0ms)
		SetupLoadedEditorAssemblies (506ms)
			LogAssemblyErrors (0ms)
			InitializePlatformSupportModulesInManaged (6ms)
			SetLoadedEditorAssemblies (4ms)
			RefreshPlugins (0ms)
			BeforeProcessingInitializeOnLoad (101ms)
			ProcessInitializeOnLoadAttributes (355ms)
			ProcessInitializeOnLoadMethodAttributes (33ms)
			AfterProcessingInitializeOnLoad (8ms)
			EditorAssembliesLoaded (0ms)
		ExecutionOrderSort2 (0ms)
		AwakeInstancesAfterBackupRestoration (10ms)
Refreshing native plugins compatible for Editor in 3.93 ms, found 4 plugins.
Preloading 0 native plugins for Editor in 0.00 ms.
Unloading 4186 Unused Serialized files (Serialized files now loaded: 0)
Unloading 62 unused Assets / (244.6 KB). Loaded Objects now: 4862.
Memory consumption went from 189.4 MB to 189.1 MB.
Total: 3.896600 ms (FindLiveObjects: 0.273600 ms CreateObjectMapping: 0.215800 ms MarkObjects: 3.007200 ms  DeleteObjects: 0.398600 ms)

Prepare: number of updated asset objects reloaded= 0
AssetImportParameters requested are different than current active one (requested -> active):
  custom:container-demuxer-ogg: 62fdf1f143b41e24485cea50d1cbac27 -> 
  custom:video-decoder-ogg-theora: a1e56fd34408186e4bbccfd4996cb3dc -> 
  custom:framework-win-MediaFoundation: 216162199b28c13a410421893ffa2e32 -> 
  custom:CustomObjectIndexerAttribute: 9a22284fe3817be447336de3de66b15e -> 
  custom:container-demuxer-webm: 4f35f7cbe854078d1ac9338744f61a02 -> 
  custom:container-muxer-webm: aa71ff27fc2769a1b78a27578f13a17b -> 
  custom:video-decoder-webm-vp8: 9c59270c3fd7afecdb556c50c9e8de78 -> 
  custom:scripting/monoscript/fileName/VideoControl.cs: 5e1a9762ac1e98c9c4461949ed36b9e7 -> 
  custom:SearchIndexIgnoredProperties: e643bd26f0fe6173181afceb89e7c659 -> 
  custom:AudioImporter_EditorPlatform: d09bf68614088b80899f8185d706f6e7 -> 
  custom:video-encoder-webm-vp8: eb34c28f22e8b96e1ab97ce403110664 -> 
  custom:audio-decoder-ogg-vorbis: bf7c407c2cedff20999df2af8eb42d56 -> 
  custom:audio-encoder-webm-vorbis: bf7c407c2cedff20999df2af8eb42d56 -> 
========================================================================
Received Prepare
Begin MonoManager ReloadAssembly
- Loaded All Assemblies, in  0.510 seconds
Refreshing native plugins compatible for Editor in 3.81 ms, found 4 plugins.
Native extension for WindowsStandalone target not found
[Package Manager] Server::EnsureServerProcessIsRunning -- launch failed, reason: Unity was launched with the -noUpm command-line argument
[Package Manager] UpmClient::Send -- Unable to send message (not connected to UPM process).
[Package Manager] Cannot connect to Unity Package Manager local server
Mono: successfully reloaded assembly
- Finished resetting the current domain, in  1.176 seconds
Domain Reload Profiling: 1684ms
	BeginReloadAssembly (179ms)
		ExecutionOrderSort (0ms)
		DisableScriptedObjects (8ms)
		BackupInstance (0ms)
		ReleaseScriptingObjects (0ms)
		CreateAndSetChildDomain (44ms)
	RebuildCommonClasses (42ms)
	RebuildNativeTypeToScriptingClass (15ms)
	initialDomainReloadingComplete (27ms)
	LoadAllAssembliesAndSetupDomain (244ms)
		LoadAssemblies (321ms)
		RebuildTransferFunctionScriptingTraits (0ms)
		AnalyzeDomain (12ms)
			TypeCache.Refresh (4ms)
				TypeCache.ScanAssembly (0ms)
			ScanForSourceGeneratedMonoScriptInfo (0ms)
			ResolveRequiredComponents (6ms)
	FinalizeReload (1177ms)
		ReleaseScriptCaches (0ms)
		RebuildScriptCaches (0ms)
		SetupLoadedEditorAssemblies (581ms)
			LogAssemblyErrors (0ms)
			InitializePlatformSupportModulesInManaged (9ms)
			SetLoadedEditorAssemblies (5ms)
			RefreshPlugins (0ms)
			BeforeProcessingInitializeOnLoad (125ms)
			ProcessInitializeOnLoadAttributes (396ms)
			ProcessInitializeOnLoadMethodAttributes (39ms)
			AfterProcessingInitializeOnLoad (7ms)
			EditorAssembliesLoaded (0ms)
		ExecutionOrderSort2 (0ms)
		AwakeInstancesAfterBackupRestoration (10ms)
Refreshing native plugins compatible for Editor in 3.47 ms, found 4 plugins.
Preloading 0 native plugins for Editor in 0.00 ms.
Unloading 4186 Unused Serialized files (Serialized files now loaded: 0)
Unloading 62 unused Assets / (244.6 KB). Loaded Objects now: 4877.
Memory consumption went from 191.3 MB to 191.1 MB.
Total: 5.875800 ms (FindLiveObjects: 0.705100 ms CreateObjectMapping: 0.514600 ms MarkObjects: 4.208500 ms  DeleteObjects: 0.446500 ms)

Prepare: number of updated asset objects reloaded= 0
AssetImportParameters requested are different than current active one (requested -> active):
  custom:container-demuxer-ogg: 62fdf1f143b41e24485cea50d1cbac27 -> 
  custom:video-decoder-ogg-theora: a1e56fd34408186e4bbccfd4996cb3dc -> 
  custom:framework-win-MediaFoundation: 216162199b28c13a410421893ffa2e32 -> 
  custom:CustomObjectIndexerAttribute: 9a22284fe3817be447336de3de66b15e -> 
  custom:container-demuxer-webm: 4f35f7cbe854078d1ac9338744f61a02 -> 
  custom:container-muxer-webm: aa71ff27fc2769a1b78a27578f13a17b -> 
  custom:video-decoder-webm-vp8: 9c59270c3fd7afecdb556c50c9e8de78 -> 
  custom:scripting/monoscript/fileName/VideoControl.cs: 5e1a9762ac1e98c9c4461949ed36b9e7 -> 
  custom:SearchIndexIgnoredProperties: e643bd26f0fe6173181afceb89e7c659 -> 
  custom:AudioImporter_EditorPlatform: d09bf68614088b80899f8185d706f6e7 -> 
  custom:video-encoder-webm-vp8: eb34c28f22e8b96e1ab97ce403110664 -> 
  custom:audio-decoder-ogg-vorbis: bf7c407c2cedff20999df2af8eb42d56 -> 
  custom:audio-encoder-webm-vorbis: bf7c407c2cedff20999df2af8eb42d56 -> 
========================================================================
Received Import Request.
  Time since last request: 1847.614518 seconds.
  path: Assets/Animator/Animation/Idle/Guitar Playing.fbx
  artifactKey: Guid(2dcafd27d8e1f0c478319ef038060ad2) Importer(815301076,1909f56bfc062723c751e8b465ee728b)
Start importing Assets/Animator/Animation/Idle/Guitar Playing.fbx using Guid(2dcafd27d8e1f0c478319ef038060ad2) Importer(815301076,1909f56bfc062723c751e8b465ee728b)  -> (artifact id: '2790b2cddd61ed25720f0daa82525d04') in 0.034943 seconds
Number of updated asset objects reloaded before import = 0
Number of asset objects unloaded after import = 135
========================================================================
Received Import Request.
  Time since last request: 0.000031 seconds.
  path: Assets/Animator/Animation/Idle/Pointing Forward.fbx
  artifactKey: Guid(70e21fc8f2e70374da3adc7ed760bd4d) Importer(815301076,1909f56bfc062723c751e8b465ee728b)
Start importing Assets/Animator/Animation/Idle/Pointing Forward.fbx using Guid(70e21fc8f2e70374da3adc7ed760bd4d) Importer(815301076,1909f56bfc062723c751e8b465ee728b)  -> (artifact id: '2a20ec9c4b27d1818fd283e95f1886a7') in 0.005345 seconds
Number of updated asset objects reloaded before import = 0
Number of asset objects unloaded after import = 135
========================================================================
Received Import Request.
  Time since last request: 21.332365 seconds.
  path: Assets/Animator/Animation/Idle/Hip Hop Dancing(perfect).fbx
  artifactKey: Guid(c86f8f06faa330d48b3b5f9fddbdfa0a) Importer(815301076,1909f56bfc062723c751e8b465ee728b)
Start importing Assets/Animator/Animation/Idle/Hip Hop Dancing(perfect).fbx using Guid(c86f8f06faa330d48b3b5f9fddbdfa0a) Importer(815301076,1909f56bfc062723c751e8b465ee728b)  -> (artifact id: 'daab6e33e9b1fd107636068aa9ab4113') in 0.004952 seconds
Number of updated asset objects reloaded before import = 0
Number of asset objects unloaded after import = 137
========================================================================
Received Import Request.
  Time since last request: 0.000012 seconds.
  path: Assets/Animator/Animation/Idle/Thoughtful Head Shake.fbx
  artifactKey: Guid(c2303e23d01d55f48af8268a45d914de) Importer(815301076,1909f56bfc062723c751e8b465ee728b)
Start importing Assets/Animator/Animation/Idle/Thoughtful Head Shake.fbx using Guid(c2303e23d01d55f48af8268a45d914de) Importer(815301076,1909f56bfc062723c751e8b465ee728b)  -> (artifact id: 'f0772078fd66760954807c44c732b2b7') in 0.003424 seconds
Number of updated asset objects reloaded before import = 0
Number of asset objects unloaded after import = 137
========================================================================
Received Import Request.
  Time since last request: 0.000023 seconds.
  path: Assets/Animator/Animation/Idle/Kettlebell Swing.fbx
  artifactKey: Guid(a562241bd46128945919cdae87e2248b) Importer(815301076,1909f56bfc062723c751e8b465ee728b)
Start importing Assets/Animator/Animation/Idle/Kettlebell Swing.fbx using Guid(a562241bd46128945919cdae87e2248b) Importer(815301076,1909f56bfc062723c751e8b465ee728b)  -> (artifact id: '49e09cbb20092407a2300d27378b06c4') in 0.004186 seconds
Number of updated asset objects reloaded before import = 0
Number of asset objects unloaded after import = 137
========================================================================
Received Import Request.
  Time since last request: 2949.052844 seconds.
  path: Assets/Prefabs/Kiryu Kuro - Akatsuki.prefab
  artifactKey: Guid(32197142bed95d44aa34e072c0e93716) Importer(815301076,1909f56bfc062723c751e8b465ee728b)
Start importing Assets/Prefabs/Kiryu Kuro - Akatsuki.prefab using Guid(32197142bed95d44aa34e072c0e93716) Importer(815301076,1909f56bfc062723c751e8b465ee728b)  -> (artifact id: '5ee01dbc8130bd3940784df6c27b484d') in 1.159580 seconds
Number of updated asset objects reloaded before import = 0
Number of asset objects unloaded after import = 1564
========================================================================
Received Import Request.
  Time since last request: 302.670329 seconds.
  path: Assets/Sprite/UI/music_common_bg_bp_9s.png
  artifactKey: Guid(030898efc22b26b469f112672aca4415) Importer(815301076,1909f56bfc062723c751e8b465ee728b)
Start importing Assets/Sprite/UI/music_common_bg_bp_9s.png using Guid(030898efc22b26b469f112672aca4415) Importer(815301076,1909f56bfc062723c751e8b465ee728b)  -> (artifact id: 'd0e6893c91f54136b14e239377c6a343') in 0.040535 seconds
Number of updated asset objects reloaded before import = 0
Number of asset objects unloaded after import = 2
